<?xml version="1.0" encoding="UTF-8"?>
<coverage generated="1652373933065" clover="3.2.0">
  <project timestamp="1652373933065" name="All files">
    <metrics statements="693" coveredstatements="471" conditionals="133" coveredconditionals="60" methods="203" coveredmethods="98" elements="1029" coveredelements="629" complexity="0" loc="693" ncloc="693" packages="9" files="27" classes="27"/>
    <package name="CH6-BEJS-LUTHFIYAH">
      <metrics statements="34" coveredstatements="33" conditionals="2" coveredconditionals="2" methods="1" coveredmethods="0"/>
      <file name="app.js" path="D:\KM-BEJS-4\Chapter 6\CH6-BEJS-LUTHFIYAH\app.js">
        <metrics statements="34" coveredstatements="33" conditionals="2" coveredconditionals="2" methods="1" coveredmethods="0"/>
        <line num="1" count="5" type="stmt"/>
        <line num="2" count="5" type="stmt"/>
        <line num="3" count="5" type="stmt"/>
        <line num="4" count="5" type="cond" truecount="2" falsecount="0"/>
        <line num="5" count="5" type="stmt"/>
        <line num="6" count="5" type="stmt"/>
        <line num="8" count="5" type="stmt"/>
        <line num="9" count="5" type="stmt"/>
        <line num="10" count="5" type="stmt"/>
        <line num="13" count="5" type="stmt"/>
        <line num="14" count="5" type="stmt"/>
        <line num="15" count="5" type="stmt"/>
        <line num="16" count="5" type="stmt"/>
        <line num="19" count="5" type="stmt"/>
        <line num="20" count="5" type="stmt"/>
        <line num="21" count="5" type="stmt"/>
        <line num="22" count="5" type="stmt"/>
        <line num="25" count="5" type="stmt"/>
        <line num="29" count="5" type="stmt"/>
        <line num="30" count="5" type="stmt"/>
        <line num="32" count="5" type="stmt"/>
        <line num="33" count="5" type="stmt"/>
        <line num="38" count="5" type="stmt"/>
        <line num="39" count="5" type="stmt"/>
        <line num="42" count="5" type="stmt"/>
        <line num="43" count="5" type="stmt"/>
        <line num="44" count="5" type="stmt"/>
        <line num="46" count="5" type="stmt"/>
        <line num="47" count="5" type="stmt"/>
        <line num="48" count="5" type="stmt"/>
        <line num="49" count="5" type="stmt"/>
        <line num="52" count="5" type="stmt"/>
        <line num="53" count="0" type="stmt"/>
        <line num="58" count="5" type="stmt"/>
      </file>
    </package>
    <package name="CH6-BEJS-LUTHFIYAH.controllers">
      <metrics statements="6" coveredstatements="6" conditionals="0" coveredconditionals="0" methods="1" coveredmethods="1"/>
      <file name="time.js" path="D:\KM-BEJS-4\Chapter 6\CH6-BEJS-LUTHFIYAH\controllers\time.js">
        <metrics statements="6" coveredstatements="6" conditionals="0" coveredconditionals="0" methods="1" coveredmethods="1"/>
        <line num="1" count="5" type="stmt"/>
        <line num="3" count="5" type="stmt"/>
        <line num="4" count="7" type="stmt"/>
        <line num="5" count="7" type="stmt"/>
        <line num="6" count="7" type="stmt"/>
        <line num="7" count="7" type="stmt"/>
      </file>
    </package>
    <package name="CH6-BEJS-LUTHFIYAH.controllers.api">
      <metrics statements="222" coveredstatements="202" conditionals="58" coveredconditionals="39" methods="85" coveredmethods="74"/>
      <file name="api.home.js" path="D:\KM-BEJS-4\Chapter 6\CH6-BEJS-LUTHFIYAH\controllers\api\api.home.js">
        <metrics statements="2" coveredstatements="2" conditionals="0" coveredconditionals="0" methods="1" coveredmethods="1"/>
        <line num="1" count="6" type="stmt"/>
        <line num="2" count="1" type="stmt"/>
      </file>
      <file name="authController.js" path="D:\KM-BEJS-4\Chapter 6\CH6-BEJS-LUTHFIYAH\controllers\api\authController.js">
        <metrics statements="22" coveredstatements="20" conditionals="4" coveredconditionals="3" methods="4" coveredmethods="3"/>
        <line num="1" count="5" type="stmt"/>
        <line num="2" count="5" type="stmt"/>
        <line num="3" count="5" type="stmt"/>
        <line num="4" count="5" type="stmt"/>
        <line num="5" count="5" type="stmt"/>
        <line num="7" count="5" type="stmt"/>
        <line num="8" count="5" type="stmt"/>
        <line num="9" count="5" type="stmt"/>
        <line num="10" count="5" type="cond" truecount="2" falsecount="0"/>
        <line num="11" count="2" type="stmt"/>
        <line num="21" count="3" type="stmt"/>
        <line num="26" count="3" type="cond" truecount="1" falsecount="1"/>
        <line num="27" count="0" type="stmt"/>
        <line num="33" count="3" type="stmt"/>
        <line num="41" count="3" type="stmt"/>
        <line num="49" count="3" type="stmt"/>
        <line num="51" count="3" type="stmt"/>
        <line num="60" count="5" type="stmt"/>
        <line num="61" count="4" type="stmt"/>
        <line num="62" count="4" type="stmt"/>
        <line num="66" count="4" type="stmt"/>
        <line num="71" count="0" type="stmt"/>
      </file>
      <file name="usergamesController.js" path="D:\KM-BEJS-4\Chapter 6\CH6-BEJS-LUTHFIYAH\controllers\api\usergamesController.js">
        <metrics statements="60" coveredstatements="57" conditionals="16" coveredconditionals="13" methods="20" coveredmethods="17"/>
        <line num="1" count="5" type="stmt"/>
        <line num="2" count="5" type="stmt"/>
        <line num="4" count="5" type="stmt"/>
        <line num="5" count="1" type="stmt"/>
        <line num="12" count="1" type="stmt"/>
        <line num="18" count="0" type="stmt"/>
        <line num="24" count="5" type="stmt"/>
        <line num="25" count="2" type="stmt"/>
        <line num="26" count="2" type="stmt"/>
        <line num="27" count="2" type="stmt"/>
        <line num="35" count="1" type="stmt"/>
        <line num="41" count="0" type="stmt"/>
        <line num="47" count="5" type="stmt"/>
        <line num="48" count="4" type="stmt"/>
        <line num="49" count="4" type="stmt"/>
        <line num="50" count="4" type="stmt"/>
        <line num="55" count="4" type="cond" truecount="2" falsecount="0"/>
        <line num="56" count="1" type="stmt"/>
        <line num="59" count="1" type="stmt"/>
        <line num="62" count="3" type="stmt"/>
        <line num="67" count="3" type="cond" truecount="2" falsecount="0"/>
        <line num="68" count="1" type="stmt"/>
        <line num="71" count="1" type="stmt"/>
        <line num="73" count="2" type="stmt"/>
        <line num="81" count="2" type="stmt"/>
        <line num="87" count="0" type="stmt"/>
        <line num="95" count="5" type="stmt"/>
        <line num="96" count="2" type="stmt"/>
        <line num="97" count="2" type="stmt"/>
        <line num="105" count="2" type="cond" truecount="2" falsecount="0"/>
        <line num="106" count="1" type="stmt"/>
        <line num="107" count="1" type="stmt"/>
        <line num="108" count="1" type="stmt"/>
        <line num="110" count="1" type="stmt"/>
        <line num="116" count="1" type="cond" truecount="1" falsecount="1"/>
        <line num="117" count="1" type="stmt"/>
        <line num="121" count="5" type="stmt"/>
        <line num="122" count="3" type="stmt"/>
        <line num="123" count="3" type="stmt"/>
        <line num="124" count="3" type="stmt"/>
        <line num="125" count="3" type="stmt"/>
        <line num="127" count="3" type="cond" truecount="2" falsecount="0"/>
        <line num="128" count="2" type="stmt"/>
        <line num="129" count="2" type="stmt"/>
        <line num="130" count="2" type="stmt"/>
        <line num="132" count="1" type="stmt"/>
        <line num="143" count="1" type="stmt"/>
        <line num="148" count="2" type="cond" truecount="1" falsecount="1"/>
        <line num="149" count="2" type="stmt"/>
        <line num="153" count="5" type="stmt"/>
        <line num="154" count="2" type="stmt"/>
        <line num="155" count="2" type="stmt"/>
        <line num="157" count="2" type="cond" truecount="2" falsecount="0"/>
        <line num="158" count="1" type="stmt"/>
        <line num="159" count="1" type="stmt"/>
        <line num="160" count="1" type="stmt"/>
        <line num="162" count="1" type="stmt"/>
        <line num="165" count="1" type="stmt"/>
        <line num="170" count="1" type="cond" truecount="1" falsecount="1"/>
        <line num="171" count="1" type="stmt"/>
      </file>
      <file name="usergamesbiodataController.js" path="D:\KM-BEJS-4\Chapter 6\CH6-BEJS-LUTHFIYAH\controllers\api\usergamesbiodataController.js">
        <metrics statements="67" coveredstatements="60" conditionals="18" coveredconditionals="11" methods="30" coveredmethods="27"/>
        <line num="1" count="5" type="stmt"/>
        <line num="3" count="5" type="stmt"/>
        <line num="4" count="1" type="stmt"/>
        <line num="6" count="1" type="stmt"/>
        <line num="12" count="0" type="cond" truecount="0" falsecount="2"/>
        <line num="13" count="0" type="stmt"/>
        <line num="17" count="5" type="stmt"/>
        <line num="18" count="4" type="stmt"/>
        <line num="20" count="4" type="stmt"/>
        <line num="21" count="4" type="stmt"/>
        <line num="22" count="3" type="stmt"/>
        <line num="24" count="1" type="stmt"/>
        <line num="28" count="4" type="stmt"/>
        <line num="29" count="3" type="cond" truecount="2" falsecount="0"/>
        <line num="30" count="1" type="stmt"/>
        <line num="35" count="2" type="stmt"/>
        <line num="43" count="1" type="stmt"/>
        <line num="48" count="1" type="stmt"/>
        <line num="53" count="1" type="stmt"/>
        <line num="54" count="1" type="stmt"/>
        <line num="60" count="5" type="stmt"/>
        <line num="61" count="2" type="stmt"/>
        <line num="62" count="2" type="stmt"/>
        <line num="67" count="2" type="cond" truecount="1" falsecount="1"/>
        <line num="68" count="2" type="stmt"/>
        <line num="69" count="2" type="stmt"/>
        <line num="70" count="2" type="stmt"/>
        <line num="72" count="0" type="stmt"/>
        <line num="78" count="2" type="cond" truecount="1" falsecount="1"/>
        <line num="79" count="2" type="stmt"/>
        <line num="83" count="5" type="stmt"/>
        <line num="84" count="5" type="stmt"/>
        <line num="85" count="5" type="stmt"/>
        <line num="93" count="5" type="stmt"/>
        <line num="99" count="5" type="stmt"/>
        <line num="100" count="5" type="stmt"/>
        <line num="101" count="4" type="stmt"/>
        <line num="103" count="1" type="stmt"/>
        <line num="107" count="5" type="stmt"/>
        <line num="108" count="2" type="stmt"/>
        <line num="109" count="2" type="stmt"/>
        <line num="111" count="0" type="stmt"/>
        <line num="115" count="5" type="stmt"/>
        <line num="116" count="4" type="cond" truecount="2" falsecount="0"/>
        <line num="117" count="2" type="stmt"/>
        <line num="122" count="2" type="stmt"/>
        <line num="123" count="2" type="cond" truecount="1" falsecount="1"/>
        <line num="124" count="0" type="stmt"/>
        <line num="129" count="2" type="stmt"/>
        <line num="130" count="1" type="stmt"/>
        <line num="135" count="1" type="cond" truecount="1" falsecount="1"/>
        <line num="136" count="1" type="stmt"/>
        <line num="139" count="0" type="stmt"/>
        <line num="140" count="0" type="stmt"/>
        <line num="145" count="1" type="stmt"/>
        <line num="146" count="1" type="stmt"/>
        <line num="152" count="5" type="stmt"/>
        <line num="153" count="2" type="stmt"/>
        <line num="154" count="2" type="stmt"/>
        <line num="156" count="2" type="cond" truecount="2" falsecount="0"/>
        <line num="157" count="1" type="stmt"/>
        <line num="158" count="1" type="stmt"/>
        <line num="159" count="1" type="stmt"/>
        <line num="161" count="1" type="stmt"/>
        <line num="164" count="1" type="stmt"/>
        <line num="169" count="1" type="cond" truecount="1" falsecount="1"/>
        <line num="170" count="1" type="stmt"/>
      </file>
      <file name="usergameshistoryController.js" path="D:\KM-BEJS-4\Chapter 6\CH6-BEJS-LUTHFIYAH\controllers\api\usergameshistoryController.js">
        <metrics statements="71" coveredstatements="63" conditionals="20" coveredconditionals="12" methods="30" coveredmethods="26"/>
        <line num="1" count="5" type="stmt"/>
        <line num="2" count="5" type="stmt"/>
        <line num="4" count="5" type="stmt"/>
        <line num="5" count="1" type="stmt"/>
        <line num="7" count="1" type="stmt"/>
        <line num="13" count="0" type="cond" truecount="0" falsecount="2"/>
        <line num="14" count="0" type="stmt"/>
        <line num="18" count="5" type="stmt"/>
        <line num="19" count="4" type="stmt"/>
        <line num="21" count="4" type="stmt"/>
        <line num="22" count="4" type="stmt"/>
        <line num="23" count="3" type="stmt"/>
        <line num="25" count="1" type="stmt"/>
        <line num="29" count="4" type="stmt"/>
        <line num="30" count="3" type="cond" truecount="2" falsecount="0"/>
        <line num="31" count="1" type="stmt"/>
        <line num="36" count="2" type="stmt"/>
        <line num="38" count="2" type="stmt"/>
        <line num="45" count="1" type="stmt"/>
        <line num="50" count="1" type="cond" truecount="1" falsecount="1"/>
        <line num="51" count="1" type="stmt"/>
        <line num="54" count="1" type="stmt"/>
        <line num="55" count="1" type="stmt"/>
        <line num="61" count="5" type="stmt"/>
        <line num="62" count="2" type="stmt"/>
        <line num="63" count="2" type="stmt"/>
        <line num="65" count="2" type="cond" truecount="2" falsecount="0"/>
        <line num="66" count="1" type="stmt"/>
        <line num="67" count="1" type="stmt"/>
        <line num="68" count="1" type="stmt"/>
        <line num="70" count="1" type="stmt"/>
        <line num="76" count="1" type="cond" truecount="1" falsecount="1"/>
        <line num="77" count="1" type="stmt"/>
        <line num="81" count="5" type="stmt"/>
        <line num="82" count="5" type="stmt"/>
        <line num="83" count="5" type="stmt"/>
        <line num="84" count="5" type="stmt"/>
        <line num="91" count="5" type="stmt"/>
        <line num="97" count="5" type="stmt"/>
        <line num="98" count="5" type="stmt"/>
        <line num="99" count="4" type="stmt"/>
        <line num="101" count="1" type="stmt"/>
        <line num="105" count="5" type="stmt"/>
        <line num="106" count="1" type="stmt"/>
        <line num="107" count="1" type="stmt"/>
        <line num="109" count="0" type="stmt"/>
        <line num="113" count="5" type="stmt"/>
        <line num="114" count="4" type="cond" truecount="2" falsecount="0"/>
        <line num="115" count="3" type="stmt"/>
        <line num="120" count="1" type="stmt"/>
        <line num="121" count="1" type="cond" truecount="1" falsecount="1"/>
        <line num="122" count="0" type="stmt"/>
        <line num="127" count="1" type="stmt"/>
        <line num="128" count="1" type="stmt"/>
        <line num="133" count="0" type="cond" truecount="0" falsecount="2"/>
        <line num="134" count="0" type="stmt"/>
        <line num="137" count="0" type="stmt"/>
        <line num="138" count="0" type="stmt"/>
        <line num="143" count="1" type="stmt"/>
        <line num="144" count="1" type="stmt"/>
        <line num="150" count="5" type="stmt"/>
        <line num="151" count="2" type="stmt"/>
        <line num="152" count="2" type="stmt"/>
        <line num="154" count="2" type="cond" truecount="2" falsecount="0"/>
        <line num="155" count="1" type="stmt"/>
        <line num="156" count="1" type="stmt"/>
        <line num="157" count="1" type="stmt"/>
        <line num="159" count="1" type="stmt"/>
        <line num="162" count="1" type="stmt"/>
        <line num="167" count="1" type="cond" truecount="1" falsecount="1"/>
        <line num="168" count="1" type="stmt"/>
      </file>
    </package>
    <package name="CH6-BEJS-LUTHFIYAH.controllers.view">
      <metrics statements="243" coveredstatements="48" conditionals="52" coveredconditionals="4" methods="96" coveredmethods="6"/>
      <file name="authController.js" path="D:\KM-BEJS-4\Chapter 6\CH6-BEJS-LUTHFIYAH\controllers\view\authController.js">
        <metrics statements="20" coveredstatements="19" conditionals="4" coveredconditionals="4" methods="7" coveredmethods="6"/>
        <line num="1" count="5" type="stmt"/>
        <line num="2" count="5" type="stmt"/>
        <line num="4" count="5" type="stmt"/>
        <line num="5" count="1" type="stmt"/>
        <line num="8" count="5" type="stmt"/>
        <line num="9" count="1" type="stmt"/>
        <line num="12" count="5" type="stmt"/>
        <line num="13" count="3" type="stmt"/>
        <line num="14" count="3" type="stmt"/>
        <line num="15" count="3" type="stmt"/>
        <line num="20" count="3" type="cond" truecount="2" falsecount="0"/>
        <line num="21" count="1" type="stmt"/>
        <line num="22" count="1" type="stmt"/>
        <line num="25" count="2" type="stmt"/>
        <line num="30" count="2" type="cond" truecount="2" falsecount="0"/>
        <line num="31" count="1" type="stmt"/>
        <line num="32" count="1" type="stmt"/>
        <line num="34" count="1" type="stmt"/>
        <line num="42" count="1" type="stmt"/>
        <line num="45" count="0" type="stmt"/>
      </file>
      <file name="userGamesBiodataController.js" path="D:\KM-BEJS-4\Chapter 6\CH6-BEJS-LUTHFIYAH\controllers\view\userGamesBiodataController.js">
        <metrics statements="83" coveredstatements="9" conditionals="12" coveredconditionals="0" methods="34" coveredmethods="0"/>
        <line num="1" count="5" type="stmt"/>
        <line num="2" count="5" type="stmt"/>
        <line num="4" count="5" type="stmt"/>
        <line num="5" count="0" type="stmt"/>
        <line num="7" count="0" type="stmt"/>
        <line num="8" count="0" type="stmt"/>
        <line num="10" count="0" type="stmt"/>
        <line num="11" count="0" type="stmt"/>
        <line num="14" count="0" type="stmt"/>
        <line num="18" count="5" type="stmt"/>
        <line num="19" count="0" type="stmt"/>
        <line num="22" count="5" type="stmt"/>
        <line num="23" count="0" type="stmt"/>
        <line num="25" count="0" type="stmt"/>
        <line num="26" count="0" type="stmt"/>
        <line num="27" count="0" type="stmt"/>
        <line num="29" count="0" type="stmt"/>
        <line num="33" count="0" type="stmt"/>
        <line num="34" count="0" type="cond" truecount="0" falsecount="2"/>
        <line num="35" count="0" type="stmt"/>
        <line num="40" count="0" type="stmt"/>
        <line num="48" count="0" type="stmt"/>
        <line num="50" count="0" type="stmt"/>
        <line num="53" count="0" type="stmt"/>
        <line num="54" count="0" type="stmt"/>
        <line num="60" count="5" type="stmt"/>
        <line num="61" count="0" type="stmt"/>
        <line num="62" count="0" type="stmt"/>
        <line num="67" count="0" type="cond" truecount="0" falsecount="2"/>
        <line num="68" count="0" type="stmt"/>
        <line num="70" count="0" type="stmt"/>
        <line num="74" count="0" type="stmt"/>
        <line num="78" count="5" type="stmt"/>
        <line num="79" count="0" type="stmt"/>
        <line num="80" count="0" type="stmt"/>
        <line num="89" count="0" type="stmt"/>
        <line num="94" count="0" type="stmt"/>
        <line num="95" count="0" type="stmt"/>
        <line num="96" count="0" type="stmt"/>
        <line num="97" count="0" type="stmt"/>
        <line num="98" count="0" type="stmt"/>
        <line num="100" count="0" type="stmt"/>
        <line num="104" count="0" type="stmt"/>
        <line num="105" count="0" type="stmt"/>
        <line num="106" count="0" type="stmt"/>
        <line num="108" count="0" type="stmt"/>
        <line num="112" count="0" type="stmt"/>
        <line num="113" count="0" type="cond" truecount="0" falsecount="2"/>
        <line num="114" count="0" type="stmt"/>
        <line num="119" count="0" type="stmt"/>
        <line num="120" count="0" type="cond" truecount="0" falsecount="2"/>
        <line num="121" count="0" type="stmt"/>
        <line num="126" count="0" type="stmt"/>
        <line num="127" count="0" type="stmt"/>
        <line num="129" count="0" type="stmt"/>
        <line num="132" count="0" type="stmt"/>
        <line num="133" count="0" type="stmt"/>
        <line num="138" count="0" type="stmt"/>
        <line num="139" count="0" type="stmt"/>
        <line num="145" count="5" type="stmt"/>
        <line num="146" count="0" type="stmt"/>
        <line num="147" count="0" type="stmt"/>
        <line num="151" count="0" type="stmt"/>
        <line num="152" count="0" type="stmt"/>
        <line num="154" count="0" type="cond" truecount="0" falsecount="2"/>
        <line num="155" count="0" type="stmt"/>
        <line num="156" count="0" type="stmt"/>
        <line num="157" count="0" type="stmt"/>
        <line num="159" count="0" type="stmt"/>
        <line num="162" count="0" type="stmt"/>
        <line num="163" count="0" type="stmt"/>
        <line num="166" count="0" type="stmt"/>
        <line num="170" count="5" type="stmt"/>
        <line num="171" count="0" type="stmt"/>
        <line num="172" count="0" type="stmt"/>
        <line num="174" count="0" type="cond" truecount="0" falsecount="2"/>
        <line num="175" count="0" type="stmt"/>
        <line num="176" count="0" type="stmt"/>
        <line num="177" count="0" type="stmt"/>
        <line num="179" count="0" type="stmt"/>
        <line num="182" count="0" type="stmt"/>
        <line num="183" count="0" type="stmt"/>
        <line num="186" count="0" type="stmt"/>
      </file>
      <file name="userGamesController.js" path="D:\KM-BEJS-4\Chapter 6\CH6-BEJS-LUTHFIYAH\controllers\view\userGamesController.js">
        <metrics statements="50" coveredstatements="9" conditionals="12" coveredconditionals="0" methods="18" coveredmethods="0"/>
        <line num="1" count="5" type="stmt"/>
        <line num="2" count="5" type="stmt"/>
        <line num="3" count="5" type="stmt"/>
        <line num="5" count="5" type="stmt"/>
        <line num="6" count="0" type="stmt"/>
        <line num="8" count="0" type="cond" truecount="0" falsecount="2"/>
        <line num="9" count="0" type="stmt"/>
        <line num="11" count="0" type="stmt"/>
        <line num="15" count="0" type="stmt"/>
        <line num="19" count="5" type="stmt"/>
        <line num="20" count="0" type="stmt"/>
        <line num="23" count="5" type="stmt"/>
        <line num="24" count="0" type="stmt"/>
        <line num="25" count="0" type="stmt"/>
        <line num="26" count="0" type="stmt"/>
        <line num="31" count="0" type="cond" truecount="0" falsecount="2"/>
        <line num="32" count="0" type="stmt"/>
        <line num="33" count="0" type="stmt"/>
        <line num="36" count="0" type="stmt"/>
        <line num="41" count="0" type="cond" truecount="0" falsecount="2"/>
        <line num="42" count="0" type="stmt"/>
        <line num="43" count="0" type="stmt"/>
        <line num="45" count="0" type="stmt"/>
        <line num="53" count="0" type="stmt"/>
        <line num="56" count="0" type="stmt"/>
        <line num="62" count="5" type="stmt"/>
        <line num="63" count="0" type="stmt"/>
        <line num="64" count="0" type="stmt"/>
        <line num="72" count="0" type="cond" truecount="0" falsecount="2"/>
        <line num="73" count="0" type="stmt"/>
        <line num="75" count="0" type="stmt"/>
        <line num="78" count="0" type="stmt"/>
        <line num="82" count="5" type="stmt"/>
        <line num="83" count="0" type="stmt"/>
        <line num="84" count="0" type="stmt"/>
        <line num="85" count="0" type="stmt"/>
        <line num="86" count="0" type="stmt"/>
        <line num="88" count="0" type="cond" truecount="0" falsecount="2"/>
        <line num="89" count="0" type="stmt"/>
        <line num="91" count="0" type="stmt"/>
        <line num="102" count="0" type="stmt"/>
        <line num="105" count="0" type="stmt"/>
        <line num="109" count="5" type="stmt"/>
        <line num="110" count="0" type="stmt"/>
        <line num="111" count="0" type="stmt"/>
        <line num="113" count="0" type="cond" truecount="0" falsecount="2"/>
        <line num="114" count="0" type="stmt"/>
        <line num="116" count="0" type="stmt"/>
        <line num="119" count="0" type="stmt"/>
        <line num="122" count="0" type="stmt"/>
      </file>
      <file name="userGamesHistoryController.js" path="D:\KM-BEJS-4\Chapter 6\CH6-BEJS-LUTHFIYAH\controllers\view\userGamesHistoryController.js">
        <metrics statements="90" coveredstatements="11" conditionals="24" coveredconditionals="0" methods="37" coveredmethods="0"/>
        <line num="1" count="5" type="stmt"/>
        <line num="2" count="5" type="stmt"/>
        <line num="3" count="5" type="stmt"/>
        <line num="5" count="5" type="stmt"/>
        <line num="6" count="0" type="stmt"/>
        <line num="8" count="0" type="stmt"/>
        <line num="11" count="0" type="stmt"/>
        <line num="14" count="5" type="stmt"/>
        <line num="15" count="0" type="stmt"/>
        <line num="18" count="5" type="stmt"/>
        <line num="19" count="0" type="stmt"/>
        <line num="21" count="0" type="stmt"/>
        <line num="22" count="0" type="stmt"/>
        <line num="23" count="0" type="stmt"/>
        <line num="25" count="0" type="stmt"/>
        <line num="29" count="0" type="stmt"/>
        <line num="30" count="0" type="cond" truecount="0" falsecount="2"/>
        <line num="31" count="0" type="stmt"/>
        <line num="36" count="0" type="stmt"/>
        <line num="38" count="0" type="stmt"/>
        <line num="45" count="0" type="stmt"/>
        <line num="47" count="0" type="stmt"/>
        <line num="50" count="0" type="stmt"/>
        <line num="51" count="0" type="stmt"/>
        <line num="57" count="5" type="stmt"/>
        <line num="58" count="0" type="stmt"/>
        <line num="59" count="0" type="stmt"/>
        <line num="61" count="0" type="cond" truecount="0" falsecount="2"/>
        <line num="62" count="0" type="stmt"/>
        <line num="64" count="0" type="stmt"/>
        <line num="68" count="0" type="cond" truecount="0" falsecount="2"/>
        <line num="69" count="0" type="stmt"/>
        <line num="73" count="5" type="stmt"/>
        <line num="74" count="0" type="stmt"/>
        <line num="75" count="0" type="stmt"/>
        <line num="77" count="0" type="cond" truecount="0" falsecount="2"/>
        <line num="78" count="0" type="stmt"/>
        <line num="80" count="0" type="stmt"/>
        <line num="84" count="0" type="cond" truecount="0" falsecount="2"/>
        <line num="85" count="0" type="stmt"/>
        <line num="89" count="5" type="stmt"/>
        <line num="90" count="0" type="stmt"/>
        <line num="91" count="0" type="stmt"/>
        <line num="92" count="0" type="stmt"/>
        <line num="99" count="0" type="stmt"/>
        <line num="105" count="0" type="stmt"/>
        <line num="106" count="0" type="stmt"/>
        <line num="107" count="0" type="stmt"/>
        <line num="109" count="0" type="stmt"/>
        <line num="113" count="0" type="stmt"/>
        <line num="114" count="0" type="stmt"/>
        <line num="115" count="0" type="stmt"/>
        <line num="117" count="0" type="stmt"/>
        <line num="121" count="0" type="stmt"/>
        <line num="122" count="0" type="cond" truecount="0" falsecount="2"/>
        <line num="123" count="0" type="stmt"/>
        <line num="128" count="0" type="stmt"/>
        <line num="129" count="0" type="cond" truecount="0" falsecount="2"/>
        <line num="130" count="0" type="stmt"/>
        <line num="135" count="0" type="stmt"/>
        <line num="136" count="0" type="stmt"/>
        <line num="138" count="0" type="cond" truecount="0" falsecount="2"/>
        <line num="139" count="0" type="stmt"/>
        <line num="142" count="0" type="stmt"/>
        <line num="143" count="0" type="stmt"/>
        <line num="148" count="0" type="stmt"/>
        <line num="149" count="0" type="stmt"/>
        <line num="155" count="5" type="stmt"/>
        <line num="156" count="0" type="stmt"/>
        <line num="157" count="0" type="stmt"/>
        <line num="159" count="0" type="cond" truecount="0" falsecount="2"/>
        <line num="160" count="0" type="stmt"/>
        <line num="161" count="0" type="stmt"/>
        <line num="162" count="0" type="stmt"/>
        <line num="164" count="0" type="stmt"/>
        <line num="167" count="0" type="stmt"/>
        <line num="170" count="0" type="cond" truecount="0" falsecount="2"/>
        <line num="171" count="0" type="stmt"/>
        <line num="175" count="5" type="stmt"/>
        <line num="176" count="0" type="stmt"/>
        <line num="177" count="0" type="stmt"/>
        <line num="179" count="0" type="cond" truecount="0" falsecount="2"/>
        <line num="180" count="0" type="stmt"/>
        <line num="181" count="0" type="stmt"/>
        <line num="182" count="0" type="stmt"/>
        <line num="184" count="0" type="stmt"/>
        <line num="185" count="0" type="stmt"/>
        <line num="188" count="0" type="stmt"/>
        <line num="191" count="0" type="cond" truecount="0" falsecount="2"/>
        <line num="192" count="0" type="stmt"/>
      </file>
    </package>
    <package name="CH6-BEJS-LUTHFIYAH.middleware">
      <metrics statements="30" coveredstatements="27" conditionals="8" coveredconditionals="7" methods="6" coveredmethods="4"/>
      <file name="index.js" path="D:\KM-BEJS-4\Chapter 6\CH6-BEJS-LUTHFIYAH\middleware\index.js">
        <metrics statements="11" coveredstatements="11" conditionals="4" coveredconditionals="3" methods="2" coveredmethods="2"/>
        <line num="1" count="5" type="stmt"/>
        <line num="2" count="5" type="stmt"/>
        <line num="4" count="5" type="stmt"/>
        <line num="5" count="59" type="stmt"/>
        <line num="6" count="59" type="cond" truecount="2" falsecount="0"/>
        <line num="7" count="17" type="stmt"/>
        <line num="11" count="42" type="stmt"/>
        <line num="18" count="42" type="cond" truecount="1" falsecount="1"/>
        <line num="22" count="42" type="stmt"/>
        <line num="24" count="42" type="stmt"/>
        <line num="25" count="42" type="stmt"/>
      </file>
      <file name="passport-config.js" path="D:\KM-BEJS-4\Chapter 6\CH6-BEJS-LUTHFIYAH\middleware\passport-config.js">
        <metrics statements="19" coveredstatements="16" conditionals="4" coveredconditionals="4" methods="4" coveredmethods="2"/>
        <line num="3" count="5" type="stmt"/>
        <line num="4" count="5" type="stmt"/>
        <line num="5" count="5" type="stmt"/>
        <line num="6" count="5" type="stmt"/>
        <line num="8" count="5" type="stmt"/>
        <line num="10" count="4" type="stmt"/>
        <line num="11" count="4" type="stmt"/>
        <line num="12" count="4" type="cond" truecount="2" falsecount="0"/>
        <line num="13" count="1" type="stmt"/>
        <line num="15" count="3" type="stmt"/>
        <line num="16" count="3" type="cond" truecount="2" falsecount="0"/>
        <line num="17" count="1" type="stmt"/>
        <line num="19" count="2" type="stmt"/>
        <line num="21" count="0" type="stmt"/>
        <line num="26" count="5" type="stmt"/>
        <line num="27" count="2" type="stmt"/>
        <line num="30" count="5" type="stmt"/>
        <line num="31" count="0" type="stmt"/>
        <line num="32" count="0" type="stmt"/>
      </file>
    </package>
    <package name="CH6-BEJS-LUTHFIYAH.models">
      <metrics statements="36" coveredstatements="35" conditionals="9" coveredconditionals="6" methods="9" coveredmethods="9"/>
      <file name="index.js" path="D:\KM-BEJS-4\Chapter 6\CH6-BEJS-LUTHFIYAH\models\index.js">
        <metrics statements="20" coveredstatements="19" conditionals="9" coveredconditionals="6" methods="3" coveredmethods="3"/>
        <line num="3" count="5" type="stmt"/>
        <line num="4" count="5" type="stmt"/>
        <line num="5" count="5" type="stmt"/>
        <line num="6" count="5" type="stmt"/>
        <line num="7" count="5" type="cond" truecount="1" falsecount="1"/>
        <line num="8" count="5" type="stmt"/>
        <line num="9" count="5" type="stmt"/>
        <line num="12" count="5" type="cond" truecount="1" falsecount="1"/>
        <line num="13" count="0" type="stmt"/>
        <line num="15" count="5" type="stmt"/>
        <line num="18" count="5" type="stmt"/>
        <line num="21" count="20" type="cond" truecount="3" falsecount="0"/>
        <line num="24" count="15" type="stmt"/>
        <line num="25" count="15" type="stmt"/>
        <line num="28" count="5" type="stmt"/>
        <line num="29" count="15" type="cond" truecount="1" falsecount="1"/>
        <line num="30" count="15" type="stmt"/>
        <line num="34" count="5" type="stmt"/>
        <line num="35" count="5" type="stmt"/>
        <line num="37" count="5" type="stmt"/>
      </file>
      <file name="usergames.js" path="D:\KM-BEJS-4\Chapter 6\CH6-BEJS-LUTHFIYAH\models\usergames.js">
        <metrics statements="6" coveredstatements="6" conditionals="0" coveredconditionals="0" methods="2" coveredmethods="2"/>
        <line num="4" count="5" type="stmt"/>
        <line num="5" count="5" type="stmt"/>
        <line num="14" count="5" type="stmt"/>
        <line num="15" count="5" type="stmt"/>
        <line num="18" count="5" type="stmt"/>
        <line num="27" count="5" type="stmt"/>
      </file>
      <file name="usergamesbiodata.js" path="D:\KM-BEJS-4\Chapter 6\CH6-BEJS-LUTHFIYAH\models\usergamesbiodata.js">
        <metrics statements="5" coveredstatements="5" conditionals="0" coveredconditionals="0" methods="2" coveredmethods="2"/>
        <line num="4" count="5" type="stmt"/>
        <line num="5" count="5" type="stmt"/>
        <line num="14" count="5" type="stmt"/>
        <line num="17" count="5" type="stmt"/>
        <line num="29" count="5" type="stmt"/>
      </file>
      <file name="usergameshistory.js" path="D:\KM-BEJS-4\Chapter 6\CH6-BEJS-LUTHFIYAH\models\usergameshistory.js">
        <metrics statements="5" coveredstatements="5" conditionals="0" coveredconditionals="0" methods="2" coveredmethods="2"/>
        <line num="4" count="5" type="stmt"/>
        <line num="5" count="5" type="stmt"/>
        <line num="14" count="5" type="stmt"/>
        <line num="17" count="5" type="stmt"/>
        <line num="28" count="5" type="stmt"/>
      </file>
    </package>
    <package name="CH6-BEJS-LUTHFIYAH.routes">
      <metrics statements="22" coveredstatements="21" conditionals="2" coveredconditionals="1" methods="2" coveredmethods="2"/>
      <file name="authApiRouter.js" path="D:\KM-BEJS-4\Chapter 6\CH6-BEJS-LUTHFIYAH\routes\authApiRouter.js">
        <metrics statements="6" coveredstatements="6" conditionals="0" coveredconditionals="0" methods="0" coveredmethods="0"/>
        <line num="1" count="5" type="stmt"/>
        <line num="2" count="5" type="stmt"/>
        <line num="3" count="5" type="stmt"/>
        <line num="5" count="5" type="stmt"/>
        <line num="6" count="5" type="stmt"/>
        <line num="8" count="5" type="stmt"/>
      </file>
      <file name="authViewRouter.js" path="D:\KM-BEJS-4\Chapter 6\CH6-BEJS-LUTHFIYAH\routes\authViewRouter.js">
        <metrics statements="16" coveredstatements="15" conditionals="2" coveredconditionals="1" methods="2" coveredmethods="2"/>
        <line num="1" count="5" type="stmt"/>
        <line num="2" count="5" type="stmt"/>
        <line num="3" count="5" type="stmt"/>
        <line num="4" count="5" type="stmt"/>
        <line num="5" count="5" type="stmt"/>
        <line num="15" count="4" type="cond" truecount="1" falsecount="1"/>
        <line num="16" count="0" type="stmt"/>
        <line num="18" count="4" type="stmt"/>
        <line num="21" count="5" type="stmt"/>
        <line num="22" count="5" type="stmt"/>
        <line num="23" count="5" type="stmt"/>
        <line num="24" count="5" type="stmt"/>
        <line num="29" count="5" type="stmt"/>
        <line num="30" count="1" type="stmt"/>
        <line num="31" count="1" type="stmt"/>
        <line num="33" count="5" type="stmt"/>
      </file>
    </package>
    <package name="CH6-BEJS-LUTHFIYAH.routes.api">
      <metrics statements="41" coveredstatements="41" conditionals="0" coveredconditionals="0" methods="0" coveredmethods="0"/>
      <file name="api.user.games.biodata.js" path="D:\KM-BEJS-4\Chapter 6\CH6-BEJS-LUTHFIYAH\routes\api\api.user.games.biodata.js">
        <metrics statements="9" coveredstatements="9" conditionals="0" coveredconditionals="0" methods="0" coveredmethods="0"/>
        <line num="1" count="5" type="stmt"/>
        <line num="2" count="5" type="stmt"/>
        <line num="3" count="5" type="stmt"/>
        <line num="5" count="5" type="stmt"/>
        <line num="7" count="5" type="stmt"/>
        <line num="9" count="5" type="stmt"/>
        <line num="11" count="5" type="stmt"/>
        <line num="13" count="5" type="stmt"/>
        <line num="15" count="5" type="stmt"/>
      </file>
      <file name="api.user.games.history.js" path="D:\KM-BEJS-4\Chapter 6\CH6-BEJS-LUTHFIYAH\routes\api\api.user.games.history.js">
        <metrics statements="9" coveredstatements="9" conditionals="0" coveredconditionals="0" methods="0" coveredmethods="0"/>
        <line num="1" count="5" type="stmt"/>
        <line num="2" count="5" type="stmt"/>
        <line num="3" count="5" type="stmt"/>
        <line num="5" count="5" type="stmt"/>
        <line num="7" count="5" type="stmt"/>
        <line num="9" count="5" type="stmt"/>
        <line num="11" count="5" type="stmt"/>
        <line num="13" count="5" type="stmt"/>
        <line num="15" count="5" type="stmt"/>
      </file>
      <file name="api.user.games.js" path="D:\KM-BEJS-4\Chapter 6\CH6-BEJS-LUTHFIYAH\routes\api\api.user.games.js">
        <metrics statements="10" coveredstatements="10" conditionals="0" coveredconditionals="0" methods="0" coveredmethods="0"/>
        <line num="1" count="5" type="stmt"/>
        <line num="2" count="5" type="stmt"/>
        <line num="3" count="5" type="stmt"/>
        <line num="5" count="5" type="stmt"/>
        <line num="7" count="5" type="stmt"/>
        <line num="9" count="5" type="stmt"/>
        <line num="11" count="5" type="stmt"/>
        <line num="13" count="5" type="stmt"/>
        <line num="15" count="5" type="stmt"/>
        <line num="17" count="5" type="stmt"/>
      </file>
      <file name="index.js" path="D:\KM-BEJS-4\Chapter 6\CH6-BEJS-LUTHFIYAH\routes\api\index.js">
        <metrics statements="13" coveredstatements="13" conditionals="0" coveredconditionals="0" methods="0" coveredmethods="0"/>
        <line num="1" count="5" type="stmt"/>
        <line num="2" count="5" type="stmt"/>
        <line num="3" count="5" type="stmt"/>
        <line num="4" count="5" type="stmt"/>
        <line num="5" count="5" type="stmt"/>
        <line num="6" count="5" type="stmt"/>
        <line num="7" count="5" type="stmt"/>
        <line num="9" count="5" type="stmt"/>
        <line num="10" count="5" type="stmt"/>
        <line num="14" count="5" type="stmt"/>
        <line num="15" count="5" type="stmt"/>
        <line num="16" count="5" type="stmt"/>
        <line num="18" count="5" type="stmt"/>
      </file>
    </package>
    <package name="CH6-BEJS-LUTHFIYAH.routes.view">
      <metrics statements="59" coveredstatements="58" conditionals="2" coveredconditionals="1" methods="3" coveredmethods="2"/>
      <file name="index.js" path="D:\KM-BEJS-4\Chapter 6\CH6-BEJS-LUTHFIYAH\routes\view\index.js">
        <metrics statements="14" coveredstatements="13" conditionals="2" coveredconditionals="1" methods="3" coveredmethods="2"/>
        <line num="1" count="5" type="stmt"/>
        <line num="2" count="5" type="stmt"/>
        <line num="3" count="5" type="stmt"/>
        <line num="4" count="5" type="stmt"/>
        <line num="8" count="11" type="cond" truecount="1" falsecount="1"/>
        <line num="9" count="0" type="stmt"/>
        <line num="11" count="11" type="stmt"/>
        <line num="15" count="5" type="stmt"/>
        <line num="16" count="1" type="stmt"/>
        <line num="19" count="5" type="stmt"/>
        <line num="20" count="5" type="stmt"/>
        <line num="21" count="5" type="stmt"/>
        <line num="22" count="5" type="stmt"/>
        <line num="25" count="5" type="stmt"/>
      </file>
      <file name="userGamesBiodataRouter.js" path="D:\KM-BEJS-4\Chapter 6\CH6-BEJS-LUTHFIYAH\routes\view\userGamesBiodataRouter.js">
        <metrics statements="11" coveredstatements="11" conditionals="0" coveredconditionals="0" methods="0" coveredmethods="0"/>
        <line num="1" count="5" type="stmt"/>
        <line num="2" count="5" type="stmt"/>
        <line num="3" count="5" type="stmt"/>
        <line num="5" count="5" type="stmt"/>
        <line num="7" count="5" type="stmt"/>
        <line num="8" count="5" type="stmt"/>
        <line num="10" count="5" type="stmt"/>
        <line num="11" count="5" type="stmt"/>
        <line num="13" count="5" type="stmt"/>
        <line num="14" count="5" type="stmt"/>
        <line num="17" count="5" type="stmt"/>
      </file>
      <file name="userGamesHistoryRouter.js" path="D:\KM-BEJS-4\Chapter 6\CH6-BEJS-LUTHFIYAH\routes\view\userGamesHistoryRouter.js">
        <metrics statements="12" coveredstatements="12" conditionals="0" coveredconditionals="0" methods="0" coveredmethods="0"/>
        <line num="1" count="5" type="stmt"/>
        <line num="2" count="5" type="stmt"/>
        <line num="3" count="5" type="stmt"/>
        <line num="5" count="5" type="stmt"/>
        <line num="7" count="5" type="stmt"/>
        <line num="8" count="5" type="stmt"/>
        <line num="10" count="5" type="stmt"/>
        <line num="11" count="5" type="stmt"/>
        <line num="12" count="5" type="stmt"/>
        <line num="14" count="5" type="stmt"/>
        <line num="15" count="5" type="stmt"/>
        <line num="18" count="5" type="stmt"/>
      </file>
      <file name="userGamesRouter.js" path="D:\KM-BEJS-4\Chapter 6\CH6-BEJS-LUTHFIYAH\routes\view\userGamesRouter.js">
        <metrics statements="22" coveredstatements="22" conditionals="0" coveredconditionals="0" methods="0" coveredmethods="0"/>
        <line num="1" count="5" type="stmt"/>
        <line num="2" count="5" type="stmt"/>
        <line num="3" count="5" type="stmt"/>
        <line num="4" count="5" type="stmt"/>
        <line num="5" count="5" type="stmt"/>
        <line num="7" count="5" type="stmt"/>
        <line num="9" count="5" type="stmt"/>
        <line num="10" count="5" type="stmt"/>
        <line num="12" count="5" type="stmt"/>
        <line num="13" count="5" type="stmt"/>
        <line num="15" count="5" type="stmt"/>
        <line num="16" count="5" type="stmt"/>
        <line num="18" count="5" type="stmt"/>
        <line num="19" count="5" type="stmt"/>
        <line num="21" count="5" type="stmt"/>
        <line num="22" count="5" type="stmt"/>
        <line num="24" count="5" type="stmt"/>
        <line num="25" count="5" type="stmt"/>
        <line num="27" count="5" type="stmt"/>
        <line num="28" count="5" type="stmt"/>
        <line num="29" count="5" type="stmt"/>
        <line num="31" count="5" type="stmt"/>
      </file>
    </package>
  </project>
</coverage>
