{"D:\\KM-BEJS-4\\Chapter 6\\CH6-BEJS-LUTHFIYAH\\app.js": {"path":"D:\\KM-BEJS-4\\Chapter 6\\CH6-BEJS-LUTHFIYAH\\app.js","statementMap":{"0":{"start":{"line":1,"column":16},"end":{"line":1,"column":34}},"1":{"start":{"line":2,"column":16},"end":{"line":2,"column":42}},"2":{"start":{"line":3,"column":12},"end":{"line":3,"column":21}},"3":{"start":{"line":4,"column":13},"end":{"line":4,"column":37}},"4":{"start":{"line":5,"column":13},"end":{"line":5,"column":28}},"5":{"start":{"line":6,"column":19},"end":{"line":6,"column":41}},"6":{"start":{"line":8,"column":17},"end":{"line":8,"column":36}},"7":{"start":{"line":9,"column":14},"end":{"line":9,"column":38}},"8":{"start":{"line":10,"column":0},"end":{"line":10,"column":39}},"9":{"start":{"line":13,"column":18},"end":{"line":13,"column":41}},"10":{"start":{"line":14,"column":19},"end":{"line":14,"column":43}},"11":{"start":{"line":15,"column":22},"end":{"line":15,"column":55}},"12":{"start":{"line":16,"column":23},"end":{"line":16,"column":57}},"13":{"start":{"line":19,"column":20},"end":{"line":19,"column":54}},"14":{"start":{"line":20,"column":13},"end":{"line":20,"column":30}},"15":{"start":{"line":21,"column":24},"end":{"line":21,"column":63}},"16":{"start":{"line":22,"column":18},"end":{"line":22,"column":47}},"17":{"start":{"line":25,"column":0},"end":{"line":25,"column":62}},"18":{"start":{"line":29,"column":0},"end":{"line":29,"column":52}},"19":{"start":{"line":30,"column":0},"end":{"line":30,"column":24}},"20":{"start":{"line":32,"column":0},"end":{"line":32,"column":17}},"21":{"start":{"line":33,"column":0},"end":{"line":37,"column":3}},"22":{"start":{"line":38,"column":0},"end":{"line":38,"column":30}},"23":{"start":{"line":39,"column":0},"end":{"line":39,"column":27}},"24":{"start":{"line":42,"column":0},"end":{"line":42,"column":67}},"25":{"start":{"line":43,"column":0},"end":{"line":43,"column":48}},"26":{"start":{"line":44,"column":0},"end":{"line":44,"column":30}},"27":{"start":{"line":46,"column":0},"end":{"line":46,"column":25}},"28":{"start":{"line":47,"column":0},"end":{"line":47,"column":30}},"29":{"start":{"line":48,"column":0},"end":{"line":48,"column":23}},"30":{"start":{"line":49,"column":0},"end":{"line":49,"column":24}},"31":{"start":{"line":52,"column":0},"end":{"line":54,"column":3}},"32":{"start":{"line":53,"column":4},"end":{"line":53,"column":41}},"33":{"start":{"line":58,"column":0},"end":{"line":58,"column":20}}},"fnMap":{"0":{"name":"(anonymous_0)","decl":{"start":{"line":52,"column":8},"end":{"line":52,"column":9}},"loc":{"start":{"line":52,"column":28},"end":{"line":54,"column":1}},"line":52}},"branchMap":{"0":{"loc":{"start":{"line":4,"column":13},"end":{"line":4,"column":37}},"type":"binary-expr","locations":[{"start":{"line":4,"column":13},"end":{"line":4,"column":29}},{"start":{"line":4,"column":33},"end":{"line":4,"column":37}}],"line":4}},"s":{"0":5,"1":5,"2":5,"3":5,"4":5,"5":5,"6":5,"7":5,"8":5,"9":5,"10":5,"11":5,"12":5,"13":5,"14":5,"15":5,"16":5,"17":5,"18":5,"19":5,"20":5,"21":5,"22":5,"23":5,"24":5,"25":5,"26":5,"27":5,"28":5,"29":5,"30":5,"31":5,"32":0,"33":5},"f":{"0":0},"b":{"0":[5,5]},"_coverageSchema":"1a1c01bbd47fc00a2c39e90264f33305004495a9","hash":"490ad923e97a42fdd7611c9380f129e49b516d86"}
,"D:\\KM-BEJS-4\\Chapter 6\\CH6-BEJS-LUTHFIYAH\\controllers\\time.js": {"path":"D:\\KM-BEJS-4\\Chapter 6\\CH6-BEJS-LUTHFIYAH\\controllers\\time.js","statementMap":{"0":{"start":{"line":1,"column":15},"end":{"line":1,"column":32}},"1":{"start":{"line":3,"column":0},"end":{"line":8,"column":1}},"2":{"start":{"line":4,"column":11},"end":{"line":4,"column":86}},"3":{"start":{"line":5,"column":10},"end":{"line":5,"column":29}},"4":{"start":{"line":6,"column":10},"end":{"line":6,"column":67}},"5":{"start":{"line":7,"column":2},"end":{"line":7,"column":11}}},"fnMap":{"0":{"name":"getInterval","decl":{"start":{"line":3,"column":26},"end":{"line":3,"column":37}},"loc":{"start":{"line":3,"column":50},"end":{"line":8,"column":1}},"line":3}},"branchMap":{},"s":{"0":5,"1":5,"2":7,"3":7,"4":7,"5":7},"f":{"0":7},"b":{},"_coverageSchema":"1a1c01bbd47fc00a2c39e90264f33305004495a9","hash":"7bce04ce8da3ca1744089749c414ed1dcd0a1327"}
,"D:\\KM-BEJS-4\\Chapter 6\\CH6-BEJS-LUTHFIYAH\\controllers\\api\\api.home.js": {"path":"D:\\KM-BEJS-4\\Chapter 6\\CH6-BEJS-LUTHFIYAH\\controllers\\api\\api.home.js","statementMap":{"0":{"start":{"line":1,"column":0},"end":{"line":5,"column":4}},"1":{"start":{"line":2,"column":8},"end":{"line":4,"column":11}}},"fnMap":{"0":{"name":"(anonymous_0)","decl":{"start":{"line":1,"column":15},"end":{"line":1,"column":16}},"loc":{"start":{"line":1,"column":35},"end":{"line":5,"column":3}},"line":1}},"branchMap":{},"s":{"0":6,"1":1},"f":{"0":1},"b":{},"_coverageSchema":"1a1c01bbd47fc00a2c39e90264f33305004495a9","hash":"6996b3ad927c2ad7874c3280d0aa9f8dfa4c23fc"}
,"D:\\KM-BEJS-4\\Chapter 6\\CH6-BEJS-LUTHFIYAH\\controllers\\api\\authController.js": {"path":"D:\\KM-BEJS-4\\Chapter 6\\CH6-BEJS-LUTHFIYAH\\controllers\\api\\authController.js","statementMap":{"0":{"start":{"line":1,"column":58},"end":{"line":1,"column":81}},"1":{"start":{"line":2,"column":12},"end":{"line":2,"column":35}},"2":{"start":{"line":3,"column":15},"end":{"line":3,"column":32}},"3":{"start":{"line":4,"column":19},"end":{"line":4,"column":34}},"4":{"start":{"line":5,"column":15},"end":{"line":5,"column":34}},"5":{"start":{"line":7,"column":0},"end":{"line":58,"column":1}},"6":{"start":{"line":8,"column":33},"end":{"line":8,"column":41}},"7":{"start":{"line":9,"column":21},"end":{"line":9,"column":79}},"8":{"start":{"line":10,"column":4},"end":{"line":14,"column":5}},"9":{"start":{"line":11,"column":8},"end":{"line":13,"column":10}},"10":{"start":{"line":21,"column":26},"end":{"line":24,"column":7}},"11":{"start":{"line":26,"column":6},"end":{"line":31,"column":7}},"12":{"start":{"line":27,"column":8},"end":{"line":30,"column":11}},"13":{"start":{"line":33,"column":16},"end":{"line":39,"column":6}},"14":{"start":{"line":41,"column":4},"end":{"line":47,"column":6}},"15":{"start":{"line":49,"column":4},"end":{"line":49,"column":29}},"16":{"start":{"line":51,"column":4},"end":{"line":57,"column":6}},"17":{"start":{"line":60,"column":0},"end":{"line":75,"column":1}},"18":{"start":{"line":61,"column":33},"end":{"line":61,"column":41}},"19":{"start":{"line":62,"column":4},"end":{"line":74,"column":6}},"20":{"start":{"line":66,"column":8},"end":{"line":69,"column":10}},"21":{"start":{"line":71,"column":8},"end":{"line":73,"column":10}}},"fnMap":{"0":{"name":"(anonymous_0)","decl":{"start":{"line":7,"column":16},"end":{"line":7,"column":17}},"loc":{"start":{"line":7,"column":36},"end":{"line":58,"column":1}},"line":7},"1":{"name":"(anonymous_1)","decl":{"start":{"line":60,"column":19},"end":{"line":60,"column":20}},"loc":{"start":{"line":60,"column":39},"end":{"line":75,"column":1}},"line":60},"2":{"name":"(anonymous_2)","decl":{"start":{"line":65,"column":12},"end":{"line":65,"column":13}},"loc":{"start":{"line":65,"column":27},"end":{"line":70,"column":5}},"line":65},"3":{"name":"(anonymous_3)","decl":{"start":{"line":70,"column":13},"end":{"line":70,"column":14}},"loc":{"start":{"line":70,"column":22},"end":{"line":74,"column":5}},"line":70}},"branchMap":{"0":{"loc":{"start":{"line":10,"column":4},"end":{"line":14,"column":5}},"type":"if","locations":[{"start":{"line":10,"column":4},"end":{"line":14,"column":5}},{"start":{},"end":{}}],"line":10},"1":{"loc":{"start":{"line":26,"column":6},"end":{"line":31,"column":7}},"type":"if","locations":[{"start":{"line":26,"column":6},"end":{"line":31,"column":7}},{"start":{},"end":{}}],"line":26}},"s":{"0":5,"1":5,"2":5,"3":5,"4":5,"5":5,"6":5,"7":5,"8":5,"9":2,"10":3,"11":3,"12":0,"13":3,"14":3,"15":3,"16":3,"17":5,"18":4,"19":4,"20":4,"21":0},"f":{"0":5,"1":4,"2":4,"3":0},"b":{"0":[2,3],"1":[0,3]},"_coverageSchema":"1a1c01bbd47fc00a2c39e90264f33305004495a9","hash":"93ce6eee1797ecae8ecaba839727b55eb7caa490"}
,"D:\\KM-BEJS-4\\Chapter 6\\CH6-BEJS-LUTHFIYAH\\controllers\\api\\usergamesController.js": {"path":"D:\\KM-BEJS-4\\Chapter 6\\CH6-BEJS-LUTHFIYAH\\controllers\\api\\usergamesController.js","statementMap":{"0":{"start":{"line":1,"column":58},"end":{"line":1,"column":81}},"1":{"start":{"line":2,"column":15},"end":{"line":2,"column":34}},"2":{"start":{"line":4,"column":0},"end":{"line":22,"column":2}},"3":{"start":{"line":5,"column":2},"end":{"line":21,"column":7}},"4":{"start":{"line":12,"column":6},"end":{"line":15,"column":9}},"5":{"start":{"line":18,"column":6},"end":{"line":20,"column":9}},"6":{"start":{"line":24,"column":0},"end":{"line":45,"column":2}},"7":{"start":{"line":25,"column":39},"end":{"line":25,"column":47}},"8":{"start":{"line":26,"column":14},"end":{"line":26,"column":24}},"9":{"start":{"line":27,"column":2},"end":{"line":44,"column":7}},"10":{"start":{"line":35,"column":6},"end":{"line":38,"column":9}},"11":{"start":{"line":41,"column":6},"end":{"line":43,"column":9}},"12":{"start":{"line":47,"column":0},"end":{"line":94,"column":2}},"13":{"start":{"line":48,"column":39},"end":{"line":48,"column":48}},"14":{"start":{"line":49,"column":14},"end":{"line":49,"column":24}},"15":{"start":{"line":50,"column":2},"end":{"line":92,"column":5}},"16":{"start":{"line":55,"column":4},"end":{"line":60,"column":5}},"17":{"start":{"line":56,"column":6},"end":{"line":58,"column":9}},"18":{"start":{"line":59,"column":6},"end":{"line":59,"column":13}},"19":{"start":{"line":62,"column":4},"end":{"line":91,"column":7}},"20":{"start":{"line":67,"column":6},"end":{"line":72,"column":7}},"21":{"start":{"line":68,"column":8},"end":{"line":70,"column":11}},"22":{"start":{"line":71,"column":8},"end":{"line":71,"column":15}},"23":{"start":{"line":73,"column":6},"end":{"line":90,"column":11}},"24":{"start":{"line":81,"column":10},"end":{"line":84,"column":13}},"25":{"start":{"line":87,"column":10},"end":{"line":89,"column":13}},"26":{"start":{"line":95,"column":0},"end":{"line":119,"column":2}},"27":{"start":{"line":96,"column":13},"end":{"line":96,"column":26}},"28":{"start":{"line":97,"column":2},"end":{"line":118,"column":7}},"29":{"start":{"line":105,"column":6},"end":{"line":109,"column":7}},"30":{"start":{"line":106,"column":22},"end":{"line":106,"column":76}},"31":{"start":{"line":107,"column":8},"end":{"line":107,"column":31}},"32":{"start":{"line":108,"column":8},"end":{"line":108,"column":20}},"33":{"start":{"line":110,"column":6},"end":{"line":113,"column":9}},"34":{"start":{"line":116,"column":6},"end":{"line":116,"column":44}},"35":{"start":{"line":116,"column":25},"end":{"line":116,"column":44}},"36":{"start":{"line":117,"column":6},"end":{"line":117,"column":18}},"37":{"start":{"line":121,"column":0},"end":{"line":151,"column":2}},"38":{"start":{"line":122,"column":13},"end":{"line":122,"column":26}},"39":{"start":{"line":123,"column":39},"end":{"line":123,"column":47}},"40":{"start":{"line":124,"column":14},"end":{"line":124,"column":24}},"41":{"start":{"line":125,"column":2},"end":{"line":150,"column":7}},"42":{"start":{"line":127,"column":6},"end":{"line":131,"column":7}},"43":{"start":{"line":128,"column":22},"end":{"line":128,"column":76}},"44":{"start":{"line":129,"column":8},"end":{"line":129,"column":27}},"45":{"start":{"line":130,"column":8},"end":{"line":130,"column":20}},"46":{"start":{"line":132,"column":6},"end":{"line":142,"column":8}},"47":{"start":{"line":143,"column":6},"end":{"line":145,"column":9}},"48":{"start":{"line":148,"column":6},"end":{"line":148,"column":44}},"49":{"start":{"line":148,"column":25},"end":{"line":148,"column":44}},"50":{"start":{"line":149,"column":6},"end":{"line":149,"column":18}},"51":{"start":{"line":153,"column":0},"end":{"line":173,"column":2}},"52":{"start":{"line":154,"column":17},"end":{"line":154,"column":27}},"53":{"start":{"line":155,"column":2},"end":{"line":172,"column":7}},"54":{"start":{"line":157,"column":6},"end":{"line":161,"column":7}},"55":{"start":{"line":158,"column":22},"end":{"line":158,"column":76}},"56":{"start":{"line":159,"column":8},"end":{"line":159,"column":27}},"57":{"start":{"line":160,"column":8},"end":{"line":160,"column":20}},"58":{"start":{"line":162,"column":6},"end":{"line":164,"column":9}},"59":{"start":{"line":165,"column":6},"end":{"line":167,"column":9}},"60":{"start":{"line":170,"column":6},"end":{"line":170,"column":44}},"61":{"start":{"line":170,"column":25},"end":{"line":170,"column":44}},"62":{"start":{"line":171,"column":6},"end":{"line":171,"column":18}}},"fnMap":{"0":{"name":"(anonymous_0)","decl":{"start":{"line":4,"column":23},"end":{"line":4,"column":24}},"loc":{"start":{"line":4,"column":43},"end":{"line":22,"column":1}},"line":4},"1":{"name":"(anonymous_1)","decl":{"start":{"line":11,"column":10},"end":{"line":11,"column":11}},"loc":{"start":{"line":11,"column":26},"end":{"line":16,"column":5}},"line":11},"2":{"name":"(anonymous_2)","decl":{"start":{"line":17,"column":11},"end":{"line":17,"column":12}},"loc":{"start":{"line":17,"column":22},"end":{"line":21,"column":5}},"line":17},"3":{"name":"(anonymous_3)","decl":{"start":{"line":24,"column":23},"end":{"line":24,"column":24}},"loc":{"start":{"line":24,"column":43},"end":{"line":45,"column":1}},"line":24},"4":{"name":"(anonymous_4)","decl":{"start":{"line":34,"column":10},"end":{"line":34,"column":11}},"loc":{"start":{"line":34,"column":20},"end":{"line":39,"column":5}},"line":34},"5":{"name":"(anonymous_5)","decl":{"start":{"line":40,"column":11},"end":{"line":40,"column":12}},"loc":{"start":{"line":40,"column":22},"end":{"line":44,"column":5}},"line":40},"6":{"name":"(anonymous_6)","decl":{"start":{"line":47,"column":26},"end":{"line":47,"column":27}},"loc":{"start":{"line":47,"column":46},"end":{"line":94,"column":1}},"line":47},"7":{"name":"(anonymous_7)","decl":{"start":{"line":54,"column":10},"end":{"line":54,"column":11}},"loc":{"start":{"line":54,"column":18},"end":{"line":92,"column":3}},"line":54},"8":{"name":"(anonymous_8)","decl":{"start":{"line":66,"column":12},"end":{"line":66,"column":13}},"loc":{"start":{"line":66,"column":20},"end":{"line":91,"column":5}},"line":66},"9":{"name":"(anonymous_9)","decl":{"start":{"line":80,"column":14},"end":{"line":80,"column":15}},"loc":{"start":{"line":80,"column":24},"end":{"line":85,"column":9}},"line":80},"10":{"name":"(anonymous_10)","decl":{"start":{"line":86,"column":15},"end":{"line":86,"column":16}},"loc":{"start":{"line":86,"column":26},"end":{"line":90,"column":9}},"line":86},"11":{"name":"(anonymous_11)","decl":{"start":{"line":95,"column":27},"end":{"line":95,"column":28}},"loc":{"start":{"line":95,"column":47},"end":{"line":119,"column":1}},"line":95},"12":{"name":"(anonymous_12)","decl":{"start":{"line":104,"column":10},"end":{"line":104,"column":11}},"loc":{"start":{"line":104,"column":25},"end":{"line":114,"column":5}},"line":104},"13":{"name":"(anonymous_13)","decl":{"start":{"line":115,"column":11},"end":{"line":115,"column":12}},"loc":{"start":{"line":115,"column":22},"end":{"line":118,"column":5}},"line":115},"14":{"name":"(anonymous_14)","decl":{"start":{"line":121,"column":26},"end":{"line":121,"column":27}},"loc":{"start":{"line":121,"column":46},"end":{"line":151,"column":1}},"line":121},"15":{"name":"(anonymous_15)","decl":{"start":{"line":126,"column":10},"end":{"line":126,"column":11}},"loc":{"start":{"line":126,"column":25},"end":{"line":146,"column":5}},"line":126},"16":{"name":"(anonymous_16)","decl":{"start":{"line":147,"column":11},"end":{"line":147,"column":12}},"loc":{"start":{"line":147,"column":22},"end":{"line":150,"column":5}},"line":147},"17":{"name":"(anonymous_17)","decl":{"start":{"line":153,"column":26},"end":{"line":153,"column":27}},"loc":{"start":{"line":153,"column":46},"end":{"line":173,"column":1}},"line":153},"18":{"name":"(anonymous_18)","decl":{"start":{"line":156,"column":10},"end":{"line":156,"column":11}},"loc":{"start":{"line":156,"column":20},"end":{"line":168,"column":5}},"line":156},"19":{"name":"(anonymous_19)","decl":{"start":{"line":169,"column":11},"end":{"line":169,"column":12}},"loc":{"start":{"line":169,"column":22},"end":{"line":172,"column":5}},"line":169}},"branchMap":{"0":{"loc":{"start":{"line":55,"column":4},"end":{"line":60,"column":5}},"type":"if","locations":[{"start":{"line":55,"column":4},"end":{"line":60,"column":5}},{"start":{},"end":{}}],"line":55},"1":{"loc":{"start":{"line":67,"column":6},"end":{"line":72,"column":7}},"type":"if","locations":[{"start":{"line":67,"column":6},"end":{"line":72,"column":7}},{"start":{},"end":{}}],"line":67},"2":{"loc":{"start":{"line":105,"column":6},"end":{"line":109,"column":7}},"type":"if","locations":[{"start":{"line":105,"column":6},"end":{"line":109,"column":7}},{"start":{},"end":{}}],"line":105},"3":{"loc":{"start":{"line":116,"column":6},"end":{"line":116,"column":44}},"type":"if","locations":[{"start":{"line":116,"column":6},"end":{"line":116,"column":44}},{"start":{},"end":{}}],"line":116},"4":{"loc":{"start":{"line":127,"column":6},"end":{"line":131,"column":7}},"type":"if","locations":[{"start":{"line":127,"column":6},"end":{"line":131,"column":7}},{"start":{},"end":{}}],"line":127},"5":{"loc":{"start":{"line":148,"column":6},"end":{"line":148,"column":44}},"type":"if","locations":[{"start":{"line":148,"column":6},"end":{"line":148,"column":44}},{"start":{},"end":{}}],"line":148},"6":{"loc":{"start":{"line":157,"column":6},"end":{"line":161,"column":7}},"type":"if","locations":[{"start":{"line":157,"column":6},"end":{"line":161,"column":7}},{"start":{},"end":{}}],"line":157},"7":{"loc":{"start":{"line":170,"column":6},"end":{"line":170,"column":44}},"type":"if","locations":[{"start":{"line":170,"column":6},"end":{"line":170,"column":44}},{"start":{},"end":{}}],"line":170}},"s":{"0":5,"1":5,"2":5,"3":1,"4":1,"5":0,"6":5,"7":2,"8":2,"9":2,"10":1,"11":0,"12":5,"13":4,"14":4,"15":4,"16":4,"17":1,"18":1,"19":3,"20":3,"21":1,"22":1,"23":2,"24":2,"25":0,"26":5,"27":2,"28":2,"29":2,"30":1,"31":1,"32":1,"33":1,"34":1,"35":1,"36":1,"37":5,"38":3,"39":3,"40":3,"41":3,"42":3,"43":2,"44":2,"45":2,"46":1,"47":1,"48":2,"49":0,"50":2,"51":5,"52":2,"53":2,"54":2,"55":1,"56":1,"57":1,"58":1,"59":1,"60":1,"61":0,"62":1},"f":{"0":1,"1":1,"2":0,"3":2,"4":1,"5":0,"6":4,"7":4,"8":3,"9":2,"10":0,"11":2,"12":2,"13":1,"14":3,"15":3,"16":2,"17":2,"18":2,"19":1},"b":{"0":[1,3],"1":[1,2],"2":[1,1],"3":[1,0],"4":[2,1],"5":[0,2],"6":[1,1],"7":[0,1]},"_coverageSchema":"1a1c01bbd47fc00a2c39e90264f33305004495a9","hash":"2e02c3d0c53a38720cde1e155fcefb37719f624b"}
,"D:\\KM-BEJS-4\\Chapter 6\\CH6-BEJS-LUTHFIYAH\\controllers\\api\\usergamesbiodataController.js": {"path":"D:\\KM-BEJS-4\\Chapter 6\\CH6-BEJS-LUTHFIYAH\\controllers\\api\\usergamesbiodataController.js","statementMap":{"0":{"start":{"line":1,"column":40},"end":{"line":1,"column":63}},"1":{"start":{"line":3,"column":0},"end":{"line":15,"column":2}},"2":{"start":{"line":4,"column":2},"end":{"line":14,"column":7}},"3":{"start":{"line":6,"column":6},"end":{"line":9,"column":9}},"4":{"start":{"line":12,"column":6},"end":{"line":12,"column":44}},"5":{"start":{"line":12,"column":25},"end":{"line":12,"column":44}},"6":{"start":{"line":13,"column":6},"end":{"line":13,"column":18}},"7":{"start":{"line":17,"column":0},"end":{"line":58,"column":2}},"8":{"start":{"line":18,"column":78},"end":{"line":18,"column":86}},"9":{"start":{"line":20,"column":25},"end":{"line":26,"column":3}},"10":{"start":{"line":21,"column":4},"end":{"line":25,"column":6}},"11":{"start":{"line":22,"column":6},"end":{"line":22,"column":31}},"12":{"start":{"line":24,"column":6},"end":{"line":24,"column":24}},"13":{"start":{"line":28,"column":2},"end":{"line":57,"column":4}},"14":{"start":{"line":29,"column":4},"end":{"line":33,"column":5}},"15":{"start":{"line":30,"column":6},"end":{"line":32,"column":8}},"16":{"start":{"line":35,"column":4},"end":{"line":51,"column":6}},"17":{"start":{"line":43,"column":6},"end":{"line":46,"column":8}},"18":{"start":{"line":48,"column":6},"end":{"line":50,"column":8}},"19":{"start":{"line":53,"column":4},"end":{"line":53,"column":22}},"20":{"start":{"line":54,"column":4},"end":{"line":56,"column":6}},"21":{"start":{"line":60,"column":0},"end":{"line":81,"column":2}},"22":{"start":{"line":61,"column":13},"end":{"line":61,"column":26}},"23":{"start":{"line":62,"column":2},"end":{"line":80,"column":7}},"24":{"start":{"line":67,"column":6},"end":{"line":71,"column":7}},"25":{"start":{"line":68,"column":22},"end":{"line":68,"column":84}},"26":{"start":{"line":69,"column":8},"end":{"line":69,"column":31}},"27":{"start":{"line":70,"column":8},"end":{"line":70,"column":20}},"28":{"start":{"line":72,"column":6},"end":{"line":75,"column":9}},"29":{"start":{"line":78,"column":6},"end":{"line":78,"column":44}},"30":{"start":{"line":78,"column":25},"end":{"line":78,"column":44}},"31":{"start":{"line":79,"column":6},"end":{"line":79,"column":18}},"32":{"start":{"line":83,"column":0},"end":{"line":150,"column":2}},"33":{"start":{"line":84,"column":11},"end":{"line":84,"column":24}},"34":{"start":{"line":85,"column":25},"end":{"line":92,"column":3}},"35":{"start":{"line":93,"column":14},"end":{"line":97,"column":3}},"36":{"start":{"line":99,"column":25},"end":{"line":105,"column":3}},"37":{"start":{"line":100,"column":4},"end":{"line":104,"column":6}},"38":{"start":{"line":101,"column":6},"end":{"line":101,"column":31}},"39":{"start":{"line":103,"column":6},"end":{"line":103,"column":24}},"40":{"start":{"line":107,"column":22},"end":{"line":113,"column":3}},"41":{"start":{"line":108,"column":4},"end":{"line":112,"column":6}},"42":{"start":{"line":109,"column":6},"end":{"line":109,"column":33}},"43":{"start":{"line":111,"column":6},"end":{"line":111,"column":24}},"44":{"start":{"line":115,"column":2},"end":{"line":149,"column":4}},"45":{"start":{"line":116,"column":4},"end":{"line":120,"column":5}},"46":{"start":{"line":117,"column":6},"end":{"line":119,"column":8}},"47":{"start":{"line":122,"column":4},"end":{"line":143,"column":6}},"48":{"start":{"line":123,"column":6},"end":{"line":127,"column":7}},"49":{"start":{"line":124,"column":8},"end":{"line":126,"column":10}},"50":{"start":{"line":129,"column":6},"end":{"line":137,"column":9}},"51":{"start":{"line":130,"column":8},"end":{"line":133,"column":10}},"52":{"start":{"line":135,"column":8},"end":{"line":135,"column":46}},"53":{"start":{"line":135,"column":27},"end":{"line":135,"column":46}},"54":{"start":{"line":136,"column":8},"end":{"line":136,"column":20}},"55":{"start":{"line":139,"column":6},"end":{"line":139,"column":22}},"56":{"start":{"line":140,"column":6},"end":{"line":142,"column":8}},"57":{"start":{"line":145,"column":4},"end":{"line":145,"column":20}},"58":{"start":{"line":146,"column":4},"end":{"line":148,"column":6}},"59":{"start":{"line":152,"column":0},"end":{"line":172,"column":2}},"60":{"start":{"line":153,"column":17},"end":{"line":153,"column":27}},"61":{"start":{"line":154,"column":2},"end":{"line":171,"column":7}},"62":{"start":{"line":156,"column":6},"end":{"line":160,"column":7}},"63":{"start":{"line":157,"column":22},"end":{"line":157,"column":84}},"64":{"start":{"line":158,"column":8},"end":{"line":158,"column":27}},"65":{"start":{"line":159,"column":8},"end":{"line":159,"column":20}},"66":{"start":{"line":161,"column":6},"end":{"line":163,"column":9}},"67":{"start":{"line":164,"column":6},"end":{"line":166,"column":9}},"68":{"start":{"line":169,"column":6},"end":{"line":169,"column":44}},"69":{"start":{"line":169,"column":25},"end":{"line":169,"column":44}},"70":{"start":{"line":170,"column":6},"end":{"line":170,"column":18}}},"fnMap":{"0":{"name":"(anonymous_0)","decl":{"start":{"line":3,"column":30},"end":{"line":3,"column":31}},"loc":{"start":{"line":3,"column":50},"end":{"line":15,"column":1}},"line":3},"1":{"name":"(anonymous_1)","decl":{"start":{"line":5,"column":10},"end":{"line":5,"column":11}},"loc":{"start":{"line":5,"column":34},"end":{"line":10,"column":5}},"line":5},"2":{"name":"(anonymous_2)","decl":{"start":{"line":11,"column":11},"end":{"line":11,"column":12}},"loc":{"start":{"line":11,"column":22},"end":{"line":14,"column":5}},"line":11},"3":{"name":"(anonymous_3)","decl":{"start":{"line":17,"column":30},"end":{"line":17,"column":31}},"loc":{"start":{"line":17,"column":50},"end":{"line":58,"column":1}},"line":17},"4":{"name":"(anonymous_4)","decl":{"start":{"line":20,"column":25},"end":{"line":20,"column":26}},"loc":{"start":{"line":20,"column":55},"end":{"line":26,"column":3}},"line":20},"5":{"name":"(anonymous_5)","decl":{"start":{"line":21,"column":55},"end":{"line":21,"column":56}},"loc":{"start":{"line":21,"column":70},"end":{"line":23,"column":5}},"line":21},"6":{"name":"(anonymous_6)","decl":{"start":{"line":23,"column":13},"end":{"line":23,"column":14}},"loc":{"start":{"line":23,"column":22},"end":{"line":25,"column":5}},"line":23},"7":{"name":"(anonymous_7)","decl":{"start":{"line":28,"column":26},"end":{"line":28,"column":27}},"loc":{"start":{"line":28,"column":36},"end":{"line":52,"column":3}},"line":28},"8":{"name":"(anonymous_8)","decl":{"start":{"line":42,"column":12},"end":{"line":42,"column":13}},"loc":{"start":{"line":42,"column":29},"end":{"line":47,"column":5}},"line":42},"9":{"name":"(anonymous_9)","decl":{"start":{"line":47,"column":13},"end":{"line":47,"column":14}},"loc":{"start":{"line":47,"column":24},"end":{"line":51,"column":5}},"line":47},"10":{"name":"(anonymous_10)","decl":{"start":{"line":52,"column":5},"end":{"line":52,"column":6}},"loc":{"start":{"line":52,"column":16},"end":{"line":57,"column":3}},"line":52},"11":{"name":"(anonymous_11)","decl":{"start":{"line":60,"column":34},"end":{"line":60,"column":35}},"loc":{"start":{"line":60,"column":54},"end":{"line":81,"column":1}},"line":60},"12":{"name":"(anonymous_12)","decl":{"start":{"line":66,"column":10},"end":{"line":66,"column":11}},"loc":{"start":{"line":66,"column":34},"end":{"line":76,"column":5}},"line":66},"13":{"name":"(anonymous_13)","decl":{"start":{"line":77,"column":11},"end":{"line":77,"column":12}},"loc":{"start":{"line":77,"column":22},"end":{"line":80,"column":5}},"line":77},"14":{"name":"(anonymous_14)","decl":{"start":{"line":83,"column":33},"end":{"line":83,"column":34}},"loc":{"start":{"line":83,"column":53},"end":{"line":150,"column":1}},"line":83},"15":{"name":"(anonymous_15)","decl":{"start":{"line":99,"column":25},"end":{"line":99,"column":26}},"loc":{"start":{"line":99,"column":55},"end":{"line":105,"column":3}},"line":99},"16":{"name":"(anonymous_16)","decl":{"start":{"line":100,"column":55},"end":{"line":100,"column":56}},"loc":{"start":{"line":100,"column":70},"end":{"line":102,"column":5}},"line":100},"17":{"name":"(anonymous_17)","decl":{"start":{"line":102,"column":13},"end":{"line":102,"column":14}},"loc":{"start":{"line":102,"column":22},"end":{"line":104,"column":5}},"line":102},"18":{"name":"(anonymous_18)","decl":{"start":{"line":107,"column":22},"end":{"line":107,"column":23}},"loc":{"start":{"line":107,"column":47},"end":{"line":113,"column":3}},"line":107},"19":{"name":"(anonymous_19)","decl":{"start":{"line":108,"column":57},"end":{"line":108,"column":58}},"loc":{"start":{"line":108,"column":74},"end":{"line":110,"column":5}},"line":108},"20":{"name":"(anonymous_20)","decl":{"start":{"line":110,"column":13},"end":{"line":110,"column":14}},"loc":{"start":{"line":110,"column":22},"end":{"line":112,"column":5}},"line":110},"21":{"name":"(anonymous_21)","decl":{"start":{"line":115,"column":43},"end":{"line":115,"column":44}},"loc":{"start":{"line":115,"column":53},"end":{"line":144,"column":3}},"line":115},"22":{"name":"(anonymous_22)","decl":{"start":{"line":122,"column":20},"end":{"line":122,"column":21}},"loc":{"start":{"line":122,"column":30},"end":{"line":138,"column":5}},"line":122},"23":{"name":"(anonymous_23)","decl":{"start":{"line":129,"column":60},"end":{"line":129,"column":61}},"loc":{"start":{"line":129,"column":82},"end":{"line":134,"column":7}},"line":129},"24":{"name":"(anonymous_24)","decl":{"start":{"line":134,"column":15},"end":{"line":134,"column":16}},"loc":{"start":{"line":134,"column":26},"end":{"line":137,"column":7}},"line":134},"25":{"name":"(anonymous_25)","decl":{"start":{"line":138,"column":7},"end":{"line":138,"column":8}},"loc":{"start":{"line":138,"column":16},"end":{"line":143,"column":5}},"line":138},"26":{"name":"(anonymous_26)","decl":{"start":{"line":144,"column":5},"end":{"line":144,"column":6}},"loc":{"start":{"line":144,"column":14},"end":{"line":149,"column":3}},"line":144},"27":{"name":"(anonymous_27)","decl":{"start":{"line":152,"column":33},"end":{"line":152,"column":34}},"loc":{"start":{"line":152,"column":53},"end":{"line":172,"column":1}},"line":152},"28":{"name":"(anonymous_28)","decl":{"start":{"line":155,"column":10},"end":{"line":155,"column":11}},"loc":{"start":{"line":155,"column":20},"end":{"line":167,"column":5}},"line":155},"29":{"name":"(anonymous_29)","decl":{"start":{"line":168,"column":11},"end":{"line":168,"column":12}},"loc":{"start":{"line":168,"column":22},"end":{"line":171,"column":5}},"line":168}},"branchMap":{"0":{"loc":{"start":{"line":12,"column":6},"end":{"line":12,"column":44}},"type":"if","locations":[{"start":{"line":12,"column":6},"end":{"line":12,"column":44}},{"start":{},"end":{}}],"line":12},"1":{"loc":{"start":{"line":29,"column":4},"end":{"line":33,"column":5}},"type":"if","locations":[{"start":{"line":29,"column":4},"end":{"line":33,"column":5}},{"start":{},"end":{}}],"line":29},"2":{"loc":{"start":{"line":67,"column":6},"end":{"line":71,"column":7}},"type":"if","locations":[{"start":{"line":67,"column":6},"end":{"line":71,"column":7}},{"start":{},"end":{}}],"line":67},"3":{"loc":{"start":{"line":78,"column":6},"end":{"line":78,"column":44}},"type":"if","locations":[{"start":{"line":78,"column":6},"end":{"line":78,"column":44}},{"start":{},"end":{}}],"line":78},"4":{"loc":{"start":{"line":116,"column":4},"end":{"line":120,"column":5}},"type":"if","locations":[{"start":{"line":116,"column":4},"end":{"line":120,"column":5}},{"start":{},"end":{}}],"line":116},"5":{"loc":{"start":{"line":123,"column":6},"end":{"line":127,"column":7}},"type":"if","locations":[{"start":{"line":123,"column":6},"end":{"line":127,"column":7}},{"start":{},"end":{}}],"line":123},"6":{"loc":{"start":{"line":135,"column":8},"end":{"line":135,"column":46}},"type":"if","locations":[{"start":{"line":135,"column":8},"end":{"line":135,"column":46}},{"start":{},"end":{}}],"line":135},"7":{"loc":{"start":{"line":156,"column":6},"end":{"line":160,"column":7}},"type":"if","locations":[{"start":{"line":156,"column":6},"end":{"line":160,"column":7}},{"start":{},"end":{}}],"line":156},"8":{"loc":{"start":{"line":169,"column":6},"end":{"line":169,"column":44}},"type":"if","locations":[{"start":{"line":169,"column":6},"end":{"line":169,"column":44}},{"start":{},"end":{}}],"line":169}},"s":{"0":5,"1":5,"2":1,"3":1,"4":0,"5":0,"6":0,"7":5,"8":4,"9":4,"10":4,"11":3,"12":1,"13":4,"14":3,"15":1,"16":2,"17":1,"18":1,"19":1,"20":1,"21":5,"22":2,"23":2,"24":2,"25":2,"26":2,"27":2,"28":0,"29":2,"30":2,"31":2,"32":5,"33":5,"34":5,"35":5,"36":5,"37":5,"38":4,"39":1,"40":5,"41":2,"42":2,"43":0,"44":5,"45":4,"46":2,"47":2,"48":2,"49":0,"50":2,"51":1,"52":1,"53":1,"54":1,"55":0,"56":0,"57":1,"58":1,"59":5,"60":2,"61":2,"62":2,"63":1,"64":1,"65":1,"66":1,"67":1,"68":1,"69":0,"70":1},"f":{"0":1,"1":1,"2":0,"3":4,"4":4,"5":3,"6":1,"7":3,"8":1,"9":1,"10":1,"11":2,"12":2,"13":2,"14":5,"15":5,"16":4,"17":1,"18":2,"19":2,"20":0,"21":4,"22":2,"23":1,"24":1,"25":0,"26":1,"27":2,"28":2,"29":1},"b":{"0":[0,0],"1":[1,2],"2":[2,0],"3":[2,0],"4":[2,2],"5":[0,2],"6":[1,0],"7":[1,1],"8":[0,1]},"_coverageSchema":"1a1c01bbd47fc00a2c39e90264f33305004495a9","hash":"984fa130546bdbb32daf69355f1d80834fee7829"}
,"D:\\KM-BEJS-4\\Chapter 6\\CH6-BEJS-LUTHFIYAH\\controllers\\api\\usergameshistoryController.js": {"path":"D:\\KM-BEJS-4\\Chapter 6\\CH6-BEJS-LUTHFIYAH\\controllers\\api\\usergameshistoryController.js","statementMap":{"0":{"start":{"line":1,"column":39},"end":{"line":1,"column":62}},"1":{"start":{"line":2,"column":24},"end":{"line":2,"column":44}},"2":{"start":{"line":4,"column":0},"end":{"line":16,"column":2}},"3":{"start":{"line":5,"column":2},"end":{"line":15,"column":7}},"4":{"start":{"line":7,"column":6},"end":{"line":10,"column":9}},"5":{"start":{"line":13,"column":6},"end":{"line":13,"column":44}},"6":{"start":{"line":13,"column":25},"end":{"line":13,"column":44}},"7":{"start":{"line":14,"column":6},"end":{"line":14,"column":18}},"8":{"start":{"line":18,"column":0},"end":{"line":59,"column":2}},"9":{"start":{"line":19,"column":55},"end":{"line":19,"column":63}},"10":{"start":{"line":21,"column":25},"end":{"line":27,"column":3}},"11":{"start":{"line":22,"column":4},"end":{"line":26,"column":6}},"12":{"start":{"line":23,"column":6},"end":{"line":23,"column":31}},"13":{"start":{"line":25,"column":6},"end":{"line":25,"column":24}},"14":{"start":{"line":29,"column":2},"end":{"line":58,"column":4}},"15":{"start":{"line":30,"column":4},"end":{"line":34,"column":5}},"16":{"start":{"line":31,"column":6},"end":{"line":33,"column":8}},"17":{"start":{"line":36,"column":19},"end":{"line":36,"column":62}},"18":{"start":{"line":38,"column":4},"end":{"line":52,"column":7}},"19":{"start":{"line":45,"column":6},"end":{"line":48,"column":8}},"20":{"start":{"line":50,"column":6},"end":{"line":50,"column":44}},"21":{"start":{"line":50,"column":25},"end":{"line":50,"column":44}},"22":{"start":{"line":51,"column":6},"end":{"line":51,"column":18}},"23":{"start":{"line":54,"column":4},"end":{"line":54,"column":22}},"24":{"start":{"line":55,"column":4},"end":{"line":57,"column":6}},"25":{"start":{"line":61,"column":0},"end":{"line":79,"column":2}},"26":{"start":{"line":62,"column":13},"end":{"line":62,"column":26}},"27":{"start":{"line":63,"column":2},"end":{"line":78,"column":7}},"28":{"start":{"line":65,"column":6},"end":{"line":69,"column":7}},"29":{"start":{"line":66,"column":22},"end":{"line":66,"column":84}},"30":{"start":{"line":67,"column":8},"end":{"line":67,"column":31}},"31":{"start":{"line":68,"column":8},"end":{"line":68,"column":20}},"32":{"start":{"line":70,"column":6},"end":{"line":73,"column":9}},"33":{"start":{"line":76,"column":6},"end":{"line":76,"column":44}},"34":{"start":{"line":76,"column":25},"end":{"line":76,"column":44}},"35":{"start":{"line":77,"column":6},"end":{"line":77,"column":18}},"36":{"start":{"line":81,"column":0},"end":{"line":148,"column":2}},"37":{"start":{"line":82,"column":11},"end":{"line":82,"column":24}},"38":{"start":{"line":83,"column":17},"end":{"line":83,"column":80}},"39":{"start":{"line":84,"column":25},"end":{"line":90,"column":3}},"40":{"start":{"line":91,"column":14},"end":{"line":95,"column":3}},"41":{"start":{"line":97,"column":25},"end":{"line":103,"column":3}},"42":{"start":{"line":98,"column":4},"end":{"line":102,"column":6}},"43":{"start":{"line":99,"column":6},"end":{"line":99,"column":31}},"44":{"start":{"line":101,"column":6},"end":{"line":101,"column":24}},"45":{"start":{"line":105,"column":22},"end":{"line":111,"column":3}},"46":{"start":{"line":106,"column":4},"end":{"line":110,"column":6}},"47":{"start":{"line":107,"column":6},"end":{"line":107,"column":33}},"48":{"start":{"line":109,"column":6},"end":{"line":109,"column":24}},"49":{"start":{"line":113,"column":2},"end":{"line":147,"column":4}},"50":{"start":{"line":114,"column":4},"end":{"line":118,"column":5}},"51":{"start":{"line":115,"column":6},"end":{"line":117,"column":8}},"52":{"start":{"line":120,"column":4},"end":{"line":141,"column":6}},"53":{"start":{"line":121,"column":6},"end":{"line":125,"column":7}},"54":{"start":{"line":122,"column":8},"end":{"line":124,"column":10}},"55":{"start":{"line":127,"column":6},"end":{"line":135,"column":9}},"56":{"start":{"line":128,"column":8},"end":{"line":131,"column":10}},"57":{"start":{"line":133,"column":8},"end":{"line":133,"column":46}},"58":{"start":{"line":133,"column":27},"end":{"line":133,"column":46}},"59":{"start":{"line":134,"column":8},"end":{"line":134,"column":20}},"60":{"start":{"line":137,"column":6},"end":{"line":137,"column":22}},"61":{"start":{"line":138,"column":6},"end":{"line":140,"column":8}},"62":{"start":{"line":143,"column":4},"end":{"line":143,"column":20}},"63":{"start":{"line":144,"column":4},"end":{"line":146,"column":6}},"64":{"start":{"line":150,"column":0},"end":{"line":170,"column":2}},"65":{"start":{"line":151,"column":17},"end":{"line":151,"column":27}},"66":{"start":{"line":152,"column":2},"end":{"line":169,"column":7}},"67":{"start":{"line":154,"column":6},"end":{"line":158,"column":7}},"68":{"start":{"line":155,"column":22},"end":{"line":155,"column":76}},"69":{"start":{"line":156,"column":8},"end":{"line":156,"column":27}},"70":{"start":{"line":157,"column":8},"end":{"line":157,"column":20}},"71":{"start":{"line":159,"column":6},"end":{"line":161,"column":9}},"72":{"start":{"line":162,"column":6},"end":{"line":164,"column":9}},"73":{"start":{"line":167,"column":6},"end":{"line":167,"column":44}},"74":{"start":{"line":167,"column":25},"end":{"line":167,"column":44}},"75":{"start":{"line":168,"column":6},"end":{"line":168,"column":18}}},"fnMap":{"0":{"name":"(anonymous_0)","decl":{"start":{"line":4,"column":30},"end":{"line":4,"column":31}},"loc":{"start":{"line":4,"column":50},"end":{"line":16,"column":1}},"line":4},"1":{"name":"(anonymous_1)","decl":{"start":{"line":6,"column":10},"end":{"line":6,"column":11}},"loc":{"start":{"line":6,"column":34},"end":{"line":11,"column":5}},"line":6},"2":{"name":"(anonymous_2)","decl":{"start":{"line":12,"column":11},"end":{"line":12,"column":12}},"loc":{"start":{"line":12,"column":22},"end":{"line":15,"column":5}},"line":12},"3":{"name":"(anonymous_3)","decl":{"start":{"line":18,"column":30},"end":{"line":18,"column":31}},"loc":{"start":{"line":18,"column":50},"end":{"line":59,"column":1}},"line":18},"4":{"name":"(anonymous_4)","decl":{"start":{"line":21,"column":25},"end":{"line":21,"column":26}},"loc":{"start":{"line":21,"column":55},"end":{"line":27,"column":3}},"line":21},"5":{"name":"(anonymous_5)","decl":{"start":{"line":22,"column":55},"end":{"line":22,"column":56}},"loc":{"start":{"line":22,"column":70},"end":{"line":24,"column":5}},"line":22},"6":{"name":"(anonymous_6)","decl":{"start":{"line":24,"column":13},"end":{"line":24,"column":14}},"loc":{"start":{"line":24,"column":22},"end":{"line":26,"column":5}},"line":24},"7":{"name":"(anonymous_7)","decl":{"start":{"line":29,"column":26},"end":{"line":29,"column":27}},"loc":{"start":{"line":29,"column":36},"end":{"line":53,"column":3}},"line":29},"8":{"name":"(anonymous_8)","decl":{"start":{"line":44,"column":12},"end":{"line":44,"column":13}},"loc":{"start":{"line":44,"column":29},"end":{"line":49,"column":5}},"line":44},"9":{"name":"(anonymous_9)","decl":{"start":{"line":49,"column":13},"end":{"line":49,"column":14}},"loc":{"start":{"line":49,"column":24},"end":{"line":52,"column":5}},"line":49},"10":{"name":"(anonymous_10)","decl":{"start":{"line":53,"column":5},"end":{"line":53,"column":6}},"loc":{"start":{"line":53,"column":16},"end":{"line":58,"column":3}},"line":53},"11":{"name":"(anonymous_11)","decl":{"start":{"line":61,"column":34},"end":{"line":61,"column":35}},"loc":{"start":{"line":61,"column":54},"end":{"line":79,"column":1}},"line":61},"12":{"name":"(anonymous_12)","decl":{"start":{"line":64,"column":10},"end":{"line":64,"column":11}},"loc":{"start":{"line":64,"column":32},"end":{"line":74,"column":5}},"line":64},"13":{"name":"(anonymous_13)","decl":{"start":{"line":75,"column":11},"end":{"line":75,"column":12}},"loc":{"start":{"line":75,"column":22},"end":{"line":78,"column":5}},"line":75},"14":{"name":"(anonymous_14)","decl":{"start":{"line":81,"column":33},"end":{"line":81,"column":34}},"loc":{"start":{"line":81,"column":53},"end":{"line":148,"column":1}},"line":81},"15":{"name":"(anonymous_15)","decl":{"start":{"line":97,"column":25},"end":{"line":97,"column":26}},"loc":{"start":{"line":97,"column":55},"end":{"line":103,"column":3}},"line":97},"16":{"name":"(anonymous_16)","decl":{"start":{"line":98,"column":55},"end":{"line":98,"column":56}},"loc":{"start":{"line":98,"column":70},"end":{"line":100,"column":5}},"line":98},"17":{"name":"(anonymous_17)","decl":{"start":{"line":100,"column":13},"end":{"line":100,"column":14}},"loc":{"start":{"line":100,"column":22},"end":{"line":102,"column":5}},"line":100},"18":{"name":"(anonymous_18)","decl":{"start":{"line":105,"column":22},"end":{"line":105,"column":23}},"loc":{"start":{"line":105,"column":47},"end":{"line":111,"column":3}},"line":105},"19":{"name":"(anonymous_19)","decl":{"start":{"line":106,"column":57},"end":{"line":106,"column":58}},"loc":{"start":{"line":106,"column":74},"end":{"line":108,"column":5}},"line":106},"20":{"name":"(anonymous_20)","decl":{"start":{"line":108,"column":13},"end":{"line":108,"column":14}},"loc":{"start":{"line":108,"column":22},"end":{"line":110,"column":5}},"line":108},"21":{"name":"(anonymous_21)","decl":{"start":{"line":113,"column":43},"end":{"line":113,"column":44}},"loc":{"start":{"line":113,"column":53},"end":{"line":142,"column":3}},"line":113},"22":{"name":"(anonymous_22)","decl":{"start":{"line":120,"column":20},"end":{"line":120,"column":21}},"loc":{"start":{"line":120,"column":30},"end":{"line":136,"column":5}},"line":120},"23":{"name":"(anonymous_23)","decl":{"start":{"line":127,"column":60},"end":{"line":127,"column":61}},"loc":{"start":{"line":127,"column":77},"end":{"line":132,"column":7}},"line":127},"24":{"name":"(anonymous_24)","decl":{"start":{"line":132,"column":15},"end":{"line":132,"column":16}},"loc":{"start":{"line":132,"column":26},"end":{"line":135,"column":7}},"line":132},"25":{"name":"(anonymous_25)","decl":{"start":{"line":136,"column":7},"end":{"line":136,"column":8}},"loc":{"start":{"line":136,"column":16},"end":{"line":141,"column":5}},"line":136},"26":{"name":"(anonymous_26)","decl":{"start":{"line":142,"column":5},"end":{"line":142,"column":6}},"loc":{"start":{"line":142,"column":14},"end":{"line":147,"column":3}},"line":142},"27":{"name":"(anonymous_27)","decl":{"start":{"line":150,"column":33},"end":{"line":150,"column":34}},"loc":{"start":{"line":150,"column":53},"end":{"line":170,"column":1}},"line":150},"28":{"name":"(anonymous_28)","decl":{"start":{"line":153,"column":10},"end":{"line":153,"column":11}},"loc":{"start":{"line":153,"column":20},"end":{"line":165,"column":5}},"line":153},"29":{"name":"(anonymous_29)","decl":{"start":{"line":166,"column":11},"end":{"line":166,"column":12}},"loc":{"start":{"line":166,"column":22},"end":{"line":169,"column":5}},"line":166}},"branchMap":{"0":{"loc":{"start":{"line":13,"column":6},"end":{"line":13,"column":44}},"type":"if","locations":[{"start":{"line":13,"column":6},"end":{"line":13,"column":44}},{"start":{},"end":{}}],"line":13},"1":{"loc":{"start":{"line":30,"column":4},"end":{"line":34,"column":5}},"type":"if","locations":[{"start":{"line":30,"column":4},"end":{"line":34,"column":5}},{"start":{},"end":{}}],"line":30},"2":{"loc":{"start":{"line":50,"column":6},"end":{"line":50,"column":44}},"type":"if","locations":[{"start":{"line":50,"column":6},"end":{"line":50,"column":44}},{"start":{},"end":{}}],"line":50},"3":{"loc":{"start":{"line":65,"column":6},"end":{"line":69,"column":7}},"type":"if","locations":[{"start":{"line":65,"column":6},"end":{"line":69,"column":7}},{"start":{},"end":{}}],"line":65},"4":{"loc":{"start":{"line":76,"column":6},"end":{"line":76,"column":44}},"type":"if","locations":[{"start":{"line":76,"column":6},"end":{"line":76,"column":44}},{"start":{},"end":{}}],"line":76},"5":{"loc":{"start":{"line":114,"column":4},"end":{"line":118,"column":5}},"type":"if","locations":[{"start":{"line":114,"column":4},"end":{"line":118,"column":5}},{"start":{},"end":{}}],"line":114},"6":{"loc":{"start":{"line":121,"column":6},"end":{"line":125,"column":7}},"type":"if","locations":[{"start":{"line":121,"column":6},"end":{"line":125,"column":7}},{"start":{},"end":{}}],"line":121},"7":{"loc":{"start":{"line":133,"column":8},"end":{"line":133,"column":46}},"type":"if","locations":[{"start":{"line":133,"column":8},"end":{"line":133,"column":46}},{"start":{},"end":{}}],"line":133},"8":{"loc":{"start":{"line":154,"column":6},"end":{"line":158,"column":7}},"type":"if","locations":[{"start":{"line":154,"column":6},"end":{"line":158,"column":7}},{"start":{},"end":{}}],"line":154},"9":{"loc":{"start":{"line":167,"column":6},"end":{"line":167,"column":44}},"type":"if","locations":[{"start":{"line":167,"column":6},"end":{"line":167,"column":44}},{"start":{},"end":{}}],"line":167}},"s":{"0":5,"1":5,"2":5,"3":1,"4":1,"5":0,"6":0,"7":0,"8":5,"9":4,"10":4,"11":4,"12":3,"13":1,"14":4,"15":3,"16":1,"17":2,"18":2,"19":1,"20":1,"21":1,"22":1,"23":1,"24":1,"25":5,"26":2,"27":2,"28":2,"29":1,"30":1,"31":1,"32":1,"33":1,"34":1,"35":1,"36":5,"37":5,"38":5,"39":5,"40":5,"41":5,"42":5,"43":4,"44":1,"45":5,"46":1,"47":1,"48":0,"49":5,"50":4,"51":3,"52":1,"53":1,"54":0,"55":1,"56":1,"57":0,"58":0,"59":0,"60":0,"61":0,"62":1,"63":1,"64":5,"65":2,"66":2,"67":2,"68":1,"69":1,"70":1,"71":1,"72":1,"73":1,"74":0,"75":1},"f":{"0":1,"1":1,"2":0,"3":4,"4":4,"5":3,"6":1,"7":3,"8":1,"9":1,"10":1,"11":2,"12":2,"13":1,"14":5,"15":5,"16":4,"17":1,"18":1,"19":1,"20":0,"21":4,"22":1,"23":1,"24":0,"25":0,"26":1,"27":2,"28":2,"29":1},"b":{"0":[0,0],"1":[1,2],"2":[1,0],"3":[1,1],"4":[1,0],"5":[3,1],"6":[0,1],"7":[0,0],"8":[1,1],"9":[0,1]},"_coverageSchema":"1a1c01bbd47fc00a2c39e90264f33305004495a9","hash":"b39606fe684bd0b73570bbbfe4c3ba2ad8b30af5"}
,"D:\\KM-BEJS-4\\Chapter 6\\CH6-BEJS-LUTHFIYAH\\controllers\\view\\authController.js": {"path":"D:\\KM-BEJS-4\\Chapter 6\\CH6-BEJS-LUTHFIYAH\\controllers\\view\\authController.js","statementMap":{"0":{"start":{"line":1,"column":58},"end":{"line":1,"column":81}},"1":{"start":{"line":2,"column":15},"end":{"line":2,"column":34}},"2":{"start":{"line":4,"column":0},"end":{"line":6,"column":1}},"3":{"start":{"line":5,"column":4},"end":{"line":5,"column":23}},"4":{"start":{"line":8,"column":0},"end":{"line":10,"column":1}},"5":{"start":{"line":9,"column":4},"end":{"line":9,"column":26}},"6":{"start":{"line":12,"column":0},"end":{"line":50,"column":4}},"7":{"start":{"line":13,"column":42},"end":{"line":13,"column":50}},"8":{"start":{"line":14,"column":16},"end":{"line":14,"column":26}},"9":{"start":{"line":15,"column":4},"end":{"line":48,"column":7}},"10":{"start":{"line":20,"column":6},"end":{"line":23,"column":7}},"11":{"start":{"line":21,"column":8},"end":{"line":21,"column":110}},"12":{"start":{"line":22,"column":8},"end":{"line":22,"column":15}},"13":{"start":{"line":25,"column":6},"end":{"line":47,"column":9}},"14":{"start":{"line":30,"column":8},"end":{"line":33,"column":9}},"15":{"start":{"line":31,"column":10},"end":{"line":31,"column":109}},"16":{"start":{"line":32,"column":10},"end":{"line":32,"column":17}},"17":{"start":{"line":34,"column":8},"end":{"line":46,"column":13}},"18":{"start":{"line":42,"column":12},"end":{"line":42,"column":46}},"19":{"start":{"line":45,"column":12},"end":{"line":45,"column":90}}},"fnMap":{"0":{"name":"(anonymous_0)","decl":{"start":{"line":4,"column":16},"end":{"line":4,"column":17}},"loc":{"start":{"line":4,"column":30},"end":{"line":6,"column":1}},"line":4},"1":{"name":"(anonymous_1)","decl":{"start":{"line":8,"column":19},"end":{"line":8,"column":20}},"loc":{"start":{"line":8,"column":33},"end":{"line":10,"column":1}},"line":8},"2":{"name":"(anonymous_2)","decl":{"start":{"line":12,"column":25},"end":{"line":12,"column":26}},"loc":{"start":{"line":12,"column":45},"end":{"line":50,"column":3}},"line":12},"3":{"name":"(anonymous_3)","decl":{"start":{"line":19,"column":12},"end":{"line":19,"column":13}},"loc":{"start":{"line":19,"column":20},"end":{"line":48,"column":5}},"line":19},"4":{"name":"(anonymous_4)","decl":{"start":{"line":29,"column":14},"end":{"line":29,"column":15}},"loc":{"start":{"line":29,"column":22},"end":{"line":47,"column":7}},"line":29},"5":{"name":"(anonymous_5)","decl":{"start":{"line":41,"column":16},"end":{"line":41,"column":17}},"loc":{"start":{"line":41,"column":26},"end":{"line":43,"column":11}},"line":41},"6":{"name":"(anonymous_6)","decl":{"start":{"line":44,"column":17},"end":{"line":44,"column":18}},"loc":{"start":{"line":44,"column":28},"end":{"line":46,"column":11}},"line":44}},"branchMap":{"0":{"loc":{"start":{"line":20,"column":6},"end":{"line":23,"column":7}},"type":"if","locations":[{"start":{"line":20,"column":6},"end":{"line":23,"column":7}},{"start":{},"end":{}}],"line":20},"1":{"loc":{"start":{"line":30,"column":8},"end":{"line":33,"column":9}},"type":"if","locations":[{"start":{"line":30,"column":8},"end":{"line":33,"column":9}},{"start":{},"end":{}}],"line":30}},"s":{"0":5,"1":5,"2":5,"3":1,"4":5,"5":1,"6":5,"7":3,"8":3,"9":3,"10":3,"11":1,"12":1,"13":2,"14":2,"15":1,"16":1,"17":1,"18":1,"19":0},"f":{"0":1,"1":1,"2":3,"3":3,"4":2,"5":1,"6":0},"b":{"0":[1,2],"1":[1,1]},"_coverageSchema":"1a1c01bbd47fc00a2c39e90264f33305004495a9","hash":"d70dc2faad1af3c1c4cd98e145b1bbc863806ff0"}
,"D:\\KM-BEJS-4\\Chapter 6\\CH6-BEJS-LUTHFIYAH\\controllers\\view\\userGamesBiodataController.js": {"path":"D:\\KM-BEJS-4\\Chapter 6\\CH6-BEJS-LUTHFIYAH\\controllers\\view\\userGamesBiodataController.js","statementMap":{"0":{"start":{"line":1,"column":40},"end":{"line":1,"column":63}},"1":{"start":{"line":2,"column":15},"end":{"line":2,"column":32}},"2":{"start":{"line":4,"column":0},"end":{"line":16,"column":2}},"3":{"start":{"line":5,"column":2},"end":{"line":15,"column":7}},"4":{"start":{"line":7,"column":27},"end":{"line":7,"column":35}},"5":{"start":{"line":8,"column":20},"end":{"line":8,"column":39}},"6":{"start":{"line":10,"column":8},"end":{"line":10,"column":33}},"7":{"start":{"line":11,"column":8},"end":{"line":11,"column":132}},"8":{"start":{"line":14,"column":6},"end":{"line":14,"column":84}},"9":{"start":{"line":18,"column":0},"end":{"line":20,"column":4}},"10":{"start":{"line":19,"column":4},"end":{"line":19,"column":46}},"11":{"start":{"line":22,"column":0},"end":{"line":58,"column":2}},"12":{"start":{"line":23,"column":78},"end":{"line":23,"column":86}},"13":{"start":{"line":25,"column":25},"end":{"line":31,"column":3}},"14":{"start":{"line":26,"column":4},"end":{"line":30,"column":6}},"15":{"start":{"line":27,"column":6},"end":{"line":27,"column":31}},"16":{"start":{"line":29,"column":6},"end":{"line":29,"column":24}},"17":{"start":{"line":33,"column":2},"end":{"line":57,"column":4}},"18":{"start":{"line":34,"column":4},"end":{"line":38,"column":5}},"19":{"start":{"line":35,"column":6},"end":{"line":37,"column":8}},"20":{"start":{"line":40,"column":4},"end":{"line":51,"column":6}},"21":{"start":{"line":48,"column":8},"end":{"line":48,"column":67}},"22":{"start":{"line":50,"column":6},"end":{"line":50,"column":84}},"23":{"start":{"line":53,"column":4},"end":{"line":53,"column":22}},"24":{"start":{"line":54,"column":4},"end":{"line":56,"column":6}},"25":{"start":{"line":60,"column":0},"end":{"line":76,"column":2}},"26":{"start":{"line":61,"column":13},"end":{"line":61,"column":26}},"27":{"start":{"line":62,"column":2},"end":{"line":75,"column":7}},"28":{"start":{"line":67,"column":6},"end":{"line":71,"column":7}},"29":{"start":{"line":68,"column":8},"end":{"line":68,"column":75}},"30":{"start":{"line":70,"column":8},"end":{"line":70,"column":91}},"31":{"start":{"line":74,"column":6},"end":{"line":74,"column":84}},"32":{"start":{"line":78,"column":0},"end":{"line":143,"column":2}},"33":{"start":{"line":79,"column":10},"end":{"line":79,"column":22}},"34":{"start":{"line":80,"column":25},"end":{"line":88,"column":3}},"35":{"start":{"line":89,"column":14},"end":{"line":93,"column":3}},"36":{"start":{"line":94,"column":0},"end":{"line":94,"column":15}},"37":{"start":{"line":95,"column":0},"end":{"line":95,"column":29}},"38":{"start":{"line":96,"column":25},"end":{"line":102,"column":3}},"39":{"start":{"line":97,"column":4},"end":{"line":101,"column":6}},"40":{"start":{"line":98,"column":6},"end":{"line":98,"column":31}},"41":{"start":{"line":100,"column":6},"end":{"line":100,"column":84}},"42":{"start":{"line":104,"column":22},"end":{"line":110,"column":3}},"43":{"start":{"line":105,"column":4},"end":{"line":109,"column":6}},"44":{"start":{"line":106,"column":6},"end":{"line":106,"column":33}},"45":{"start":{"line":108,"column":6},"end":{"line":108,"column":84}},"46":{"start":{"line":112,"column":2},"end":{"line":142,"column":4}},"47":{"start":{"line":113,"column":4},"end":{"line":117,"column":5}},"48":{"start":{"line":114,"column":6},"end":{"line":116,"column":8}},"49":{"start":{"line":119,"column":4},"end":{"line":136,"column":6}},"50":{"start":{"line":120,"column":6},"end":{"line":124,"column":7}},"51":{"start":{"line":121,"column":8},"end":{"line":123,"column":10}},"52":{"start":{"line":126,"column":6},"end":{"line":130,"column":9}},"53":{"start":{"line":127,"column":8},"end":{"line":127,"column":91}},"54":{"start":{"line":129,"column":8},"end":{"line":129,"column":86}},"55":{"start":{"line":132,"column":6},"end":{"line":132,"column":22}},"56":{"start":{"line":133,"column":6},"end":{"line":135,"column":8}},"57":{"start":{"line":138,"column":4},"end":{"line":138,"column":20}},"58":{"start":{"line":139,"column":4},"end":{"line":141,"column":6}},"59":{"start":{"line":145,"column":0},"end":{"line":168,"column":2}},"60":{"start":{"line":146,"column":11},"end":{"line":146,"column":24}},"61":{"start":{"line":147,"column":25},"end":{"line":150,"column":3}},"62":{"start":{"line":151,"column":2},"end":{"line":151,"column":45}},"63":{"start":{"line":152,"column":2},"end":{"line":167,"column":7}},"64":{"start":{"line":154,"column":6},"end":{"line":158,"column":7}},"65":{"start":{"line":155,"column":22},"end":{"line":155,"column":84}},"66":{"start":{"line":156,"column":8},"end":{"line":156,"column":27}},"67":{"start":{"line":157,"column":8},"end":{"line":157,"column":20}},"68":{"start":{"line":159,"column":6},"end":{"line":161,"column":9}},"69":{"start":{"line":162,"column":6},"end":{"line":162,"column":21}},"70":{"start":{"line":163,"column":6},"end":{"line":163,"column":82}},"71":{"start":{"line":166,"column":6},"end":{"line":166,"column":84}},"72":{"start":{"line":170,"column":0},"end":{"line":188,"column":2}},"73":{"start":{"line":171,"column":11},"end":{"line":171,"column":24}},"74":{"start":{"line":172,"column":2},"end":{"line":187,"column":7}},"75":{"start":{"line":174,"column":6},"end":{"line":178,"column":7}},"76":{"start":{"line":175,"column":22},"end":{"line":175,"column":84}},"77":{"start":{"line":176,"column":8},"end":{"line":176,"column":27}},"78":{"start":{"line":177,"column":8},"end":{"line":177,"column":20}},"79":{"start":{"line":179,"column":6},"end":{"line":181,"column":9}},"80":{"start":{"line":182,"column":6},"end":{"line":182,"column":21}},"81":{"start":{"line":183,"column":6},"end":{"line":183,"column":54}},"82":{"start":{"line":186,"column":6},"end":{"line":186,"column":84}}},"fnMap":{"0":{"name":"(anonymous_0)","decl":{"start":{"line":4,"column":15},"end":{"line":4,"column":16}},"loc":{"start":{"line":4,"column":35},"end":{"line":16,"column":1}},"line":4},"1":{"name":"(anonymous_1)","decl":{"start":{"line":6,"column":10},"end":{"line":6,"column":11}},"loc":{"start":{"line":6,"column":34},"end":{"line":12,"column":5}},"line":6},"2":{"name":"(anonymous_2)","decl":{"start":{"line":13,"column":11},"end":{"line":13,"column":12}},"loc":{"start":{"line":13,"column":22},"end":{"line":15,"column":5}},"line":13},"3":{"name":"(anonymous_3)","decl":{"start":{"line":18,"column":14},"end":{"line":18,"column":15}},"loc":{"start":{"line":18,"column":34},"end":{"line":20,"column":3}},"line":18},"4":{"name":"(anonymous_4)","decl":{"start":{"line":22,"column":17},"end":{"line":22,"column":18}},"loc":{"start":{"line":22,"column":37},"end":{"line":58,"column":1}},"line":22},"5":{"name":"(anonymous_5)","decl":{"start":{"line":25,"column":25},"end":{"line":25,"column":26}},"loc":{"start":{"line":25,"column":55},"end":{"line":31,"column":3}},"line":25},"6":{"name":"(anonymous_6)","decl":{"start":{"line":26,"column":55},"end":{"line":26,"column":56}},"loc":{"start":{"line":26,"column":70},"end":{"line":28,"column":5}},"line":26},"7":{"name":"(anonymous_7)","decl":{"start":{"line":28,"column":13},"end":{"line":28,"column":14}},"loc":{"start":{"line":28,"column":22},"end":{"line":30,"column":5}},"line":28},"8":{"name":"(anonymous_8)","decl":{"start":{"line":33,"column":26},"end":{"line":33,"column":27}},"loc":{"start":{"line":33,"column":36},"end":{"line":52,"column":3}},"line":33},"9":{"name":"(anonymous_9)","decl":{"start":{"line":47,"column":12},"end":{"line":47,"column":13}},"loc":{"start":{"line":47,"column":29},"end":{"line":49,"column":5}},"line":47},"10":{"name":"(anonymous_10)","decl":{"start":{"line":49,"column":13},"end":{"line":49,"column":14}},"loc":{"start":{"line":49,"column":24},"end":{"line":51,"column":5}},"line":49},"11":{"name":"(anonymous_11)","decl":{"start":{"line":52,"column":5},"end":{"line":52,"column":6}},"loc":{"start":{"line":52,"column":16},"end":{"line":57,"column":3}},"line":52},"12":{"name":"(anonymous_12)","decl":{"start":{"line":60,"column":34},"end":{"line":60,"column":35}},"loc":{"start":{"line":60,"column":54},"end":{"line":76,"column":1}},"line":60},"13":{"name":"(anonymous_13)","decl":{"start":{"line":66,"column":10},"end":{"line":66,"column":11}},"loc":{"start":{"line":66,"column":34},"end":{"line":72,"column":5}},"line":66},"14":{"name":"(anonymous_14)","decl":{"start":{"line":73,"column":11},"end":{"line":73,"column":12}},"loc":{"start":{"line":73,"column":22},"end":{"line":75,"column":5}},"line":73},"15":{"name":"(anonymous_15)","decl":{"start":{"line":78,"column":18},"end":{"line":78,"column":19}},"loc":{"start":{"line":78,"column":38},"end":{"line":143,"column":1}},"line":78},"16":{"name":"(anonymous_16)","decl":{"start":{"line":96,"column":25},"end":{"line":96,"column":26}},"loc":{"start":{"line":96,"column":55},"end":{"line":102,"column":3}},"line":96},"17":{"name":"(anonymous_17)","decl":{"start":{"line":97,"column":55},"end":{"line":97,"column":56}},"loc":{"start":{"line":97,"column":70},"end":{"line":99,"column":5}},"line":97},"18":{"name":"(anonymous_18)","decl":{"start":{"line":99,"column":13},"end":{"line":99,"column":14}},"loc":{"start":{"line":99,"column":22},"end":{"line":101,"column":5}},"line":99},"19":{"name":"(anonymous_19)","decl":{"start":{"line":104,"column":22},"end":{"line":104,"column":23}},"loc":{"start":{"line":104,"column":47},"end":{"line":110,"column":3}},"line":104},"20":{"name":"(anonymous_20)","decl":{"start":{"line":105,"column":57},"end":{"line":105,"column":58}},"loc":{"start":{"line":105,"column":74},"end":{"line":107,"column":5}},"line":105},"21":{"name":"(anonymous_21)","decl":{"start":{"line":107,"column":13},"end":{"line":107,"column":14}},"loc":{"start":{"line":107,"column":22},"end":{"line":109,"column":5}},"line":107},"22":{"name":"(anonymous_22)","decl":{"start":{"line":112,"column":43},"end":{"line":112,"column":44}},"loc":{"start":{"line":112,"column":53},"end":{"line":137,"column":3}},"line":112},"23":{"name":"(anonymous_23)","decl":{"start":{"line":119,"column":20},"end":{"line":119,"column":21}},"loc":{"start":{"line":119,"column":30},"end":{"line":131,"column":5}},"line":119},"24":{"name":"(anonymous_24)","decl":{"start":{"line":126,"column":60},"end":{"line":126,"column":61}},"loc":{"start":{"line":126,"column":82},"end":{"line":128,"column":7}},"line":126},"25":{"name":"(anonymous_25)","decl":{"start":{"line":128,"column":15},"end":{"line":128,"column":16}},"loc":{"start":{"line":128,"column":26},"end":{"line":130,"column":7}},"line":128},"26":{"name":"(anonymous_26)","decl":{"start":{"line":131,"column":7},"end":{"line":131,"column":8}},"loc":{"start":{"line":131,"column":16},"end":{"line":136,"column":5}},"line":131},"27":{"name":"(anonymous_27)","decl":{"start":{"line":137,"column":5},"end":{"line":137,"column":6}},"loc":{"start":{"line":137,"column":14},"end":{"line":142,"column":3}},"line":137},"28":{"name":"(anonymous_28)","decl":{"start":{"line":145,"column":18},"end":{"line":145,"column":19}},"loc":{"start":{"line":145,"column":38},"end":{"line":168,"column":1}},"line":145},"29":{"name":"(anonymous_29)","decl":{"start":{"line":153,"column":10},"end":{"line":153,"column":11}},"loc":{"start":{"line":153,"column":20},"end":{"line":164,"column":5}},"line":153},"30":{"name":"(anonymous_30)","decl":{"start":{"line":165,"column":11},"end":{"line":165,"column":12}},"loc":{"start":{"line":165,"column":22},"end":{"line":167,"column":5}},"line":165},"31":{"name":"(anonymous_31)","decl":{"start":{"line":170,"column":15},"end":{"line":170,"column":16}},"loc":{"start":{"line":170,"column":35},"end":{"line":188,"column":1}},"line":170},"32":{"name":"(anonymous_32)","decl":{"start":{"line":173,"column":10},"end":{"line":173,"column":11}},"loc":{"start":{"line":173,"column":20},"end":{"line":184,"column":5}},"line":173},"33":{"name":"(anonymous_33)","decl":{"start":{"line":185,"column":11},"end":{"line":185,"column":12}},"loc":{"start":{"line":185,"column":22},"end":{"line":187,"column":5}},"line":185}},"branchMap":{"0":{"loc":{"start":{"line":34,"column":4},"end":{"line":38,"column":5}},"type":"if","locations":[{"start":{"line":34,"column":4},"end":{"line":38,"column":5}},{"start":{},"end":{}}],"line":34},"1":{"loc":{"start":{"line":67,"column":6},"end":{"line":71,"column":7}},"type":"if","locations":[{"start":{"line":67,"column":6},"end":{"line":71,"column":7}},{"start":{"line":69,"column":11},"end":{"line":71,"column":7}}],"line":67},"2":{"loc":{"start":{"line":113,"column":4},"end":{"line":117,"column":5}},"type":"if","locations":[{"start":{"line":113,"column":4},"end":{"line":117,"column":5}},{"start":{},"end":{}}],"line":113},"3":{"loc":{"start":{"line":120,"column":6},"end":{"line":124,"column":7}},"type":"if","locations":[{"start":{"line":120,"column":6},"end":{"line":124,"column":7}},{"start":{},"end":{}}],"line":120},"4":{"loc":{"start":{"line":154,"column":6},"end":{"line":158,"column":7}},"type":"if","locations":[{"start":{"line":154,"column":6},"end":{"line":158,"column":7}},{"start":{},"end":{}}],"line":154},"5":{"loc":{"start":{"line":174,"column":6},"end":{"line":178,"column":7}},"type":"if","locations":[{"start":{"line":174,"column":6},"end":{"line":178,"column":7}},{"start":{},"end":{}}],"line":174}},"s":{"0":5,"1":5,"2":5,"3":0,"4":0,"5":0,"6":0,"7":0,"8":0,"9":5,"10":0,"11":5,"12":0,"13":0,"14":0,"15":0,"16":0,"17":0,"18":0,"19":0,"20":0,"21":0,"22":0,"23":0,"24":0,"25":5,"26":0,"27":0,"28":0,"29":0,"30":0,"31":0,"32":5,"33":0,"34":0,"35":0,"36":0,"37":0,"38":0,"39":0,"40":0,"41":0,"42":0,"43":0,"44":0,"45":0,"46":0,"47":0,"48":0,"49":0,"50":0,"51":0,"52":0,"53":0,"54":0,"55":0,"56":0,"57":0,"58":0,"59":5,"60":0,"61":0,"62":0,"63":0,"64":0,"65":0,"66":0,"67":0,"68":0,"69":0,"70":0,"71":0,"72":5,"73":0,"74":0,"75":0,"76":0,"77":0,"78":0,"79":0,"80":0,"81":0,"82":0},"f":{"0":0,"1":0,"2":0,"3":0,"4":0,"5":0,"6":0,"7":0,"8":0,"9":0,"10":0,"11":0,"12":0,"13":0,"14":0,"15":0,"16":0,"17":0,"18":0,"19":0,"20":0,"21":0,"22":0,"23":0,"24":0,"25":0,"26":0,"27":0,"28":0,"29":0,"30":0,"31":0,"32":0,"33":0},"b":{"0":[0,0],"1":[0,0],"2":[0,0],"3":[0,0],"4":[0,0],"5":[0,0]},"_coverageSchema":"1a1c01bbd47fc00a2c39e90264f33305004495a9","hash":"11501b7c29c74d590fdba874269d059c44429630"}
,"D:\\KM-BEJS-4\\Chapter 6\\CH6-BEJS-LUTHFIYAH\\controllers\\view\\userGamesController.js": {"path":"D:\\KM-BEJS-4\\Chapter 6\\CH6-BEJS-LUTHFIYAH\\controllers\\view\\userGamesController.js","statementMap":{"0":{"start":{"line":1,"column":58},"end":{"line":1,"column":81}},"1":{"start":{"line":2,"column":15},"end":{"line":2,"column":34}},"2":{"start":{"line":3,"column":15},"end":{"line":3,"column":32}},"3":{"start":{"line":5,"column":0},"end":{"line":17,"column":2}},"4":{"start":{"line":6,"column":2},"end":{"line":16,"column":7}},"5":{"start":{"line":8,"column":6},"end":{"line":12,"column":7}},"6":{"start":{"line":9,"column":8},"end":{"line":9,"column":74}},"7":{"start":{"line":11,"column":8},"end":{"line":11,"column":85}},"8":{"start":{"line":15,"column":6},"end":{"line":15,"column":75}},"9":{"start":{"line":19,"column":0},"end":{"line":21,"column":2}},"10":{"start":{"line":20,"column":2},"end":{"line":20,"column":36}},"11":{"start":{"line":23,"column":0},"end":{"line":61,"column":2}},"12":{"start":{"line":24,"column":40},"end":{"line":24,"column":48}},"13":{"start":{"line":25,"column":14},"end":{"line":25,"column":24}},"14":{"start":{"line":26,"column":2},"end":{"line":59,"column":5}},"15":{"start":{"line":31,"column":4},"end":{"line":34,"column":5}},"16":{"start":{"line":32,"column":6},"end":{"line":32,"column":108}},"17":{"start":{"line":33,"column":6},"end":{"line":33,"column":13}},"18":{"start":{"line":36,"column":4},"end":{"line":58,"column":7}},"19":{"start":{"line":41,"column":6},"end":{"line":44,"column":7}},"20":{"start":{"line":42,"column":8},"end":{"line":42,"column":107}},"21":{"start":{"line":43,"column":8},"end":{"line":43,"column":15}},"22":{"start":{"line":45,"column":6},"end":{"line":57,"column":11}},"23":{"start":{"line":53,"column":10},"end":{"line":53,"column":50}},"24":{"start":{"line":56,"column":10},"end":{"line":56,"column":88}},"25":{"start":{"line":62,"column":0},"end":{"line":80,"column":2}},"26":{"start":{"line":63,"column":13},"end":{"line":63,"column":26}},"27":{"start":{"line":64,"column":2},"end":{"line":79,"column":7}},"28":{"start":{"line":72,"column":6},"end":{"line":74,"column":7}},"29":{"start":{"line":73,"column":8},"end":{"line":73,"column":98}},"30":{"start":{"line":75,"column":6},"end":{"line":75,"column":78}},"31":{"start":{"line":78,"column":6},"end":{"line":78,"column":84}},"32":{"start":{"line":82,"column":0},"end":{"line":107,"column":2}},"33":{"start":{"line":83,"column":13},"end":{"line":83,"column":26}},"34":{"start":{"line":84,"column":40},"end":{"line":84,"column":48}},"35":{"start":{"line":85,"column":14},"end":{"line":85,"column":24}},"36":{"start":{"line":86,"column":2},"end":{"line":106,"column":7}},"37":{"start":{"line":88,"column":6},"end":{"line":90,"column":7}},"38":{"start":{"line":89,"column":8},"end":{"line":89,"column":98}},"39":{"start":{"line":91,"column":6},"end":{"line":101,"column":8}},"40":{"start":{"line":102,"column":6},"end":{"line":102,"column":46}},"41":{"start":{"line":105,"column":6},"end":{"line":105,"column":84}},"42":{"start":{"line":109,"column":0},"end":{"line":124,"column":2}},"43":{"start":{"line":110,"column":17},"end":{"line":110,"column":27}},"44":{"start":{"line":111,"column":2},"end":{"line":123,"column":7}},"45":{"start":{"line":113,"column":6},"end":{"line":115,"column":7}},"46":{"start":{"line":114,"column":8},"end":{"line":114,"column":98}},"47":{"start":{"line":116,"column":6},"end":{"line":118,"column":9}},"48":{"start":{"line":119,"column":6},"end":{"line":119,"column":46}},"49":{"start":{"line":122,"column":6},"end":{"line":122,"column":84}}},"fnMap":{"0":{"name":"(anonymous_0)","decl":{"start":{"line":5,"column":16},"end":{"line":5,"column":17}},"loc":{"start":{"line":5,"column":36},"end":{"line":17,"column":1}},"line":5},"1":{"name":"(anonymous_1)","decl":{"start":{"line":7,"column":10},"end":{"line":7,"column":11}},"loc":{"start":{"line":7,"column":26},"end":{"line":13,"column":5}},"line":7},"2":{"name":"(anonymous_2)","decl":{"start":{"line":14,"column":11},"end":{"line":14,"column":12}},"loc":{"start":{"line":14,"column":22},"end":{"line":16,"column":5}},"line":14},"3":{"name":"(anonymous_3)","decl":{"start":{"line":19,"column":23},"end":{"line":19,"column":24}},"loc":{"start":{"line":19,"column":43},"end":{"line":21,"column":1}},"line":19},"4":{"name":"(anonymous_4)","decl":{"start":{"line":23,"column":26},"end":{"line":23,"column":27}},"loc":{"start":{"line":23,"column":46},"end":{"line":61,"column":1}},"line":23},"5":{"name":"(anonymous_5)","decl":{"start":{"line":30,"column":10},"end":{"line":30,"column":11}},"loc":{"start":{"line":30,"column":18},"end":{"line":59,"column":3}},"line":30},"6":{"name":"(anonymous_6)","decl":{"start":{"line":40,"column":12},"end":{"line":40,"column":13}},"loc":{"start":{"line":40,"column":20},"end":{"line":58,"column":5}},"line":40},"7":{"name":"(anonymous_7)","decl":{"start":{"line":52,"column":14},"end":{"line":52,"column":15}},"loc":{"start":{"line":52,"column":24},"end":{"line":54,"column":9}},"line":52},"8":{"name":"(anonymous_8)","decl":{"start":{"line":55,"column":15},"end":{"line":55,"column":16}},"loc":{"start":{"line":55,"column":26},"end":{"line":57,"column":9}},"line":55},"9":{"name":"(anonymous_9)","decl":{"start":{"line":62,"column":15},"end":{"line":62,"column":16}},"loc":{"start":{"line":62,"column":35},"end":{"line":80,"column":1}},"line":62},"10":{"name":"(anonymous_10)","decl":{"start":{"line":71,"column":10},"end":{"line":71,"column":11}},"loc":{"start":{"line":71,"column":26},"end":{"line":76,"column":5}},"line":71},"11":{"name":"(anonymous_11)","decl":{"start":{"line":77,"column":11},"end":{"line":77,"column":12}},"loc":{"start":{"line":77,"column":22},"end":{"line":79,"column":5}},"line":77},"12":{"name":"(anonymous_12)","decl":{"start":{"line":82,"column":26},"end":{"line":82,"column":27}},"loc":{"start":{"line":82,"column":46},"end":{"line":107,"column":1}},"line":82},"13":{"name":"(anonymous_13)","decl":{"start":{"line":87,"column":10},"end":{"line":87,"column":11}},"loc":{"start":{"line":87,"column":25},"end":{"line":103,"column":5}},"line":87},"14":{"name":"(anonymous_14)","decl":{"start":{"line":104,"column":11},"end":{"line":104,"column":12}},"loc":{"start":{"line":104,"column":22},"end":{"line":106,"column":5}},"line":104},"15":{"name":"(anonymous_15)","decl":{"start":{"line":109,"column":26},"end":{"line":109,"column":27}},"loc":{"start":{"line":109,"column":52},"end":{"line":124,"column":1}},"line":109},"16":{"name":"(anonymous_16)","decl":{"start":{"line":112,"column":10},"end":{"line":112,"column":11}},"loc":{"start":{"line":112,"column":20},"end":{"line":120,"column":5}},"line":112},"17":{"name":"(anonymous_17)","decl":{"start":{"line":121,"column":11},"end":{"line":121,"column":12}},"loc":{"start":{"line":121,"column":22},"end":{"line":123,"column":5}},"line":121}},"branchMap":{"0":{"loc":{"start":{"line":8,"column":6},"end":{"line":12,"column":7}},"type":"if","locations":[{"start":{"line":8,"column":6},"end":{"line":12,"column":7}},{"start":{"line":10,"column":11},"end":{"line":12,"column":7}}],"line":8},"1":{"loc":{"start":{"line":31,"column":4},"end":{"line":34,"column":5}},"type":"if","locations":[{"start":{"line":31,"column":4},"end":{"line":34,"column":5}},{"start":{},"end":{}}],"line":31},"2":{"loc":{"start":{"line":41,"column":6},"end":{"line":44,"column":7}},"type":"if","locations":[{"start":{"line":41,"column":6},"end":{"line":44,"column":7}},{"start":{},"end":{}}],"line":41},"3":{"loc":{"start":{"line":72,"column":6},"end":{"line":74,"column":7}},"type":"if","locations":[{"start":{"line":72,"column":6},"end":{"line":74,"column":7}},{"start":{},"end":{}}],"line":72},"4":{"loc":{"start":{"line":88,"column":6},"end":{"line":90,"column":7}},"type":"if","locations":[{"start":{"line":88,"column":6},"end":{"line":90,"column":7}},{"start":{},"end":{}}],"line":88},"5":{"loc":{"start":{"line":113,"column":6},"end":{"line":115,"column":7}},"type":"if","locations":[{"start":{"line":113,"column":6},"end":{"line":115,"column":7}},{"start":{},"end":{}}],"line":113}},"s":{"0":5,"1":5,"2":5,"3":5,"4":0,"5":0,"6":0,"7":0,"8":0,"9":5,"10":0,"11":5,"12":0,"13":0,"14":0,"15":0,"16":0,"17":0,"18":0,"19":0,"20":0,"21":0,"22":0,"23":0,"24":0,"25":5,"26":0,"27":0,"28":0,"29":0,"30":0,"31":0,"32":5,"33":0,"34":0,"35":0,"36":0,"37":0,"38":0,"39":0,"40":0,"41":0,"42":5,"43":0,"44":0,"45":0,"46":0,"47":0,"48":0,"49":0},"f":{"0":0,"1":0,"2":0,"3":0,"4":0,"5":0,"6":0,"7":0,"8":0,"9":0,"10":0,"11":0,"12":0,"13":0,"14":0,"15":0,"16":0,"17":0},"b":{"0":[0,0],"1":[0,0],"2":[0,0],"3":[0,0],"4":[0,0],"5":[0,0]},"_coverageSchema":"1a1c01bbd47fc00a2c39e90264f33305004495a9","hash":"d95b1591d072bb52afa4107a2d5546251c29810f"}
,"D:\\KM-BEJS-4\\Chapter 6\\CH6-BEJS-LUTHFIYAH\\controllers\\view\\userGamesHistoryController.js": {"path":"D:\\KM-BEJS-4\\Chapter 6\\CH6-BEJS-LUTHFIYAH\\controllers\\view\\userGamesHistoryController.js","statementMap":{"0":{"start":{"line":1,"column":39},"end":{"line":1,"column":62}},"1":{"start":{"line":2,"column":24},"end":{"line":2,"column":44}},"2":{"start":{"line":3,"column":15},"end":{"line":3,"column":32}},"3":{"start":{"line":5,"column":0},"end":{"line":13,"column":2}},"4":{"start":{"line":6,"column":2},"end":{"line":12,"column":7}},"5":{"start":{"line":8,"column":8},"end":{"line":8,"column":89}},"6":{"start":{"line":11,"column":6},"end":{"line":11,"column":84}},"7":{"start":{"line":14,"column":0},"end":{"line":16,"column":4}},"8":{"start":{"line":15,"column":4},"end":{"line":15,"column":46}},"9":{"start":{"line":18,"column":0},"end":{"line":55,"column":2}},"10":{"start":{"line":19,"column":55},"end":{"line":19,"column":63}},"11":{"start":{"line":21,"column":25},"end":{"line":27,"column":3}},"12":{"start":{"line":22,"column":4},"end":{"line":26,"column":6}},"13":{"start":{"line":23,"column":6},"end":{"line":23,"column":31}},"14":{"start":{"line":25,"column":6},"end":{"line":25,"column":24}},"15":{"start":{"line":29,"column":2},"end":{"line":54,"column":4}},"16":{"start":{"line":30,"column":4},"end":{"line":34,"column":5}},"17":{"start":{"line":31,"column":6},"end":{"line":33,"column":8}},"18":{"start":{"line":36,"column":19},"end":{"line":36,"column":62}},"19":{"start":{"line":38,"column":4},"end":{"line":48,"column":7}},"20":{"start":{"line":45,"column":6},"end":{"line":45,"column":72}},"21":{"start":{"line":47,"column":6},"end":{"line":47,"column":84}},"22":{"start":{"line":50,"column":4},"end":{"line":50,"column":22}},"23":{"start":{"line":51,"column":4},"end":{"line":53,"column":6}},"24":{"start":{"line":57,"column":0},"end":{"line":71,"column":2}},"25":{"start":{"line":58,"column":13},"end":{"line":58,"column":26}},"26":{"start":{"line":59,"column":2},"end":{"line":70,"column":7}},"27":{"start":{"line":61,"column":8},"end":{"line":65,"column":9}},"28":{"start":{"line":62,"column":12},"end":{"line":62,"column":79}},"29":{"start":{"line":64,"column":12},"end":{"line":64,"column":106}},"30":{"start":{"line":68,"column":6},"end":{"line":68,"column":44}},"31":{"start":{"line":68,"column":25},"end":{"line":68,"column":44}},"32":{"start":{"line":69,"column":6},"end":{"line":69,"column":18}},"33":{"start":{"line":73,"column":0},"end":{"line":87,"column":2}},"34":{"start":{"line":74,"column":13},"end":{"line":74,"column":26}},"35":{"start":{"line":75,"column":2},"end":{"line":86,"column":7}},"36":{"start":{"line":77,"column":8},"end":{"line":81,"column":9}},"37":{"start":{"line":78,"column":12},"end":{"line":78,"column":79}},"38":{"start":{"line":80,"column":12},"end":{"line":80,"column":108}},"39":{"start":{"line":84,"column":6},"end":{"line":84,"column":44}},"40":{"start":{"line":84,"column":25},"end":{"line":84,"column":44}},"41":{"start":{"line":85,"column":6},"end":{"line":85,"column":18}},"42":{"start":{"line":89,"column":0},"end":{"line":153,"column":2}},"43":{"start":{"line":90,"column":11},"end":{"line":90,"column":24}},"44":{"start":{"line":91,"column":17},"end":{"line":91,"column":80}},"45":{"start":{"line":92,"column":25},"end":{"line":98,"column":3}},"46":{"start":{"line":99,"column":14},"end":{"line":103,"column":3}},"47":{"start":{"line":105,"column":25},"end":{"line":111,"column":3}},"48":{"start":{"line":106,"column":4},"end":{"line":110,"column":6}},"49":{"start":{"line":107,"column":6},"end":{"line":107,"column":31}},"50":{"start":{"line":109,"column":6},"end":{"line":109,"column":24}},"51":{"start":{"line":113,"column":22},"end":{"line":119,"column":3}},"52":{"start":{"line":114,"column":4},"end":{"line":118,"column":6}},"53":{"start":{"line":115,"column":6},"end":{"line":115,"column":33}},"54":{"start":{"line":117,"column":6},"end":{"line":117,"column":24}},"55":{"start":{"line":121,"column":2},"end":{"line":152,"column":4}},"56":{"start":{"line":122,"column":4},"end":{"line":126,"column":5}},"57":{"start":{"line":123,"column":6},"end":{"line":125,"column":8}},"58":{"start":{"line":128,"column":4},"end":{"line":146,"column":6}},"59":{"start":{"line":129,"column":6},"end":{"line":133,"column":7}},"60":{"start":{"line":130,"column":8},"end":{"line":132,"column":10}},"61":{"start":{"line":135,"column":6},"end":{"line":140,"column":9}},"62":{"start":{"line":136,"column":8},"end":{"line":136,"column":91}},"63":{"start":{"line":138,"column":8},"end":{"line":138,"column":46}},"64":{"start":{"line":138,"column":27},"end":{"line":138,"column":46}},"65":{"start":{"line":139,"column":8},"end":{"line":139,"column":20}},"66":{"start":{"line":142,"column":6},"end":{"line":142,"column":22}},"67":{"start":{"line":143,"column":6},"end":{"line":145,"column":8}},"68":{"start":{"line":148,"column":4},"end":{"line":148,"column":20}},"69":{"start":{"line":149,"column":4},"end":{"line":151,"column":6}},"70":{"start":{"line":155,"column":0},"end":{"line":173,"column":2}},"71":{"start":{"line":156,"column":17},"end":{"line":156,"column":27}},"72":{"start":{"line":157,"column":2},"end":{"line":172,"column":7}},"73":{"start":{"line":159,"column":6},"end":{"line":163,"column":7}},"74":{"start":{"line":160,"column":22},"end":{"line":160,"column":76}},"75":{"start":{"line":161,"column":8},"end":{"line":161,"column":27}},"76":{"start":{"line":162,"column":8},"end":{"line":162,"column":20}},"77":{"start":{"line":164,"column":6},"end":{"line":166,"column":9}},"78":{"start":{"line":167,"column":6},"end":{"line":167,"column":82}},"79":{"start":{"line":170,"column":6},"end":{"line":170,"column":44}},"80":{"start":{"line":170,"column":25},"end":{"line":170,"column":44}},"81":{"start":{"line":171,"column":6},"end":{"line":171,"column":18}},"82":{"start":{"line":175,"column":0},"end":{"line":194,"column":4}},"83":{"start":{"line":176,"column":19},"end":{"line":176,"column":29}},"84":{"start":{"line":177,"column":4},"end":{"line":193,"column":9}},"85":{"start":{"line":179,"column":8},"end":{"line":183,"column":9}},"86":{"start":{"line":180,"column":24},"end":{"line":180,"column":78}},"87":{"start":{"line":181,"column":10},"end":{"line":181,"column":29}},"88":{"start":{"line":182,"column":10},"end":{"line":182,"column":22}},"89":{"start":{"line":184,"column":20},"end":{"line":184,"column":32}},"90":{"start":{"line":185,"column":8},"end":{"line":187,"column":11}},"91":{"start":{"line":188,"column":8},"end":{"line":188,"column":63}},"92":{"start":{"line":191,"column":8},"end":{"line":191,"column":46}},"93":{"start":{"line":191,"column":27},"end":{"line":191,"column":46}},"94":{"start":{"line":192,"column":8},"end":{"line":192,"column":20}}},"fnMap":{"0":{"name":"(anonymous_0)","decl":{"start":{"line":5,"column":14},"end":{"line":5,"column":15}},"loc":{"start":{"line":5,"column":34},"end":{"line":13,"column":1}},"line":5},"1":{"name":"(anonymous_1)","decl":{"start":{"line":7,"column":10},"end":{"line":7,"column":11}},"loc":{"start":{"line":7,"column":34},"end":{"line":9,"column":5}},"line":7},"2":{"name":"(anonymous_2)","decl":{"start":{"line":10,"column":11},"end":{"line":10,"column":12}},"loc":{"start":{"line":10,"column":22},"end":{"line":12,"column":5}},"line":10},"3":{"name":"(anonymous_3)","decl":{"start":{"line":14,"column":14},"end":{"line":14,"column":15}},"loc":{"start":{"line":14,"column":34},"end":{"line":16,"column":3}},"line":14},"4":{"name":"(anonymous_4)","decl":{"start":{"line":18,"column":17},"end":{"line":18,"column":18}},"loc":{"start":{"line":18,"column":37},"end":{"line":55,"column":1}},"line":18},"5":{"name":"(anonymous_5)","decl":{"start":{"line":21,"column":25},"end":{"line":21,"column":26}},"loc":{"start":{"line":21,"column":55},"end":{"line":27,
[...]
"column":38}},"3":{"start":{"line":6,"column":17},"end":{"line":6,"column":42}},"4":{"start":{"line":7,"column":12},"end":{"line":7,"column":49}},"5":{"start":{"line":8,"column":15},"end":{"line":8,"column":65}},"6":{"start":{"line":9,"column":11},"end":{"line":9,"column":13}},"7":{"start":{"line":12,"column":0},"end":{"line":16,"column":1}},"8":{"start":{"line":13,"column":2},"end":{"line":13,"column":74}},"9":{"start":{"line":15,"column":2},"end":{"line":15,"column":87}},"10":{"start":{"line":18,"column":0},"end":{"line":26,"column":5}},"11":{"start":{"line":21,"column":4},"end":{"line":21,"column":90}},"12":{"start":{"line":24,"column":18},"end":{"line":24,"column":85}},"13":{"start":{"line":25,"column":4},"end":{"line":25,"column":27}},"14":{"start":{"line":28,"column":0},"end":{"line":32,"column":3}},"15":{"start":{"line":29,"column":2},"end":{"line":31,"column":3}},"16":{"start":{"line":30,"column":4},"end":{"line":30,"column":32}},"17":{"start":{"line":34,"column":0},"end":{"line":34,"column":25}},"18":{"start":{"line":35,"column":0},"end":{"line":35,"column":25}},"19":{"start":{"line":37,"column":0},"end":{"line":37,"column":20}}},"fnMap":{"0":{"name":"(anonymous_0)","decl":{"start":{"line":20,"column":10},"end":{"line":20,"column":11}},"loc":{"start":{"line":20,"column":18},"end":{"line":22,"column":3}},"line":20},"1":{"name":"(anonymous_1)","decl":{"start":{"line":23,"column":11},"end":{"line":23,"column":12}},"loc":{"start":{"line":23,"column":19},"end":{"line":26,"column":3}},"line":23},"2":{"name":"(anonymous_2)","decl":{"start":{"line":28,"column":24},"end":{"line":28,"column":25}},"loc":{"start":{"line":28,"column":37},"end":{"line":32,"column":1}},"line":28}},"branchMap":{"0":{"loc":{"start":{"line":7,"column":12},"end":{"line":7,"column":49}},"type":"binary-expr","locations":[{"start":{"line":7,"column":12},"end":{"line":7,"column":32}},{"start":{"line":7,"column":36},"end":{"line":7,"column":49}}],"line":7},"1":{"loc":{"start":{"line":12,"column":0},"end":{"line":16,"column":1}},"type":"if","locations":[{"start":{"line":12,"column":0},"end":{"line":16,"column":1}},{"start":{"line":14,"column":7},"end":{"line":16,"column":1}}],"line":12},"2":{"loc":{"start":{"line":21,"column":11},"end":{"line":21,"column":89}},"type":"binary-expr","locations":[{"start":{"line":21,"column":12},"end":{"line":21,"column":35}},{"start":{"line":21,"column":41},"end":{"line":21,"column":58}},{"start":{"line":21,"column":64},"end":{"line":21,"column":88}}],"line":21},"3":{"loc":{"start":{"line":29,"column":2},"end":{"line":31,"column":3}},"type":"if","locations":[{"start":{"line":29,"column":2},"end":{"line":31,"column":3}},{"start":{},"end":{}}],"line":29}},"s":{"0":5,"1":5,"2":5,"3":5,"4":5,"5":5,"6":5,"7":5,"8":0,"9":5,"10":5,"11":20,"12":15,"13":15,"14":5,"15":15,"16":15,"17":5,"18":5,"19":5},"f":{"0":20,"1":15,"2":15},"b":{"0":[5,0],"1":[0,5],"2":[20,20,15],"3":[15,0]},"_coverageSchema":"1a1c01bbd47fc00a2c39e90264f33305004495a9","hash":"501f626c4dea0fdf0ba4aa5aa2511902748eb98b"}
,"D:\\KM-BEJS-4\\Chapter 6\\CH6-BEJS-LUTHFIYAH\\models\\usergames.js": {"path":"D:\\KM-BEJS-4\\Chapter 6\\CH6-BEJS-LUTHFIYAH\\models\\usergames.js","statementMap":{"0":{"start":{"line":4,"column":4},"end":{"line":4,"column":24}},"1":{"start":{"line":5,"column":0},"end":{"line":28,"column":2}},"2":{"start":{"line":14,"column":6},"end":{"line":14,"column":82}},"3":{"start":{"line":15,"column":6},"end":{"line":15,"column":83}},"4":{"start":{"line":18,"column":2},"end":{"line":26,"column":5}},"5":{"start":{"line":27,"column":2},"end":{"line":27,"column":19}}},"fnMap":{"0":{"name":"(anonymous_0)","decl":{"start":{"line":5,"column":17},"end":{"line":5,"column":18}},"loc":{"start":{"line":5,"column":43},"end":{"line":28,"column":1}},"line":5},"1":{"name":"(anonymous_1)","decl":{"start":{"line":12,"column":4},"end":{"line":12,"column":5}},"loc":{"start":{"line":12,"column":29},"end":{"line":16,"column":5}},"line":12}},"branchMap":{},"s":{"0":5,"1":5,"2":5,"3":5,"4":5,"5":5},"f":{"0":5,"1":5},"b":{},"_coverageSchema":"1a1c01bbd47fc00a2c39e90264f33305004495a9","hash":"9c66718aacb5ec873093bc0e460b83106e21cab5"}
,"D:\\KM-BEJS-4\\Chapter 6\\CH6-BEJS-LUTHFIYAH\\models\\usergamesbiodata.js": {"path":"D:\\KM-BEJS-4\\Chapter 6\\CH6-BEJS-LUTHFIYAH\\models\\usergamesbiodata.js","statementMap":{"0":{"start":{"line":4,"column":4},"end":{"line":4,"column":24}},"1":{"start":{"line":5,"column":0},"end":{"line":30,"column":2}},"2":{"start":{"line":14,"column":6},"end":{"line":14,"column":75}},"3":{"start":{"line":17,"column":2},"end":{"line":28,"column":5}},"4":{"start":{"line":29,"column":2},"end":{"line":29,"column":26}}},"fnMap":{"0":{"name":"(anonymous_0)","decl":{"start":{"line":5,"column":17},"end":{"line":5,"column":18}},"loc":{"start":{"line":5,"column":43},"end":{"line":30,"column":1}},"line":5},"1":{"name":"(anonymous_1)","decl":{"start":{"line":12,"column":4},"end":{"line":12,"column":5}},"loc":{"start":{"line":12,"column":29},"end":{"line":15,"column":5}},"line":12}},"branchMap":{},"s":{"0":5,"1":5,"2":5,"3":5,"4":5},"f":{"0":5,"1":5},"b":{},"_coverageSchema":"1a1c01bbd47fc00a2c39e90264f33305004495a9","hash":"268b169911e59596c076b59d86cc10eeb80e3361"}
,"D:\\KM-BEJS-4\\Chapter 6\\CH6-BEJS-LUTHFIYAH\\models\\usergameshistory.js": {"path":"D:\\KM-BEJS-4\\Chapter 6\\CH6-BEJS-LUTHFIYAH\\models\\usergameshistory.js","statementMap":{"0":{"start":{"line":4,"column":4},"end":{"line":4,"column":24}},"1":{"start":{"line":5,"column":0},"end":{"line":29,"column":2}},"2":{"start":{"line":14,"column":6},"end":{"line":14,"column":75}},"3":{"start":{"line":17,"column":2},"end":{"line":27,"column":5}},"4":{"start":{"line":28,"column":2},"end":{"line":28,"column":26}}},"fnMap":{"0":{"name":"(anonymous_0)","decl":{"start":{"line":5,"column":17},"end":{"line":5,"column":18}},"loc":{"start":{"line":5,"column":43},"end":{"line":29,"column":1}},"line":5},"1":{"name":"(anonymous_1)","decl":{"start":{"line":12,"column":4},"end":{"line":12,"column":5}},"loc":{"start":{"line":12,"column":29},"end":{"line":15,"column":5}},"line":12}},"branchMap":{},"s":{"0":5,"1":5,"2":5,"3":5,"4":5},"f":{"0":5,"1":5},"b":{},"_coverageSchema":"1a1c01bbd47fc00a2c39e90264f33305004495a9","hash":"5a3e1dd2595bf249f54b4b58d4bb8edcbbf04d30"}
,"D:\\KM-BEJS-4\\Chapter 6\\CH6-BEJS-LUTHFIYAH\\routes\\authApiRouter.js": {"path":"D:\\KM-BEJS-4\\Chapter 6\\CH6-BEJS-LUTHFIYAH\\routes\\authApiRouter.js","statementMap":{"0":{"start":{"line":1,"column":16},"end":{"line":1,"column":34}},"1":{"start":{"line":2,"column":15},"end":{"line":2,"column":31}},"2":{"start":{"line":3,"column":12},"end":{"line":3,"column":58}},"3":{"start":{"line":5,"column":0},"end":{"line":5,"column":32}},"4":{"start":{"line":6,"column":0},"end":{"line":6,"column":38}},"5":{"start":{"line":8,"column":0},"end":{"line":8,"column":23}}},"fnMap":{},"branchMap":{},"s":{"0":5,"1":5,"2":5,"3":5,"4":5,"5":5},"f":{},"b":{},"_coverageSchema":"1a1c01bbd47fc00a2c39e90264f33305004495a9","hash":"c5bbab3bf7b088a8ab825e3f53aef6f172bf031f"}
,"D:\\KM-BEJS-4\\Chapter 6\\CH6-BEJS-LUTHFIYAH\\routes\\authViewRouter.js": {"path":"D:\\KM-BEJS-4\\Chapter 6\\CH6-BEJS-LUTHFIYAH\\routes\\authViewRouter.js","statementMap":{"0":{"start":{"line":1,"column":16},"end":{"line":1,"column":34}},"1":{"start":{"line":2,"column":12},"end":{"line":2,"column":43}},"2":{"start":{"line":3,"column":15},"end":{"line":3,"column":31}},"3":{"start":{"line":4,"column":12},"end":{"line":4,"column":59}},"4":{"start":{"line":5,"column":17},"end":{"line":5,"column":36}},"5":{"start":{"line":15,"column":4},"end":{"line":17,"column":5}},"6":{"start":{"line":16,"column":6},"end":{"line":16,"column":40}},"7":{"start":{"line":18,"column":4},"end":{"line":18,"column":11}},"8":{"start":{"line":21,"column":0},"end":{"line":21,"column":31}},"9":{"start":{"line":22,"column":0},"end":{"line":22,"column":37}},"10":{"start":{"line":23,"column":0},"end":{"line":23,"column":45}},"11":{"start":{"line":24,"column":0},"end":{"line":28,"column":4}},"12":{"start":{"line":29,"column":0},"end":{"line":32,"column":5}},"13":{"start":{"line":30,"column":4},"end":{"line":30,"column":17}},"14":{"start":{"line":31,"column":4},"end":{"line":31,"column":26}},"15":{"start":{"line":33,"column":0},"end":{"line":33,"column":23}}},"fnMap":{"0":{"name":"checkNotAuthenticated","decl":{"start":{"line":14,"column":9},"end":{"line":14,"column":30}},"loc":{"start":{"line":14,"column":47},"end":{"line":19,"column":3}},"line":14},"1":{"name":"(anonymous_1)","decl":{"start":{"line":29,"column":22},"end":{"line":29,"column":23}},"loc":{"start":{"line":29,"column":33},"end":{"line":32,"column":3}},"line":29}},"branchMap":{"0":{"loc":{"start":{"line":15,"column":4},"end":{"line":17,"column":5}},"type":"if","locations":[{"start":{"line":15,"column":4},"end":{"line":17,"column":5}},{"start":{},"end":{}}],"line":15}},"s":{"0":5,"1":5,"2":5,"3":5,"4":5,"5":4,"6":0,"7":4,"8":5,"9":5,"10":5,"11":5,"12":5,"13":1,"14":1,"15":5},"f":{"0":4,"1":1},"b":{"0":[0,4]},"_coverageSchema":"1a1c01bbd47fc00a2c39e90264f33305004495a9","hash":"8bef715768f26cd8b89d6897defc133ff30f7dc1"}
,"D:\\KM-BEJS-4\\Chapter 6\\CH6-BEJS-LUTHFIYAH\\routes\\api\\api.user.games.biodata.js": {"path":"D:\\KM-BEJS-4\\Chapter 6\\CH6-BEJS-LUTHFIYAH\\routes\\api\\api.user.games.biodata.js","statementMap":{"0":{"start":{"line":1,"column":16},"end":{"line":1,"column":34}},"1":{"start":{"line":2,"column":15},"end":{"line":2,"column":31}},"2":{"start":{"line":3,"column":22},"end":{"line":3,"column":81}},"3":{"start":{"line":5,"column":0},"end":{"line":5,"column":51}},"4":{"start":{"line":7,"column":0},"end":{"line":7,"column":58}},"5":{"start":{"line":9,"column":0},"end":{"line":9,"column":52}},"6":{"start":{"line":11,"column":0},"end":{"line":11,"column":57}},"7":{"start":{"line":13,"column":0},"end":{"line":13,"column":60}},"8":{"start":{"line":15,"column":0},"end":{"line":15,"column":24}}},"fnMap":{},"branchMap":{},"s":{"0":5,"1":5,"2":5,"3":5,"4":5,"5":5,"6":5,"7":5,"8":5},"f":{},"b":{},"_coverageSchema":"1a1c01bbd47fc00a2c39e90264f33305004495a9","hash":"2c9eaa394f05dc03b20937265027e58f6540b3d9"}
,"D:\\KM-BEJS-4\\Chapter 6\\CH6-BEJS-LUTHFIYAH\\routes\\api\\api.user.games.history.js": {"path":"D:\\KM-BEJS-4\\Chapter 6\\CH6-BEJS-LUTHFIYAH\\routes\\api\\api.user.games.history.js","statementMap":{"0":{"start":{"line":1,"column":16},"end":{"line":1,"column":34}},"1":{"start":{"line":2,"column":15},"end":{"line":2,"column":31}},"2":{"start":{"line":3,"column":22},"end":{"line":3,"column":81}},"3":{"start":{"line":5,"column":0},"end":{"line":5,"column":51}},"4":{"start":{"line":7,"column":0},"end":{"line":7,"column":58}},"5":{"start":{"line":9,"column":0},"end":{"line":9,"column":52}},"6":{"start":{"line":11,"column":0},"end":{"line":11,"column":57}},"7":{"start":{"line":13,"column":0},"end":{"line":13,"column":60}},"8":{"start":{"line":15,"column":0},"end":{"line":15,"column":24}}},"fnMap":{},"branchMap":{},"s":{"0":5,"1":5,"2":5,"3":5,"4":5,"5":5,"6":5,"7":5,"8":5},"f":{},"b":{},"_coverageSchema":"1a1c01bbd47fc00a2c39e90264f33305004495a9","hash":"9f381d7e3e94ccbfa8596a9f216f2e186e4469bb"}
,"D:\\KM-BEJS-4\\Chapter 6\\CH6-BEJS-LUTHFIYAH\\routes\\api\\api.user.games.js": {"path":"D:\\KM-BEJS-4\\Chapter 6\\CH6-BEJS-LUTHFIYAH\\routes\\api\\api.user.games.js","statementMap":{"0":{"start":{"line":1,"column":16},"end":{"line":1,"column":34}},"1":{"start":{"line":2,"column":15},"end":{"line":2,"column":31}},"2":{"start":{"line":3,"column":22},"end":{"line":3,"column":74}},"3":{"start":{"line":5,"column":0},"end":{"line":5,"column":44}},"4":{"start":{"line":7,"column":0},"end":{"line":7,"column":51}},"5":{"start":{"line":9,"column":0},"end":{"line":9,"column":45}},"6":{"start":{"line":11,"column":0},"end":{"line":11,"column":54}},"7":{"start":{"line":13,"column":0},"end":{"line":13,"column":50}},"8":{"start":{"line":15,"column":0},"end":{"line":15,"column":53}},"9":{"start":{"line":17,"column":0},"end":{"line":17,"column":24}}},"fnMap":{},"branchMap":{},"s":{"0":5,"1":5,"2":5,"3":5,"4":5,"5":5,"6":5,"7":5,"8":5,"9":5},"f":{},"b":{},"_coverageSchema":"1a1c01bbd47fc00a2c39e90264f33305004495a9","hash":"fad6ae90e8411b6a7756803edffd15e82bb67776"}
,"D:\\KM-BEJS-4\\Chapter 6\\CH6-BEJS-LUTHFIYAH\\routes\\api\\index.js": {"path":"D:\\KM-BEJS-4\\Chapter 6\\CH6-BEJS-LUTHFIYAH\\routes\\api\\index.js","statementMap":{"0":{"start":{"line":1,"column":15},"end":{"line":1,"column":42}},"1":{"start":{"line":2,"column":21},"end":{"line":2,"column":48}},"2":{"start":{"line":3,"column":28},"end":{"line":3,"column":63}},"3":{"start":{"line":4,"column":28},"end":{"line":4,"column":63}},"4":{"start":{"line":5,"column":16},"end":{"line":5,"column":59}},"5":{"start":{"line":6,"column":19},"end":{"line":6,"column":46}},"6":{"start":{"line":7,"column":12},"end":{"line":7,"column":61}},"7":{"start":{"line":9,"column":0},"end":{"line":9,"column":32}},"8":{"start":{"line":10,"column":0},"end":{"line":10,"column":38}},"9":{"start":{"line":14,"column":0},"end":{"line":14,"column":60}},"10":{"start":{"line":15,"column":0},"end":{"line":15,"column":74}},"11":{"start":{"line":16,"column":0},"end":{"line":16,"column":74}},"12":{"start":{"line":18,"column":0},"end":{"line":18,"column":23}}},"fnMap":{},"branchMap":{},"s":{"0":5,"1":5,"2":5,"3":5,"4":5,"5":5,"6":5,"7":5,"8":5,"9":5,"10":5,"11":5,"12":5},"f":{},"b":{},"_coverageSchema":"1a1c01bbd47fc00a2c39e90264f33305004495a9","hash":"d21fea4f7c6956b5dba92ffd385bc18ab771ca9e"}
,"D:\\KM-BEJS-4\\Chapter 6\\CH6-BEJS-LUTHFIYAH\\routes\\view\\index.js": {"path":"D:\\KM-BEJS-4\\Chapter 6\\CH6-BEJS-LUTHFIYAH\\routes\\view\\index.js","statementMap":{"0":{"start":{"line":1,"column":15},"end":{"line":1,"column":42}},"1":{"start":{"line":2,"column":18},"end":{"line":2,"column":46}},"2":{"start":{"line":3,"column":25},"end":{"line":3,"column":60}},"3":{"start":{"line":4,"column":25},"end":{"line":4,"column":60}},"4":{"start":{"line":8,"column":4},"end":{"line":10,"column":5}},"5":{"start":{"line":9,"column":6},"end":{"line":9,"column":20}},"6":{"start":{"line":11,"column":4},"end":{"line":11,"column":27}},"7":{"start":{"line":15,"column":0},"end":{"line":17,"column":2}},"8":{"start":{"line":16,"column":4},"end":{"line":16,"column":23}},"9":{"start":{"line":19,"column":0},"end":{"line":19,"column":87}},"10":{"start":{"line":19,"column":60},"end":{"line":19,"column":85}},"11":{"start":{"line":20,"column":0},"end":{"line":20,"column":56}},"12":{"start":{"line":21,"column":0},"end":{"line":21,"column":70}},"13":{"start":{"line":22,"column":0},"end":{"line":22,"column":70}},"14":{"start":{"line":25,"column":0},"end":{"line":25,"column":23}}},"fnMap":{"0":{"name":"checkAuthenticated","decl":{"start":{"line":7,"column":9},"end":{"line":7,"column":27}},"loc":{"start":{"line":7,"column":44},"end":{"line":12,"column":1}},"line":7},"1":{"name":"(anonymous_1)","decl":{"start":{"line":15,"column":16},"end":{"line":15,"column":17}},"loc":{"start":{"line":15,"column":30},"end":{"line":17,"column":1}},"line":15},"2":{"name":"(anonymous_2)","decl":{"start":{"line":19,"column":45},"end":{"line":19,"column":46}},"loc":{"start":{"line":19,"column":59},"end":{"line":19,"column":86}},"line":19}},"branchMap":{"0":{"loc":{"start":{"line":8,"column":4},"end":{"line":10,"column":5}},"type":"if","locations":[{"start":{"line":8,"column":4},"end":{"line":10,"column":5}},{"start":{},"end":{}}],"line":8}},"s":{"0":5,"1":5,"2":5,"3":5,"4":11,"5":0,"6":11,"7":5,"8":1,"9":5,"10":0,"11":5,"12":5,"13":5,"14":5},"f":{"0":11,"1":1,"2":0},"b":{"0":[0,11]},"_coverageSchema":"1a1c01bbd47fc00a2c39e90264f33305004495a9","hash":"8087f4ca37f049c6e350407681256cf8877d55c8"}
,"D:\\KM-BEJS-4\\Chapter 6\\CH6-BEJS-LUTHFIYAH\\routes\\view\\userGamesBiodataRouter.js": {"path":"D:\\KM-BEJS-4\\Chapter 6\\CH6-BEJS-LUTHFIYAH\\routes\\view\\userGamesBiodataRouter.js","statementMap":{"0":{"start":{"line":1,"column":16},"end":{"line":1,"column":34}},"1":{"start":{"line":2,"column":15},"end":{"line":2,"column":31}},"2":{"start":{"line":3,"column":12},"end":{"line":3,"column":72}},"3":{"start":{"line":5,"column":0},"end":{"line":5,"column":24}},"4":{"start":{"line":7,"column":0},"end":{"line":7,"column":27}},"5":{"start":{"line":8,"column":0},"end":{"line":8,"column":31}},"6":{"start":{"line":10,"column":0},"end":{"line":10,"column":47}},"7":{"start":{"line":11,"column":0},"end":{"line":11,"column":37}},"8":{"start":{"line":13,"column":0},"end":{"line":13,"column":34}},"9":{"start":{"line":14,"column":0},"end":{"line":14,"column":40}},"10":{"start":{"line":17,"column":0},"end":{"line":17,"column":23}}},"fnMap":{},"branchMap":{},"s":{"0":5,"1":5,"2":5,"3":5,"4":5,"5":5,"6":5,"7":5,"8":5,"9":5,"10":5},"f":{},"b":{},"_coverageSchema":"1a1c01bbd47fc00a2c39e90264f33305004495a9","hash":"341e9ee9ca61d10d17a1bba71311dee744f4dd6f"}
,"D:\\KM-BEJS-4\\Chapter 6\\CH6-BEJS-LUTHFIYAH\\routes\\view\\userGamesHistoryRouter.js": {"path":"D:\\KM-BEJS-4\\Chapter 6\\CH6-BEJS-LUTHFIYAH\\routes\\view\\userGamesHistoryRouter.js","statementMap":{"0":{"start":{"line":1,"column":16},"end":{"line":1,"column":34}},"1":{"start":{"line":2,"column":15},"end":{"line":2,"column":31}},"2":{"start":{"line":3,"column":12},"end":{"line":3,"column":72}},"3":{"start":{"line":5,"column":0},"end":{"line":5,"column":24}},"4":{"start":{"line":7,"column":0},"end":{"line":7,"column":27}},"5":{"start":{"line":8,"column":0},"end":{"line":8,"column":31}},"6":{"start":{"line":10,"column":0},"end":{"line":10,"column":47}},"7":{"start":{"line":11,"column":0},"end":{"line":11,"column":38}},"8":{"start":{"line":12,"column":0},"end":{"line":12,"column":37}},"9":{"start":{"line":14,"column":0},"end":{"line":14,"column":34}},"10":{"start":{"line":15,"column":0},"end":{"line":15,"column":40}},"11":{"start":{"line":18,"column":0},"end":{"line":18,"column":23}}},"fnMap":{},"branchMap":{},"s":{"0":5,"1":5,"2":5,"3":5,"4":5,"5":5,"6":5,"7":5,"8":5,"9":5,"10":5,"11":5},"f":{},"b":{},"_coverageSchema":"1a1c01bbd47fc00a2c39e90264f33305004495a9","hash":"9dde037e16b267a918d66f0f519ab553b8601e9d"}
,"D:\\KM-BEJS-4\\Chapter 6\\CH6-BEJS-LUTHFIYAH\\routes\\view\\userGamesRouter.js": {"path":"D:\\KM-BEJS-4\\Chapter 6\\CH6-BEJS-LUTHFIYAH\\routes\\view\\userGamesRouter.js","statementMap":{"0":{"start":{"line":1,"column":16},"end":{"line":1,"column":34}},"1":{"start":{"line":2,"column":15},"end":{"line":2,"column":31}},"2":{"start":{"line":3,"column":12},"end":{"line":3,"column":65}},"3":{"start":{"line":4,"column":15},"end":{"line":4,"column":75}},"4":{"start":{"line":5,"column":15},"end":{"line":5,"column":75}},"5":{"start":{"line":7,"column":0},"end":{"line":7,"column":26}},"6":{"start":{"line":9,"column":0},"end":{"line":9,"column":36}},"7":{"start":{"line":10,"column":0},"end":{"line":10,"column":40}},"8":{"start":{"line":12,"column":0},"end":{"line":12,"column":35}},"9":{"start":{"line":13,"column":0},"end":{"line":13,"column":46}},"10":{"start":{"line":15,"column":0},"end":{"line":15,"column":46}},"11":{"start":{"line":16,"column":0},"end":{"line":16,"column":49}},"12":{"start":{"line":18,"column":0},"end":{"line":18,"column":58}},"13":{"start":{"line":19,"column":0},"end":{"line":19,"column":38}},"14":{"start":{"line":21,"column":0},"end":{"line":21,"column":48}},"15":{"start":{"line":22,"column":0},"end":{"line":22,"column":51}},"16":{"start":{"line":24,"column":0},"end":{"line":24,"column":58}},"17":{"start":{"line":25,"column":0},"end":{"line":25,"column":38}},"18":{"start":{"line":27,"column":0},"end":{"line":27,"column":48}},"19":{"start":{"line":28,"column":0},"end":{"line":28,"column":45}},"20":{"start":{"line":29,"column":0},"end":{"line":29,"column":51}},"21":{"start":{"line":31,"column":0},"end":{"line":31,"column":23}}},"fnMap":{},"branchMap":{},"s":{"0":5,"1":5,"2":5,"3":5,"4":5,"5":5,"6":5,"7":5,"8":5,"9":5,"10":5,"11":5,"12":5,"13":5,"14":5,"15":5,"16":5,"17":5,"18":5,"19":5,"20":5,"21":5},"f":{},"b":{},"_coverageSchema":"1a1c01bbd47fc00a2c39e90264f33305004495a9","hash":"ef9627bf0bce0c50a5a10a543f06adc432882214"}
}
