TN:
SF:app.js
FN:52,(anonymous_0)
FNF:1
FNH:0
FNDA:0,(anonymous_0)
DA:1,5
DA:2,5
DA:3,5
DA:4,5
DA:5,5
DA:6,5
DA:8,5
DA:9,5
DA:10,5
DA:13,5
DA:14,5
DA:15,5
DA:16,5
DA:19,5
DA:20,5
DA:21,5
DA:22,5
DA:25,5
DA:29,5
DA:30,5
DA:32,5
DA:33,5
DA:38,5
DA:39,5
DA:42,5
DA:43,5
DA:44,5
DA:46,5
DA:47,5
DA:48,5
DA:49,5
DA:52,5
DA:53,0
DA:58,5
LF:34
LH:33
BRDA:4,0,0,5
BRDA:4,0,1,5
BRF:2
BRH:2
end_of_record
TN:
SF:controllers\time.js
FN:3,getInterval
FNF:1
FNH:1
FNDA:7,getInterval
DA:1,5
DA:3,5
DA:4,7
DA:5,7
DA:6,7
DA:7,7
LF:6
LH:6
BRF:0
BRH:0
end_of_record
TN:
SF:controllers\api\api.home.js
FN:1,(anonymous_0)
FNF:1
FNH:1
FNDA:1,(anonymous_0)
DA:1,6
DA:2,1
LF:2
LH:2
BRF:0
BRH:0
end_of_record
TN:
SF:controllers\api\authController.js
FN:7,(anonymous_0)
FN:60,(anonymous_1)
FN:65,(anonymous_2)
FN:70,(anonymous_3)
FNF:4
FNH:3
FNDA:5,(anonymous_0)
FNDA:4,(anonymous_1)
FNDA:4,(anonymous_2)
FNDA:0,(anonymous_3)
DA:1,5
DA:2,5
DA:3,5
DA:4,5
DA:5,5
DA:7,5
DA:8,5
DA:9,5
DA:10,5
DA:11,2
DA:21,3
DA:26,3
DA:27,0
DA:33,3
DA:41,3
DA:49,3
DA:51,3
DA:60,5
DA:61,4
DA:62,4
DA:66,4
DA:71,0
LF:22
LH:20
BRDA:10,0,0,2
BRDA:10,0,1,3
BRDA:26,1,0,0
BRDA:26,1,1,3
BRF:4
BRH:3
end_of_record
TN:
SF:controllers\api\usergamesController.js
FN:4,(anonymous_0)
FN:11,(anonymous_1)
FN:17,(anonymous_2)
FN:24,(anonymous_3)
FN:34,(anonymous_4)
FN:40,(anonymous_5)
FN:47,(anonymous_6)
FN:54,(anonymous_7)
FN:66,(anonymous_8)
FN:80,(anonymous_9)
FN:86,(anonymous_10)
FN:95,(anonymous_11)
FN:104,(anonymous_12)
FN:115,(anonymous_13)
FN:121,(anonymous_14)
FN:126,(anonymous_15)
FN:147,(anonymous_16)
FN:153,(anonymous_17)
FN:156,(anonymous_18)
FN:169,(anonymous_19)
FNF:20
FNH:17
FNDA:1,(anonymous_0)
FNDA:1,(anonymous_1)
FNDA:0,(anonymous_2)
FNDA:2,(anonymous_3)
FNDA:1,(anonymous_4)
FNDA:0,(anonymous_5)
FNDA:4,(anonymous_6)
FNDA:4,(anonymous_7)
FNDA:3,(anonymous_8)
FNDA:2,(anonymous_9)
FNDA:0,(anonymous_10)
FNDA:2,(anonymous_11)
FNDA:2,(anonymous_12)
FNDA:1,(anonymous_13)
FNDA:3,(anonymous_14)
FNDA:3,(anonymous_15)
FNDA:2,(anonymous_16)
FNDA:2,(anonymous_17)
FNDA:2,(anonymous_18)
FNDA:1,(anonymous_19)
DA:1,5
DA:2,5
DA:4,5
DA:5,1
DA:12,1
DA:18,0
DA:24,5
DA:25,2
DA:26,2
DA:27,2
DA:35,1
DA:41,0
DA:47,5
DA:48,4
DA:49,4
DA:50,4
DA:55,4
DA:56,1
DA:59,1
DA:62,3
DA:67,3
DA:68,1
DA:71,1
DA:73,2
DA:81,2
DA:87,0
DA:95,5
DA:96,2
DA:97,2
DA:105,2
DA:106,1
DA:107,1
DA:108,1
DA:110,1
DA:116,1
DA:117,1
DA:121,5
DA:122,3
DA:123,3
DA:124,3
DA:125,3
DA:127,3
DA:128,2
DA:129,2
DA:130,2
DA:132,1
DA:143,1
DA:148,2
DA:149,2
DA:153,5
DA:154,2
DA:155,2
DA:157,2
DA:158,1
DA:159,1
DA:160,1
DA:162,1
DA:165,1
DA:170,1
DA:171,1
LF:60
LH:57
BRDA:55,0,0,1
BRDA:55,0,1,3
BRDA:67,1,0,1
BRDA:67,1,1,2
BRDA:105,2,0,1
BRDA:105,2,1,1
BRDA:116,3,0,1
BRDA:116,3,1,0
BRDA:127,4,0,2
BRDA:127,4,1,1
BRDA:148,5,0,0
BRDA:148,5,1,2
BRDA:157,6,0,1
BRDA:157,6,1,1
BRDA:170,7,0,0
BRDA:170,7,1,1
BRF:16
BRH:13
end_of_record
TN:
SF:controllers\api\usergamesbiodataController.js
FN:3,(anonymous_0)
FN:5,(anonymous_1)
FN:11,(anonymous_2)
FN:17,(anonymous_3)
FN:20,(anonymous_4)
FN:21,(anonymous_5)
FN:23,(anonymous_6)
FN:28,(anonymous_7)
FN:42,(anonymous_8)
FN:47,(anonymous_9)
FN:52,(anonymous_10)
FN:60,(anonymous_11)
FN:66,(anonymous_12)
FN:77,(anonymous_13)
FN:83,(anonymous_14)
FN:99,(anonymous_15)
FN:100,(anonymous_16)
FN:102,(anonymous_17)
FN:107,(anonymous_18)
FN:108,(anonymous_19)
FN:110,(anonymous_20)
FN:115,(anonymous_21)
FN:122,(anonymous_22)
FN:129,(anonymous_23)
FN:134,(anonymous_24)
FN:138,(anonymous_25)
FN:144,(anonymous_26)
FN:152,(anonymous_27)
FN:155,(anonymous_28)
FN:168,(anonymous_29)
FNF:30
FNH:27
FNDA:1,(anonymous_0)
FNDA:1,(anonymous_1)
FNDA:0,(anonymous_2)
FNDA:4,(anonymous_3)
FNDA:4,(anonymous_4)
FNDA:3,(anonymous_5)
FNDA:1,(anonymous_6)
FNDA:3,(anonymous_7)
FNDA:1,(anonymous_8)
FNDA:1,(anonymous_9)
FNDA:1,(anonymous_10)
FNDA:2,(anonymous_11)
FNDA:2,(anonymous_12)
FNDA:2,(anonymous_13)
FNDA:5,(anonymous_14)
FNDA:5,(anonymous_15)
FNDA:4,(anonymous_16)
FNDA:1,(anonymous_17)
FNDA:2,(anonymous_18)
FNDA:2,(anonymous_19)
FNDA:0,(anonymous_20)
FNDA:4,(anonymous_21)
FNDA:2,(anonymous_22)
FNDA:1,(anonymous_23)
FNDA:1,(anonymous_24)
FNDA:0,(anonymous_25)
FNDA:1,(anonymous_26)
FNDA:2,(anonymous_27)
FNDA:2,(anonymous_28)
FNDA:1,(anonymous_29)
DA:1,5
DA:3,5
DA:4,1
DA:6,1
DA:12,0
DA:13,0
DA:17,5
DA:18,4
DA:20,4
DA:21,4
DA:22,3
DA:24,1
DA:28,4
DA:29,3
DA:30,1
DA:35,2
DA:43,1
DA:48,1
DA:53,1
DA:54,1
DA:60,5
DA:61,2
DA:62,2
DA:67,2
DA:68,2
DA:69,2
DA:70,2
DA:72,0
DA:78,2
DA:79,2
DA:83,5
DA:84,5
DA:85,5
DA:93,5
DA:99,5
DA:100,5
DA:101,4
DA:103,1
DA:107,5
DA:108,2
DA:109,2
DA:111,0
DA:115,5
DA:116,4
DA:117,2
DA:122,2
DA:123,2
DA:124,0
DA:129,2
DA:130,1
DA:135,1
DA:136,1
DA:139,0
DA:140,0
DA:145,1
DA:146,1
DA:152,5
DA:153,2
DA:154,2
DA:156,2
DA:157,1
DA:158,1
DA:159,1
DA:161,1
DA:164,1
DA:169,1
DA:170,1
LF:67
LH:60
BRDA:12,0,0,0
BRDA:12,0,1,0
BRDA:29,1,0,1
BRDA:29,1,1,2
BRDA:67,2,0,2
BRDA:67,2,1,0
BRDA:78,3,0,2
BRDA:78,3,1,0
BRDA:116,4,0,2
BRDA:116,4,1,2
BRDA:123,5,0,0
BRDA:123,5,1,2
BRDA:135,6,0,1
BRDA:135,6,1,0
BRDA:156,7,0,1
BRDA:156,7,1,1
BRDA:169,8,0,0
BRDA:169,8,1,1
BRF:18
BRH:11
end_of_record
TN:
SF:controllers\api\usergameshistoryController.js
FN:4,(anonymous_0)
FN:6,(anonymous_1)
FN:12,(anonymous_2)
FN:18,(anonymous_3)
FN:21,(anonymous_4)
FN:22,(anonymous_5)
FN:24,(anonymous_6)
FN:29,(anonymous_7)
FN:44,(anonymous_8)
FN:49,(anonymous_9)
FN:53,(anonymous_10)
FN:61,(anonymous_11)
FN:64,(anonymous_12)
FN:75,(anonymous_13)
FN:81,(anonymous_14)
FN:97,(anonymous_15)
FN:98,(anonymous_16)
FN:100,(anonymous_17)
FN:105,(anonymous_18)
FN:106,(anonymous_19)
FN:108,(anonymous_20)
FN:113,(anonymous_21)
FN:120,(anonymous_22)
FN:127,(anonymous_23)
FN:132,(anonymous_24)
FN:136,(anonymous_25)
FN:142,(anonymous_26)
FN:150,(anonymous_27)
FN:153,(anonymous_28)
FN:166,(anonymous_29)
FNF:30
FNH:26
FNDA:1,(anonymous_0)
FNDA:1,(anonymous_1)
FNDA:0,(anonymous_2)
FNDA:4,(anonymous_3)
FNDA:4,(anonymous_4)
FNDA:3,(anonymous_5)
FNDA:1,(anonymous_6)
FNDA:3,(anonymous_7)
FNDA:1,(anonymous_8)
FNDA:1,(anonymous_9)
FNDA:1,(anonymous_10)
FNDA:2,(anonymous_11)
FNDA:2,(anonymous_12)
FNDA:1,(anonymous_13)
FNDA:5,(anonymous_14)
FNDA:5,(anonymous_15)
FNDA:4,(anonymous_16)
FNDA:1,(anonymous_17)
FNDA:1,(anonymous_18)
FNDA:1,(anonymous_19)
FNDA:0,(anonymous_20)
FNDA:4,(anonymous_21)
FNDA:1,(anonymous_22)
FNDA:1,(anonymous_23)
FNDA:0,(anonymous_24)
FNDA:0,(anonymous_25)
FNDA:1,(anonymous_26)
FNDA:2,(anonymous_27)
FNDA:2,(anonymous_28)
FNDA:1,(anonymous_29)
DA:1,5
DA:2,5
DA:4,5
DA:5,1
DA:7,1
DA:13,0
DA:14,0
DA:18,5
DA:19,4
DA:21,4
DA:22,4
DA:23,3
DA:25,1
DA:29,4
DA:30,3
DA:31,1
DA:36,2
DA:38,2
DA:45,1
DA:50,1
DA:51,1
DA:54,1
DA:55,1
DA:61,5
DA:62,2
DA:63,2
DA:65,2
DA:66,1
DA:67,1
DA:68,1
DA:70,1
DA:76,1
DA:77,1
DA:81,5
DA:82,5
DA:83,5
DA:84,5
DA:91,5
DA:97,5
DA:98,5
DA:99,4
DA:101,1
DA:105,5
DA:106,1
DA:107,1
DA:109,0
DA:113,5
DA:114,4
DA:115,3
DA:120,1
DA:121,1
DA:122,0
DA:127,1
DA:128,1
DA:133,0
DA:134,0
DA:137,0
DA:138,0
DA:143,1
DA:144,1
DA:150,5
DA:151,2
DA:152,2
DA:154,2
DA:155,1
DA:156,1
DA:157,1
DA:159,1
DA:162,1
DA:167,1
DA:168,1
LF:71
LH:63
BRDA:13,0,0,0
BRDA:13,0,1,0
BRDA:30,1,0,1
BRDA:30,1,1,2
BRDA:50,2,0,1
BRDA:50,2,1,0
BRDA:65,3,0,1
BRDA:65,3,1,1
BRDA:76,4,0,1
BRDA:76,4,1,0
BRDA:114,5,0,3
BRDA:114,5,1,1
BRDA:121,6,0,0
BRDA:121,6,1,1
BRDA:133,7,0,0
BRDA:133,7,1,0
BRDA:154,8,0,1
BRDA:154,8,1,1
BRDA:167,9,0,0
BRDA:167,9,1,1
BRF:20
BRH:12
end_of_record
TN:
SF:controllers\view\authController.js
FN:4,(anonymous_0)
FN:8,(anonymous_1)
FN:12,(anonymous_2)
FN:19,(anonymous_3)
FN:29,(anonymous_4)
FN:41,(anonymous_5)
FN:44,(anonymous_6)
FNF:7
FNH:6
FNDA:1,(anonymous_0)
FNDA:1,(anonymous_1)
FNDA:3,(anonymous_2)
FNDA:3,(anonymous_3)
FNDA:2,(anonymous_4)
FNDA:1,(anonymous_5)
FNDA:0,(anonymous_6)
DA:1,5
DA:2,5
DA:4,5
DA:5,1
DA:8,5
DA:9,1
DA:12,5
DA:13,3
DA:14,3
DA:15,3
DA:20,3
DA:21,1
DA:22,1
DA:25,2
DA:30,2
DA:31,1
DA:32,1
DA:34,1
DA:42,1
DA:45,0
LF:20
LH:19
BRDA:20,0,0,1
BRDA:20,0,1,2
BRDA:30,1,0,1
BRDA:30,1,1,1
BRF:4
BRH:4
end_of_record
TN:
SF:controllers\view\userGamesBiodataController.js
FN:4,(anonymous_0)
FN:6,(anonymous_1)
FN:13,(anonymous_2)
FN:18,(anonymous_3)
FN:22,(anonymous_4)
FN:25,(anonymous_5)
FN:26,(anonymous_6)
FN:28,(anonymous_7)
FN:33,(anonymous_8)
FN:47,(anonymous_9)
FN:49,(anonymous_10)
FN:52,(anonymous_11)
FN:60,(anonymous_12)
FN:66,(anonymous_13)
FN:73,(anonymous_14)
FN:78,(anonymous_15)
FN:96,(anonymous_16)
FN:97,(anonymous_17)
FN:99,(anonymous_18)
FN:104,(anonymous_19)
FN:105,(anonymous_20)
FN:107,(anonymous_21)
FN:112,(anonymous_22)
FN:119,(anonymous_23)
FN:126,(anonymous_24)
FN:128,(anonymous_25)
FN:131,(anonymous_26)
FN:137,(anonymous_27)
FN:145,(anonymous_28)
FN:153,(anonymous_29)
FN:165,(anonymous_30)
FN:170,(anonymous_31)
FN:173,(anonymous_32)
FN:185,(anonymous_33)
FNF:34
FNH:0
FNDA:0,(anonymous_0)
FNDA:0,(anonymous_1)
FNDA:0,(anonymous_2)
FNDA:0,(anonymous_3)
FNDA:0,(anonymous_4)
FNDA:0,(anonymous_5)
FNDA:0,(anonymous_6)
FNDA:0,(anonymous_7)
FNDA:0,(anonymous_8)
FNDA:0,(anonymous_9)
FNDA:0,(anonymous_10)
FNDA:0,(anonymous_11)
FNDA:0,(anonymous_12)
FNDA:0,(anonymous_13)
FNDA:0,(anonymous_14)
FNDA:0,(anonymous_15)
FNDA:0,(anonymous_16)
FNDA:0,(anonymous_17)
FNDA:0,(anonymous_18)
FNDA:0,(anonymous_19)
FNDA:0,(anonymous_20)
FNDA:0,(anonymous_21)
FNDA:0,(anonymous_22)
FNDA:0,(anonymous_23)
FNDA:0,(anonymous_24)
FNDA:0,(anonymous_25)
FNDA:0,(anonymous_26)
FNDA:0,(anonymous_27)
FNDA:0,(anonymous_28)
FNDA:0,(anonymous_29)
FNDA:0,(anonymous_30)
FNDA:0,(anonymous_31)
FNDA:0,(anonymous_32)
FNDA:0,(anonymous_33)
DA:1,5
DA:2,5
DA:4,5
DA:5,0
DA:7,0
DA:8,0
DA:10,0
DA:11,0
DA:14,0
DA:18,5
DA:19,0
DA:22,5
DA:23,0
DA:25,0
DA:26,0
DA:27,0
DA:29,0
DA:33,0
DA:34,0
DA:35,0
DA:40,0
DA:48,0
DA:50,0
DA:53,0
DA:54,0
DA:60,5
DA:61,0
DA:62,0
DA:67,0
DA:68,0
DA:70,0
DA:74,0
DA:78,5
DA:79,0
DA:80,0
DA:89,0
DA:94,0
DA:95,0
DA:96,0
DA:97,0
DA:98,0
DA:100,0
DA:104,0
DA:105,0
DA:106,0
DA:108,0
DA:112,0
DA:113,0
DA:114,0
DA:119,0
DA:120,0
DA:121,0
DA:126,0
DA:127,0
DA:129,0
DA:132,0
DA:133,0
DA:138,0
DA:139,0
DA:145,5
DA:146,0
DA:147,0
DA:151,0
DA:152,0
DA:154,0
DA:155,0
DA:156,0
DA:157,0
DA:159,0
DA:162,0
DA:163,0
DA:166,0
DA:170,5
DA:171,0
DA:172,0
DA:174,0
DA:175,0
DA:176,0
DA:177,0
DA:179,0
DA:182,0
DA:183,0
DA:186,0
LF:83
LH:9
BRDA:34,0,0,0
BRDA:34,0,1,0
BRDA:67,1,0,0
BRDA:67,1,1,0
BRDA:113,2,0,0
BRDA:113,2,1,0
BRDA:120,3,0,0
BRDA:120,3,1,0
BRDA:154,4,0,0
BRDA:154,4,1,0
BRDA:174,5,0,0
BRDA:174,5,1,0
BRF:12
BRH:0
end_of_record
TN:
SF:controllers\view\userGamesController.js
FN:5,(anonymous_0)
FN:7,(anonymous_1)
FN:14,(anonymous_2)
FN:19,(anonymous_3)
FN:23,(anonymous_4)
FN:30,(anonymous_5)
FN:40,(anonymous_6)
FN:52,(anonymous_7)
FN:55,(anonymous_8)
FN:62,(anonymous_9)
FN:71,(anonymous_10)
FN:77,(anonymous_11)
FN:82,(anonymous_12)
FN:87,(anonymous_13)
FN:104,(anonymous_14)
FN:109,(anonymous_15)
FN:112,(anonymous_16)
FN:121,(anonymous_17)
FNF:18
FNH:0
FNDA:0,(anonymous_0)
FNDA:0,(anonymous_1)
FNDA:0,(anonymous_2)
FNDA:0,(anonymous_3)
FNDA:0,(anonymous_4)
FNDA:0,(anonymous_5)
FNDA:0,(anonymous_6)
FNDA:0,(anonymous_7)
FNDA:0,(anonymous_8)
FNDA:0,(anonymous_9)
FNDA:0,(anonymous_10)
FNDA:0,(anonymous_11)
FNDA:0,(anonymous_12)
FNDA:0,(anonymous_13)
FNDA:0,(anonymous_14)
FNDA:0,(anonymous_15)
FNDA:0,(anonymous_16)
FNDA:0,(anonymous_17)
DA:1,5
DA:2,5
DA:3,5
DA:5,5
DA:6,0
DA:8,0
DA:9,0
DA:11,0
DA:15,0
DA:19,5
DA:20,0
DA:23,5
DA:24,0
DA:25,0
DA:26,0
DA:31,0
DA:32,0
DA:33,0
DA:36,0
DA:41,0
DA:42,0
DA:43,0
DA:45,0
DA:53,0
DA:56,0
DA:62,5
DA:63,0
DA:64,0
DA:72,0
DA:73,0
DA:75,0
DA:78,0
DA:82,5
DA:83,0
DA:84,0
DA:85,0
DA:86,0
DA:88,0
DA:89,0
DA:91,0
DA:102,0
DA:105,0
DA:109,5
DA:110,0
DA:111,0
DA:113,0
DA:114,0
DA:116,0
DA:119,0
DA:122,0
LF:50
LH:9
BRDA:8,0,0,0
BRDA:8,0,1,0
BRDA:31,1,0,0
BRDA:31,1,1,0
BRDA:41,2,0,0
BRDA:41,2,1,0
BRDA:72,3,0,0
BRDA:72,3,1,0
BRDA:88,4,0,0
BRDA:88,4,1,0
BRDA:113,5,0,0
BRDA:113,5,1,0
BRF:12
BRH:0
end_of_record
TN:
SF:controllers\view\userGamesHistoryController.js
FN:5,(anonymous_0)
FN:7,(anonymous_1)
FN:10,(anonymous_2)
FN:14,(anonymous_3)
FN:18,(anonymous_4)
FN:21,(anonymous_5)
FN:22,(anonymous_6)
FN:24,(anonymous_7)
FN:29,(anonymous_8)
FN:44,(anonymous_9)
FN:46,(anonymous_10)
FN:49,(anonymous_11)
FN:57,(anonymous_12)
FN:60,(anonymous_13)
FN:67,(anonymous_14)
FN:73,(anonymous_15)
FN:76,(anonymous_16)
FN:83,(anonymous_17)
FN:89,(anonymous_18)
FN:105,(anonymous_19)
FN:106,(anonymous_20)
FN:108,(anonymous_21)
FN:113,(anonymous_22)
FN:114,(anonymous_23)
FN:116,(anonymous_24)
FN:121,(anonymous_25)
FN:128,(anonymous_26)
FN:135,(anonymous_27)
FN:137,(anonymous_28)
FN:141,(anonymous_29)
FN:147,(anonymous_30)
FN:155,(anonymous_31)
FN:158,(anonymous_32)
FN:169,(anonymous_33)
FN:175,(anonymous_34)
FN:178,(anonymous_35)
FN:190,(anonymous_36)
FNF:37
FNH:0
FNDA:0,(anonymous_0)
FNDA:0,(anonymous_1)
FNDA:0,(anonymous_2)
FNDA:0,(anonymous_3)
FNDA:0,(anonymous_4)
FNDA:0,(anonymous_5)
FNDA:0,(anonymous_6)
FNDA:0,(anonymous_7)
FNDA:0,(anonymous_8)
FNDA:0,(anonymous_9)
FNDA:0,(anonymous_10)
FNDA:0,(anonymous_11)
FNDA:0,(anonymous_12)
FNDA:0,(anonymous_13)
FNDA:0,(anonymous_14)
FNDA:0,(anonymous_15)
FNDA:0,(anonymous_16)
FNDA:0,(anonymous_17)
FNDA:0,(anonymous_18)
FNDA:0,(anonymous_19)
FNDA:0,(anonymous_20)
FNDA:0,(anonymous_21)
FNDA:0,(anonymous_22)
FNDA:0,(anonymous_23)
FNDA:0,(anonymous_24)
FNDA:0,(anonymous_25)
FNDA:0,(anonymous_26)
FNDA:0,(anonymous_27)
FNDA:0,(anonymous_28)
FNDA:0,(anonymous_29)
FNDA:0,(anonymous_30)
FNDA:0,(anonymous_31)
FNDA:0,(anonymous_32)
FNDA:0,(anonymous_33)
FNDA:0,(anonymous_34)
FNDA:0,(anonymous_35)
FNDA:0,(anonymous_36)
DA:1,5
DA:2,5
DA:3,5
DA:5,5
DA:6,0
DA:8,0
DA:11,0
DA:14,5
DA:15,0
DA:18,5
DA:19,0
DA:21,0
DA:22,0
DA:23,0
DA:25,0
DA:29,0
DA:30,0
DA:31,0
DA:36,0
DA:38,0
DA:45,0
DA:47,0
DA:50,0
DA:51,0
DA:57,5
DA:58,0
DA:59,0
DA:61,0
DA:62,0
DA:64,0
DA:68,0
DA:69,0
DA:73,5
DA:74,0
DA:75,0
DA:77,0
DA:78,0
DA:80,0
DA:84,0
DA:85,0
DA:89,5
DA:90,0
DA:91,0
DA:92,0
DA:99,0
DA:105,0
DA:106,0
DA:107,0
DA:109,0
DA:113,0
DA:114,0
DA:115,0
DA:117,0
DA:121,0
DA:122,0
DA:123,0
DA:128,0
DA:129,0
DA:130,0
DA:135,0
DA:136,0
DA:138,0
DA:139,0
DA:142,0
DA:143,0
DA:148,0
DA:149,0
DA:155,5
DA:156,0
DA:157,0
DA:159,0
DA:160,0
DA:161,0
DA:162,0
DA:164,0
DA:167,0
DA:170,0
DA:171,0
DA:175,5
DA:176,0
DA:177,0
DA:179,0
DA:180,0
DA:181,0
DA:182,0
DA:184,0
DA:185,0
DA:188,0
DA:191,0
DA:192,0
LF:90
LH:11
BRDA:30,0,0,0
BRDA:30,0,1,0
BRDA:61,1,0,0
BRDA:61,1,1,0
BRDA:68,2,0,0
BRDA:68,2,1,0
BRDA:77,3,0,0
BRDA:77,3,1,0
BRDA:84,4,0,0
BRDA:84,4,1,0
BRDA:122,5,0,0
BRDA:122,5,1,0
BRDA:129,6,0,0
BRDA:129,6,1,0
BRDA:138,7,0,0
BRDA:138,7,1,0
BRDA:159,8,0,0
BRDA:159,8,1,0
BRDA:170,9,0,0
BRDA:170,9,1,0
BRDA:179,10,0,0
BRDA:179,10,1,0
BRDA:191,11,0,0
BRDA:191,11,1,0
BRF:24
BRH:0
end_of_record
TN:
SF:middleware\index.js
FN:4,(anonymous_0)
FN:22,(anonymous_1)
FNF:2
FNH:2
FNDA:59,(anonymous_0)
FNDA:42,(anonymous_1)
DA:1,5
DA:2,5
DA:4,5
DA:5,59
DA:6,59
DA:7,17
DA:11,42
DA:18,42
DA:22,42
DA:24,42
DA:25,42
LF:11
LH:11
BRDA:6,0,0,17
BRDA:6,0,1,42
BRDA:18,1,0,0
BRDA:18,1,1,42
BRF:4
BRH:3
end_of_record
TN:
SF:middleware\passport-config.js
FN:9,(anonymous_0)
FN:26,(anonymous_1)
FN:30,(anonymous_2)
FN:31,(anonymous_3)
FNF:4
FNH:2
FNDA:4,(anonymous_0)
FNDA:2,(anonymous_1)
FNDA:0,(anonymous_2)
FNDA:0,(anonymous_3)
DA:3,5
DA:4,5
DA:5,5
DA:6,5
DA:8,5
DA:10,4
DA:11,4
DA:12,4
DA:13,1
DA:15,3
DA:16,3
DA:17,1
DA:19,2
DA:21,0
DA:26,5
DA:27,2
DA:30,5
DA:31,0
DA:32,0
LF:19
LH:16
BRDA:12,0,0,1
BRDA:12,0,1,3
BRDA:16,1,0,1
BRDA:16,1,1,2
BRF:4
BRH:4
end_of_record
TN:
SF:models\index.js
FN:20,(anonymous_0)
FN:23,(anonymous_1)
FN:28,(anonymous_2)
FNF:3
FNH:3
FNDA:20,(anonymous_0)
FNDA:15,(anonymous_1)
FNDA:15,(anonymous_2)
DA:3,5
DA:4,5
DA:5,5
DA:6,5
DA:7,5
DA:8,5
DA:9,5
DA:12,5
DA:13,0
DA:15,5
DA:18,5
DA:21,20
DA:24,15
DA:25,15
DA:28,5
DA:29,15
DA:30,15
DA:34,5
DA:35,5
DA:37,5
LF:20
LH:19
BRDA:7,0,0,5
BRDA:7,0,1,0
BRDA:12,1,0,0
BRDA:12,1,1,5
BRDA:21,2,0,20
BRDA:21,2,1,20
BRDA:21,2,2,15
BRDA:29,3,0,15
BRDA:29,3,1,0
BRF:9
BRH:6
end_of_record
TN:
SF:models\usergames.js
FN:5,(anonymous_0)
FN:12,(anonymous_1)
FNF:2
FNH:2
FNDA:5,(anonymous_0)
FNDA:5,(anonymous_1)
DA:4,5
DA:5,5
DA:14,5
DA:15,5
DA:18,5
DA:27,5
LF:6
LH:6
BRF:0
BRH:0
end_of_record
TN:
SF:models\usergamesbiodata.js
FN:5,(anonymous_0)
FN:12,(anonymous_1)
FNF:2
FNH:2
FNDA:5,(anonymous_0)
FNDA:5,(anonymous_1)
DA:4,5
DA:5,5
DA:14,5
DA:17,5
DA:29,5
LF:5
LH:5
BRF:0
BRH:0
end_of_record
TN:
SF:models\usergameshistory.js
FN:5,(anonymous_0)
FN:12,(anonymous_1)
FNF:2
FNH:2
FNDA:5,(anonymous_0)
FNDA:5,(anonymous_1)
DA:4,5
DA:5,5
DA:14,5
DA:17,5
DA:28,5
LF:5
LH:5
BRF:0
BRH:0
end_of_record
TN:
SF:routes\authApiRouter.js
FNF:0
FNH:0
DA:1,5
DA:2,5
DA:3,5
DA:5,5
DA:6,5
DA:8,5
LF:6
LH:6
BRF:0
BRH:0
end_of_record
TN:
SF:routes\authViewRouter.js
FN:14,checkNotAuthenticated
FN:29,(anonymous_1)
FNF:2
FNH:2
FNDA:4,checkNotAuthenticated
FNDA:1,(anonymous_1)
DA:1,5
DA:2,5
DA:3,5
DA:4,5
DA:5,5
DA:15,4
DA:16,0
DA:18,4
DA:21,5
DA:22,5
DA:23,5
DA:24,5
DA:29,5
DA:30,1
DA:31,1
DA:33,5
LF:16
LH:15
BRDA:15,0,0,0
BRDA:15,0,1,4
BRF:2
BRH:1
end_of_record
TN:
SF:routes\api\api.user.games.biodata.js
FNF:0
FNH:0
DA:1,5
DA:2,5
DA:3,5
DA:5,5
DA:7,5
DA:9,5
DA:11,5
DA:13,5
DA:15,5
LF:9
LH:9
BRF:0
BRH:0
end_of_record
TN:
SF:routes\api\api.user.games.history.js
FNF:0
FNH:0
DA:1,5
DA:2,5
DA:3,5
DA:5,5
DA:7,5
DA:9,5
DA:11,5
DA:13,5
DA:15,5
LF:9
LH:9
BRF:0
BRH:0
end_of_record
TN:
SF:routes\api\api.user.games.js
FNF:0
FNH:0
DA:1,5
DA:2,5
DA:3,5
DA:5,5
DA:7,5
DA:9,5
DA:11,5
DA:13,5
DA:15,5
DA:17,5
LF:10
LH:10
BRF:0
BRH:0
end_of_record
TN:
SF:routes\api\index.js
FNF:0
FNH:0
DA:1,5
DA:2,5
DA:3,5
DA:4,5
DA:5,5
DA:6,5
DA:7,5
DA:9,5
DA:10,5
DA:14,5
DA:15,5
DA:16,5
DA:18,5
LF:13
LH:13
BRF:0
BRH:0
end_of_record
TN:
SF:routes\view\index.js
FN:7,checkAuthenticated
FN:15,(anonymous_1)
FN:19,(anonymous_2)
FNF:3
FNH:2
FNDA:11,checkAuthenticated
FNDA:1,(anonymous_1)
FNDA:0,(anonymous_2)
DA:1,5
DA:2,5
DA:3,5
DA:4,5
DA:8,11
DA:9,0
DA:11,11
DA:15,5
DA:16,1
DA:19,5
DA:20,5
DA:21,5
DA:22,5
DA:25,5
LF:14
LH:13
BRDA:8,0,0,0
BRDA:8,0,1,11
BRF:2
BRH:1
end_of_record
TN:
SF:routes\view\userGamesBiodataRouter.js
FNF:0
FNH:0
DA:1,5
DA:2,5
DA:3,5
DA:5,5
DA:7,5
DA:8,5
DA:10,5
DA:11,5
DA:13,5
DA:14,5
DA:17,5
LF:11
LH:11
BRF:0
BRH:0
end_of_record
TN:
SF:routes\view\userGamesHistoryRouter.js
FNF:0
FNH:0
DA:1,5
DA:2,5
DA:3,5
DA:5,5
DA:7,5
DA:8,5
DA:10,5
DA:11,5
DA:12,5
DA:14,5
DA:15,5
DA:18,5
LF:12
LH:12
BRF:0
BRH:0
end_of_record
TN:
SF:routes\view\userGamesRouter.js
FNF:0
FNH:0
DA:1,5
DA:2,5
DA:3,5
DA:4,5
DA:5,5
DA:7,5
DA:9,5
DA:10,5
DA:12,5
DA:13,5
DA:15,5
DA:16,5
DA:18,5
DA:19,5
DA:21,5
DA:22,5
DA:24,5
DA:25,5
DA:27,5
DA:28,5
DA:29,5
DA:31,5
LF:22
LH:22
BRF:0
BRH:0
end_of_record
